CRITICAL - 2022-08-10 00:10:13 --> syntax error, unexpected ''&nbsp;'' (T_CONSTANT_ENCAPSED_STRING), expecting ',' or ';'
#0 /var/www/rddspm/system/View/View.php(213): CodeIgniter\View\View->CodeIgniter\View\{closure}()
#1 /var/www/rddspm/system/Common.php(1089): CodeIgniter\View\View->render('dashboard-io', Array, true)
#2 /var/www/rddspm/app/Controllers/MonitoringDioController.php(27): view('dashboard-io', Array)
#3 /var/www/rddspm/system/CodeIgniter.php(832): App\Controllers\MonitoringDioController->input_output()
#4 /var/www/rddspm/system/CodeIgniter.php(419): CodeIgniter\CodeIgniter->runController(Object(App\Controllers\MonitoringDioController))
#5 /var/www/rddspm/system/CodeIgniter.php(326): CodeIgniter\CodeIgniter->handleRequest(NULL, Object(Config\Cache), false)
#6 /var/www/rddspm/public/index.php(38): CodeIgniter\CodeIgniter->run()
#7 /var/www/rddspm/system/Commands/Server/rewrite.php(43): require_once('/var/www/rddspm...')
#8 {main}
CRITICAL - 2022-08-10 00:37:39 --> Undefined variable: scc1
#0 /var/www/rddspm/app/Views/chart/Chart-data-recti.php(3): CodeIgniter\Debug\Exceptions->errorHandler(8, 'Undefined varia...', '/var/www/rddspm...', 3, Array)
#1 /var/www/rddspm/system/View/View.php(210): include('/var/www/rddspm...')
#2 /var/www/rddspm/system/View/View.php(213): CodeIgniter\View\View->CodeIgniter\View\{closure}()
#3 /var/www/rddspm/system/View/View.php(424): CodeIgniter\View\View->render('chart/Chart-dat...', NULL, true)
#4 /var/www/rddspm/app/Views/dashboard-rectifier.php(149): CodeIgniter\View\View->include('chart/Chart-dat...')
#5 /var/www/rddspm/system/View/View.php(210): include('/var/www/rddspm...')
#6 /var/www/rddspm/system/View/View.php(213): CodeIgniter\View\View->CodeIgniter\View\{closure}()
#7 /var/www/rddspm/system/Common.php(1089): CodeIgniter\View\View->render('dashboard-recti...', Array, true)
#8 /var/www/rddspm/app/Controllers/MonitoringDashController.php(31): view('dashboard-recti...', Array)
#9 /var/www/rddspm/system/CodeIgniter.php(832): App\Controllers\MonitoringDashController->main_dashboard()
#10 /var/www/rddspm/system/CodeIgniter.php(419): CodeIgniter\CodeIgniter->runController(Object(App\Controllers\MonitoringDashController))
#11 /var/www/rddspm/system/CodeIgniter.php(326): CodeIgniter\CodeIgniter->handleRequest(NULL, Object(Config\Cache), false)
#12 /var/www/rddspm/public/index.php(38): CodeIgniter\CodeIgniter->run()
#13 /var/www/rddspm/system/Commands/Server/rewrite.php(43): require_once('/var/www/rddspm...')
#14 {main}
CRITICAL - 2022-08-10 00:37:54 --> Undefined variable: scc1
#0 /var/www/rddspm/app/Views/chart/Chart-data-recti.php(3): CodeIgniter\Debug\Exceptions->errorHandler(8, 'Undefined varia...', '/var/www/rddspm...', 3, Array)
#1 /var/www/rddspm/system/View/View.php(210): include('/var/www/rddspm...')
#2 /var/www/rddspm/system/View/View.php(213): CodeIgniter\View\View->CodeIgniter\View\{closure}()
#3 /var/www/rddspm/system/View/View.php(424): CodeIgniter\View\View->render('chart/Chart-dat...', NULL, true)
#4 /var/www/rddspm/app/Views/dashboard-rectifier.php(149): CodeIgniter\View\View->include('chart/Chart-dat...')
#5 /var/www/rddspm/system/View/View.php(210): include('/var/www/rddspm...')
#6 /var/www/rddspm/system/View/View.php(213): CodeIgniter\View\View->CodeIgniter\View\{closure}()
#7 /var/www/rddspm/system/Common.php(1089): CodeIgniter\View\View->render('dashboard-recti...', Array, true)
#8 /var/www/rddspm/app/Controllers/MonitoringDashController.php(31): view('dashboard-recti...', Array)
#9 /var/www/rddspm/system/CodeIgniter.php(832): App\Controllers\MonitoringDashController->main_dashboard()
#10 /var/www/rddspm/system/CodeIgniter.php(419): CodeIgniter\CodeIgniter->runController(Object(App\Controllers\MonitoringDashController))
#11 /var/www/rddspm/system/CodeIgniter.php(326): CodeIgniter\CodeIgniter->handleRequest(NULL, Object(Config\Cache), false)
#12 /var/www/rddspm/public/index.php(38): CodeIgniter\CodeIgniter->run()
#13 /var/www/rddspm/system/Commands/Server/rewrite.php(43): require_once('/var/www/rddspm...')
#14 {main}
CRITICAL - 2022-08-10 00:38:06 --> Undefined variable: scc1
#0 /var/www/rddspm/app/Views/chart/Chart-data-recti.php(3): CodeIgniter\Debug\Exceptions->errorHandler(8, 'Undefined varia...', '/var/www/rddspm...', 3, Array)
#1 /var/www/rddspm/system/View/View.php(210): include('/var/www/rddspm...')
#2 /var/www/rddspm/system/View/View.php(213): CodeIgniter\View\View->CodeIgniter\View\{closure}()
#3 /var/www/rddspm/system/View/View.php(424): CodeIgniter\View\View->render('chart/Chart-dat...', NULL, true)
#4 /var/www/rddspm/app/Views/dashboard-rectifier.php(149): CodeIgniter\View\View->include('chart/Chart-dat...')
#5 /var/www/rddspm/system/View/View.php(210): include('/var/www/rddspm...')
#6 /var/www/rddspm/system/View/View.php(213): CodeIgniter\View\View->CodeIgniter\View\{closure}()
#7 /var/www/rddspm/system/Common.php(1089): CodeIgniter\View\View->render('dashboard-recti...', Array, true)
#8 /var/www/rddspm/app/Controllers/MonitoringDashController.php(31): view('dashboard-recti...', Array)
#9 /var/www/rddspm/system/CodeIgniter.php(832): App\Controllers\MonitoringDashController->main_dashboard()
#10 /var/www/rddspm/system/CodeIgniter.php(419): CodeIgniter\CodeIgniter->runController(Object(App\Controllers\MonitoringDashController))
#11 /var/www/rddspm/system/CodeIgniter.php(326): CodeIgniter\CodeIgniter->handleRequest(NULL, Object(Config\Cache), false)
#12 /var/www/rddspm/public/index.php(38): CodeIgniter\CodeIgniter->run()
#13 /var/www/rddspm/system/Commands/Server/rewrite.php(43): require_once('/var/www/rddspm...')
#14 {main}
CRITICAL - 2022-08-10 00:44:50 --> Undefined offset: 4
#0 /var/www/rddspm/app/Views/chart/Chart-data-recti.php(40): CodeIgniter\Debug\Exceptions->errorHandler(8, 'Undefined offse...', '/var/www/rddspm...', 40, Array)
#1 /var/www/rddspm/system/View/View.php(210): include('/var/www/rddspm...')
#2 /var/www/rddspm/system/View/View.php(213): CodeIgniter\View\View->CodeIgniter\View\{closure}()
#3 /var/www/rddspm/system/View/View.php(424): CodeIgniter\View\View->render('chart/Chart-dat...', NULL, true)
#4 /var/www/rddspm/app/Views/dashboard-rectifier.php(149): CodeIgniter\View\View->include('chart/Chart-dat...')
#5 /var/www/rddspm/system/View/View.php(210): include('/var/www/rddspm...')
#6 /var/www/rddspm/system/View/View.php(213): CodeIgniter\View\View->CodeIgniter\View\{closure}()
#7 /var/www/rddspm/system/Common.php(1089): CodeIgniter\View\View->render('dashboard-recti...', Array, true)
#8 /var/www/rddspm/app/Controllers/MonitoringDashController.php(31): view('dashboard-recti...', Array)
#9 /var/www/rddspm/system/CodeIgniter.php(832): App\Controllers\MonitoringDashController->main_dashboard()
#10 /var/www/rddspm/system/CodeIgniter.php(419): CodeIgniter\CodeIgniter->runController(Object(App\Controllers\MonitoringDashController))
#11 /var/www/rddspm/system/CodeIgniter.php(326): CodeIgniter\CodeIgniter->handleRequest(NULL, Object(Config\Cache), false)
#12 /var/www/rddspm/public/index.php(38): CodeIgniter\CodeIgniter->run()
#13 /var/www/rddspm/system/Commands/Server/rewrite.php(43): require_once('/var/www/rddspm...')
#14 {main}
CRITICAL - 2022-08-10 00:45:39 --> Undefined offset: 5
#0 /var/www/rddspm/app/Views/chart/Chart-data-recti.php(137): CodeIgniter\Debug\Exceptions->errorHandler(8, 'Undefined offse...', '/var/www/rddspm...', 137, Array)
#1 /var/www/rddspm/system/View/View.php(210): include('/var/www/rddspm...')
#2 /var/www/rddspm/system/View/View.php(213): CodeIgniter\View\View->CodeIgniter\View\{closure}()
#3 /var/www/rddspm/system/View/View.php(424): CodeIgniter\View\View->render('chart/Chart-dat...', NULL, true)
#4 /var/www/rddspm/app/Views/dashboard-rectifier.php(149): CodeIgniter\View\View->include('chart/Chart-dat...')
#5 /var/www/rddspm/system/View/View.php(210): include('/var/www/rddspm...')
#6 /var/www/rddspm/system/View/View.php(213): CodeIgniter\View\View->CodeIgniter\View\{closure}()
#7 /var/www/rddspm/system/Common.php(1089): CodeIgniter\View\View->render('dashboard-recti...', Array, true)
#8 /var/www/rddspm/app/Controllers/MonitoringDashController.php(31): view('dashboard-recti...', Array)
#9 /var/www/rddspm/system/CodeIgniter.php(832): App\Controllers\MonitoringDashController->main_dashboard()
#10 /var/www/rddspm/system/CodeIgniter.php(419): CodeIgniter\CodeIgniter->runController(Object(App\Controllers\MonitoringDashController))
#11 /var/www/rddspm/system/CodeIgniter.php(326): CodeIgniter\CodeIgniter->handleRequest(NULL, Object(Config\Cache), false)
#12 /var/www/rddspm/public/index.php(38): CodeIgniter\CodeIgniter->run()
#13 /var/www/rddspm/system/Commands/Server/rewrite.php(43): require_once('/var/www/rddspm...')
#14 {main}
CRITICAL - 2022-08-10 02:40:16 --> Undefined variable: power
#0 /var/www/rddspm/app/Views/dashboard-rectifier.php(44): CodeIgniter\Debug\Exceptions->errorHandler(8, 'Undefined varia...', '/var/www/rddspm...', 44, Array)
#1 /var/www/rddspm/system/View/View.php(210): include('/var/www/rddspm...')
#2 /var/www/rddspm/system/View/View.php(213): CodeIgniter\View\View->CodeIgniter\View\{closure}()
#3 /var/www/rddspm/system/Common.php(1089): CodeIgniter\View\View->render('dashboard-recti...', Array, true)
#4 /var/www/rddspm/app/Controllers/Home.php(9): view('dashboard-recti...')
#5 /var/www/rddspm/system/CodeIgniter.php(832): App\Controllers\Home->index()
#6 /var/www/rddspm/system/CodeIgniter.php(419): CodeIgniter\CodeIgniter->runController(Object(App\Controllers\Home))
#7 /var/www/rddspm/system/CodeIgniter.php(326): CodeIgniter\CodeIgniter->handleRequest(NULL, Object(Config\Cache), false)
#8 /var/www/rddspm/public/index.php(38): CodeIgniter\CodeIgniter->run()
#9 /var/www/rddspm/system/Commands/Server/rewrite.php(43): require_once('/var/www/rddspm...')
#10 {main}
CRITICAL - 2022-08-10 02:40:24 --> Undefined variable: power
#0 /var/www/rddspm/app/Views/dashboard-rectifier.php(44): CodeIgniter\Debug\Exceptions->errorHandler(8, 'Undefined varia...', '/var/www/rddspm...', 44, Array)
#1 /var/www/rddspm/system/View/View.php(210): include('/var/www/rddspm...')
#2 /var/www/rddspm/system/View/View.php(213): CodeIgniter\View\View->CodeIgniter\View\{closure}()
#3 /var/www/rddspm/system/Common.php(1089): CodeIgniter\View\View->render('dashboard-recti...', Array, true)
#4 /var/www/rddspm/app/Controllers/Home.php(9): view('dashboard-recti...')
#5 /var/www/rddspm/system/CodeIgniter.php(832): App\Controllers\Home->index()
#6 /var/www/rddspm/system/CodeIgniter.php(419): CodeIgniter\CodeIgniter->runController(Object(App\Controllers\Home))
#7 /var/www/rddspm/system/CodeIgniter.php(326): CodeIgniter\CodeIgniter->handleRequest(NULL, Object(Config\Cache), false)
#8 /var/www/rddspm/public/index.php(38): CodeIgniter\CodeIgniter->run()
#9 /var/www/rddspm/system/Commands/Server/rewrite.php(43): require_once('/var/www/rddspm...')
#10 {main}
CRITICAL - 2022-08-10 02:41:14 --> Undefined variable: power
#0 /var/www/rddspm/app/Views/dashboard-rectifier.php(44): CodeIgniter\Debug\Exceptions->errorHandler(8, 'Undefined varia...', '/var/www/rddspm...', 44, Array)
#1 /var/www/rddspm/system/View/View.php(210): include('/var/www/rddspm...')
#2 /var/www/rddspm/system/View/View.php(213): CodeIgniter\View\View->CodeIgniter\View\{closure}()
#3 /var/www/rddspm/system/Common.php(1089): CodeIgniter\View\View->render('dashboard-recti...', Array, true)
#4 /var/www/rddspm/app/Controllers/Home.php(9): view('dashboard-recti...')
#5 /var/www/rddspm/system/CodeIgniter.php(832): App\Controllers\Home->index()
#6 /var/www/rddspm/system/CodeIgniter.php(419): CodeIgniter\CodeIgniter->runController(Object(App\Controllers\Home))
#7 /var/www/rddspm/system/CodeIgniter.php(326): CodeIgniter\CodeIgniter->handleRequest(NULL, Object(Config\Cache), false)
#8 /var/www/rddspm/public/index.php(38): CodeIgniter\CodeIgniter->run()
#9 /var/www/rddspm/system/Commands/Server/rewrite.php(43): require_once('/var/www/rddspm...')
#10 {main}
CRITICAL - 2022-08-10 02:42:54 --> Undefined variable: power
#0 /var/www/rddspm/app/Views/dashboard-rectifier.php(44): CodeIgniter\Debug\Exceptions->errorHandler(8, 'Undefined varia...', '/var/www/rddspm...', 44, Array)
#1 /var/www/rddspm/system/View/View.php(210): include('/var/www/rddspm...')
#2 /var/www/rddspm/system/View/View.php(213): CodeIgniter\View\View->CodeIgniter\View\{closure}()
#3 /var/www/rddspm/system/Common.php(1089): CodeIgniter\View\View->render('dashboard-recti...', Array, true)
#4 /var/www/rddspm/app/Controllers/Home.php(9): view('dashboard-recti...')
#5 /var/www/rddspm/system/CodeIgniter.php(832): App\Controllers\Home->index()
#6 /var/www/rddspm/system/CodeIgniter.php(419): CodeIgniter\CodeIgniter->runController(Object(App\Controllers\Home))
#7 /var/www/rddspm/system/CodeIgniter.php(326): CodeIgniter\CodeIgniter->handleRequest(NULL, Object(Config\Cache), false)
#8 /var/www/rddspm/public/index.php(38): CodeIgniter\CodeIgniter->run()
#9 /var/www/rddspm/system/Commands/Server/rewrite.php(43): require_once('/var/www/rddspm...')
#10 {main}
CRITICAL - 2022-08-10 02:42:56 --> Undefined variable: power
#0 /var/www/rddspm/app/Views/dashboard-rectifier.php(44): CodeIgniter\Debug\Exceptions->errorHandler(8, 'Undefined varia...', '/var/www/rddspm...', 44, Array)
#1 /var/www/rddspm/system/View/View.php(210): include('/var/www/rddspm...')
#2 /var/www/rddspm/system/View/View.php(213): CodeIgniter\View\View->CodeIgniter\View\{closure}()
#3 /var/www/rddspm/system/Common.php(1089): CodeIgniter\View\View->render('dashboard-recti...', Array, true)
#4 /var/www/rddspm/app/Controllers/Home.php(9): view('dashboard-recti...')
#5 /var/www/rddspm/system/CodeIgniter.php(832): App\Controllers\Home->index()
#6 /var/www/rddspm/system/CodeIgniter.php(419): CodeIgniter\CodeIgniter->runController(Object(App\Controllers\Home))
#7 /var/www/rddspm/system/CodeIgniter.php(326): CodeIgniter\CodeIgniter->handleRequest(NULL, Object(Config\Cache), false)
#8 /var/www/rddspm/public/index.php(38): CodeIgniter\CodeIgniter->run()
#9 /var/www/rddspm/system/Commands/Server/rewrite.php(43): require_once('/var/www/rddspm...')
#10 {main}
CRITICAL - 2022-08-10 02:43:02 --> Undefined variable: power
#0 /var/www/rddspm/app/Views/dashboard-rectifier.php(44): CodeIgniter\Debug\Exceptions->errorHandler(8, 'Undefined varia...', '/var/www/rddspm...', 44, Array)
#1 /var/www/rddspm/system/View/View.php(210): include('/var/www/rddspm...')
#2 /var/www/rddspm/system/View/View.php(213): CodeIgniter\View\View->CodeIgniter\View\{closure}()
#3 /var/www/rddspm/system/Common.php(1089): CodeIgniter\View\View->render('dashboard-recti...', Array, true)
#4 /var/www/rddspm/app/Controllers/Home.php(9): view('dashboard-recti...')
#5 /var/www/rddspm/system/CodeIgniter.php(832): App\Controllers\Home->index()
#6 /var/www/rddspm/system/CodeIgniter.php(419): CodeIgniter\CodeIgniter->runController(Object(App\Controllers\Home))
#7 /var/www/rddspm/system/CodeIgniter.php(326): CodeIgniter\CodeIgniter->handleRequest(NULL, Object(Config\Cache), false)
#8 /var/www/rddspm/public/index.php(38): CodeIgniter\CodeIgniter->run()
#9 /var/www/rddspm/system/Commands/Server/rewrite.php(43): require_once('/var/www/rddspm...')
#10 {main}
CRITICAL - 2022-08-10 02:43:04 --> Undefined variable: power
#0 /var/www/rddspm/app/Views/dashboard-rectifier.php(44): CodeIgniter\Debug\Exceptions->errorHandler(8, 'Undefined varia...', '/var/www/rddspm...', 44, Array)
#1 /var/www/rddspm/system/View/View.php(210): include('/var/www/rddspm...')
#2 /var/www/rddspm/system/View/View.php(213): CodeIgniter\View\View->CodeIgniter\View\{closure}()
#3 /var/www/rddspm/system/Common.php(1089): CodeIgniter\View\View->render('dashboard-recti...', Array, true)
#4 /var/www/rddspm/app/Controllers/Home.php(9): view('dashboard-recti...')
#5 /var/www/rddspm/system/CodeIgniter.php(832): App\Controllers\Home->index()
#6 /var/www/rddspm/system/CodeIgniter.php(419): CodeIgniter\CodeIgniter->runController(Object(App\Controllers\Home))
#7 /var/www/rddspm/system/CodeIgniter.php(326): CodeIgniter\CodeIgniter->handleRequest(NULL, Object(Config\Cache), false)
#8 /var/www/rddspm/public/index.php(38): CodeIgniter\CodeIgniter->run()
#9 /var/www/rddspm/system/Commands/Server/rewrite.php(43): require_once('/var/www/rddspm...')
#10 {main}
CRITICAL - 2022-08-10 02:44:08 --> Undefined variable: power
#0 /var/www/rddspm/app/Views/dashboard-rectifier.php(44): CodeIgniter\Debug\Exceptions->errorHandler(8, 'Undefined varia...', '/var/www/rddspm...', 44, Array)
#1 /var/www/rddspm/system/View/View.php(210): include('/var/www/rddspm...')
#2 /var/www/rddspm/system/View/View.php(213): CodeIgniter\View\View->CodeIgniter\View\{closure}()
#3 /var/www/rddspm/system/Common.php(1089): CodeIgniter\View\View->render('dashboard-recti...', Array, true)
#4 /var/www/rddspm/app/Controllers/Home.php(9): view('dashboard-recti...')
#5 /var/www/rddspm/system/CodeIgniter.php(832): App\Controllers\Home->index()
#6 /var/www/rddspm/system/CodeIgniter.php(419): CodeIgniter\CodeIgniter->runController(Object(App\Controllers\Home))
#7 /var/www/rddspm/system/CodeIgniter.php(326): CodeIgniter\CodeIgniter->handleRequest(NULL, Object(Config\Cache), false)
#8 /var/www/rddspm/public/index.php(38): CodeIgniter\CodeIgniter->run()
#9 /var/www/rddspm/system/Commands/Server/rewrite.php(43): require_once('/var/www/rddspm...')
#10 {main}
CRITICAL - 2022-08-10 02:44:09 --> Undefined variable: power
#0 /var/www/rddspm/app/Views/dashboard-rectifier.php(44): CodeIgniter\Debug\Exceptions->errorHandler(8, 'Undefined varia...', '/var/www/rddspm...', 44, Array)
#1 /var/www/rddspm/system/View/View.php(210): include('/var/www/rddspm...')
#2 /var/www/rddspm/system/View/View.php(213): CodeIgniter\View\View->CodeIgniter\View\{closure}()
#3 /var/www/rddspm/system/Common.php(1089): CodeIgniter\View\View->render('dashboard-recti...', Array, true)
#4 /var/www/rddspm/app/Controllers/Home.php(9): view('dashboard-recti...')
#5 /var/www/rddspm/system/CodeIgniter.php(832): App\Controllers\Home->index()
#6 /var/www/rddspm/system/CodeIgniter.php(419): CodeIgniter\CodeIgniter->runController(Object(App\Controllers\Home))
#7 /var/www/rddspm/system/CodeIgniter.php(326): CodeIgniter\CodeIgniter->handleRequest(NULL, Object(Config\Cache), false)
#8 /var/www/rddspm/public/index.php(38): CodeIgniter\CodeIgniter->run()
#9 /var/www/rddspm/system/Commands/Server/rewrite.php(43): require_once('/var/www/rddspm...')
#10 {main}
CRITICAL - 2022-08-10 02:44:16 --> Undefined variable: power
#0 /var/www/rddspm/app/Views/dashboard-rectifier.php(44): CodeIgniter\Debug\Exceptions->errorHandler(8, 'Undefined varia...', '/var/www/rddspm...', 44, Array)
#1 /var/www/rddspm/system/View/View.php(210): include('/var/www/rddspm...')
#2 /var/www/rddspm/system/View/View.php(213): CodeIgniter\View\View->CodeIgniter\View\{closure}()
#3 /var/www/rddspm/system/Common.php(1089): CodeIgniter\View\View->render('dashboard-recti...', Array, true)
#4 /var/www/rddspm/app/Controllers/Home.php(9): view('dashboard-recti...')
#5 /var/www/rddspm/system/CodeIgniter.php(832): App\Controllers\Home->index()
#6 /var/www/rddspm/system/CodeIgniter.php(419): CodeIgniter\CodeIgniter->runController(Object(App\Controllers\Home))
#7 /var/www/rddspm/system/CodeIgniter.php(326): CodeIgniter\CodeIgniter->handleRequest(NULL, Object(Config\Cache), false)
#8 /var/www/rddspm/public/index.php(38): CodeIgniter\CodeIgniter->run()
#9 /var/www/rddspm/system/Commands/Server/rewrite.php(43): require_once('/var/www/rddspm...')
#10 {main}
CRITICAL - 2022-08-10 02:44:27 --> Undefined variable: power
#0 /var/www/rddspm/app/Views/dashboard-rectifier.php(44): CodeIgniter\Debug\Exceptions->errorHandler(8, 'Undefined varia...', '/var/www/rddspm...', 44, Array)
#1 /var/www/rddspm/system/View/View.php(210): include('/var/www/rddspm...')
#2 /var/www/rddspm/system/View/View.php(213): CodeIgniter\View\View->CodeIgniter\View\{closure}()
#3 /var/www/rddspm/system/Common.php(1089): CodeIgniter\View\View->render('dashboard-recti...', Array, true)
#4 /var/www/rddspm/app/Controllers/Home.php(9): view('dashboard-recti...')
#5 /var/www/rddspm/system/CodeIgniter.php(832): App\Controllers\Home->index()
#6 /var/www/rddspm/system/CodeIgniter.php(419): CodeIgniter\CodeIgniter->runController(Object(App\Controllers\Home))
#7 /var/www/rddspm/system/CodeIgniter.php(326): CodeIgniter\CodeIgniter->handleRequest(NULL, Object(Config\Cache), false)
#8 /var/www/rddspm/public/index.php(38): CodeIgniter\CodeIgniter->run()
#9 /var/www/rddspm/system/Commands/Server/rewrite.php(43): require_once('/var/www/rddspm...')
#10 {main}
CRITICAL - 2022-08-10 02:47:10 --> Undefined variable: power
#0 /var/www/rddspm/app/Views/dashboard-rectifier.php(44): CodeIgniter\Debug\Exceptions->errorHandler(8, 'Undefined varia...', '/var/www/rddspm...', 44, Array)
#1 /var/www/rddspm/system/View/View.php(210): include('/var/www/rddspm...')
#2 /var/www/rddspm/system/View/View.php(213): CodeIgniter\View\View->CodeIgniter\View\{closure}()
#3 /var/www/rddspm/system/Common.php(1089): CodeIgniter\View\View->render('dashboard-recti...', Array, true)
#4 /var/www/rddspm/app/Controllers/Home.php(9): view('dashboard-recti...')
#5 /var/www/rddspm/system/CodeIgniter.php(832): App\Controllers\Home->index()
#6 /var/www/rddspm/system/CodeIgniter.php(419): CodeIgniter\CodeIgniter->runController(Object(App\Controllers\Home))
#7 /var/www/rddspm/system/CodeIgniter.php(326): CodeIgniter\CodeIgniter->handleRequest(NULL, Object(Config\Cache), false)
#8 /var/www/rddspm/public/index.php(38): CodeIgniter\CodeIgniter->run()
#9 /var/www/rddspm/system/Commands/Server/rewrite.php(43): require_once('/var/www/rddspm...')
#10 {main}
CRITICAL - 2022-08-10 02:48:59 --> Undefined variable: power
#0 /var/www/rddspm/app/Views/dashboard-rectifier.php(44): CodeIgniter\Debug\Exceptions->errorHandler(8, 'Undefined varia...', '/var/www/rddspm...', 44, Array)
#1 /var/www/rddspm/system/View/View.php(210): include('/var/www/rddspm...')
#2 /var/www/rddspm/system/View/View.php(213): CodeIgniter\View\View->CodeIgniter\View\{closure}()
#3 /var/www/rddspm/system/Common.php(1089): CodeIgniter\View\View->render('dashboard-recti...', Array, true)
#4 /var/www/rddspm/app/Controllers/Home.php(9): view('dashboard-recti...')
#5 /var/www/rddspm/system/CodeIgniter.php(832): App\Controllers\Home->index()
#6 /var/www/rddspm/system/CodeIgniter.php(419): CodeIgniter\CodeIgniter->runController(Object(App\Controllers\Home))
#7 /var/www/rddspm/system/CodeIgniter.php(326): CodeIgniter\CodeIgniter->handleRequest(NULL, Object(Config\Cache), false)
#8 /var/www/rddspm/public/index.php(38): CodeIgniter\CodeIgniter->run()
#9 /var/www/rddspm/system/Commands/Server/rewrite.php(43): require_once('/var/www/rddspm...')
#10 {main}
CRITICAL - 2022-08-10 02:49:04 --> Undefined variable: power
#0 /var/www/rddspm/app/Views/dashboard-rectifier.php(44): CodeIgniter\Debug\Exceptions->errorHandler(8, 'Undefined varia...', '/var/www/rddspm...', 44, Array)
#1 /var/www/rddspm/system/View/View.php(210): include('/var/www/rddspm...')
#2 /var/www/rddspm/system/View/View.php(213): CodeIgniter\View\View->CodeIgniter\View\{closure}()
#3 /var/www/rddspm/system/Common.php(1089): CodeIgniter\View\View->render('dashboard-recti...', Array, true)
#4 /var/www/rddspm/app/Controllers/Home.php(9): view('dashboard-recti...')
#5 /var/www/rddspm/system/CodeIgniter.php(832): App\Controllers\Home->index()
#6 /var/www/rddspm/system/CodeIgniter.php(419): CodeIgniter\CodeIgniter->runController(Object(App\Controllers\Home))
#7 /var/www/rddspm/system/CodeIgniter.php(326): CodeIgniter\CodeIgniter->handleRequest(NULL, Object(Config\Cache), false)
#8 /var/www/rddspm/public/index.php(38): CodeIgniter\CodeIgniter->run()
#9 /var/www/rddspm/system/Commands/Server/rewrite.php(43): require_once('/var/www/rddspm...')
#10 {main}
CRITICAL - 2022-08-10 02:49:37 --> Undefined variable: power
#0 /var/www/rddspm/app/Views/dashboard-rectifier.php(44): CodeIgniter\Debug\Exceptions->errorHandler(8, 'Undefined varia...', '/var/www/rddspm...', 44, Array)
#1 /var/www/rddspm/system/View/View.php(210): include('/var/www/rddspm...')
#2 /var/www/rddspm/system/View/View.php(213): CodeIgniter\View\View->CodeIgniter\View\{closure}()
#3 /var/www/rddspm/system/Common.php(1089): CodeIgniter\View\View->render('dashboard-recti...', Array, true)
#4 /var/www/rddspm/app/Controllers/Home.php(9): view('dashboard-recti...')
#5 /var/www/rddspm/system/CodeIgniter.php(832): App\Controllers\Home->index()
#6 /var/www/rddspm/system/CodeIgniter.php(419): CodeIgniter\CodeIgniter->runController(Object(App\Controllers\Home))
#7 /var/www/rddspm/system/CodeIgniter.php(326): CodeIgniter\CodeIgniter->handleRequest(NULL, Object(Config\Cache), false)
#8 /var/www/rddspm/public/index.php(38): CodeIgniter\CodeIgniter->run()
#9 /var/www/rddspm/system/Commands/Server/rewrite.php(43): require_once('/var/www/rddspm...')
#10 {main}
CRITICAL - 2022-08-10 02:49:40 --> Undefined variable: power
#0 /var/www/rddspm/app/Views/dashboard-rectifier.php(44): CodeIgniter\Debug\Exceptions->errorHandler(8, 'Undefined varia...', '/var/www/rddspm...', 44, Array)
#1 /var/www/rddspm/system/View/View.php(210): include('/var/www/rddspm...')
#2 /var/www/rddspm/system/View/View.php(213): CodeIgniter\View\View->CodeIgniter\View\{closure}()
#3 /var/www/rddspm/system/Common.php(1089): CodeIgniter\View\View->render('dashboard-recti...', Array, true)
#4 /var/www/rddspm/app/Controllers/Home.php(9): view('dashboard-recti...')
#5 /var/www/rddspm/system/CodeIgniter.php(832): App\Controllers\Home->index()
#6 /var/www/rddspm/system/CodeIgniter.php(419): CodeIgniter\CodeIgniter->runController(Object(App\Controllers\Home))
#7 /var/www/rddspm/system/CodeIgniter.php(326): CodeIgniter\CodeIgniter->handleRequest(NULL, Object(Config\Cache), false)
#8 /var/www/rddspm/public/index.php(38): CodeIgniter\CodeIgniter->run()
#9 /var/www/rddspm/system/Commands/Server/rewrite.php(43): require_once('/var/www/rddspm...')
#10 {main}
CRITICAL - 2022-08-10 02:49:55 --> Undefined variable: power
#0 /var/www/rddspm/app/Views/dashboard-rectifier.php(44): CodeIgniter\Debug\Exceptions->errorHandler(8, 'Undefined varia...', '/var/www/rddspm...', 44, Array)
#1 /var/www/rddspm/system/View/View.php(210): include('/var/www/rddspm...')
#2 /var/www/rddspm/system/View/View.php(213): CodeIgniter\View\View->CodeIgniter\View\{closure}()
#3 /var/www/rddspm/system/Common.php(1089): CodeIgniter\View\View->render('dashboard-recti...', Array, true)
#4 /var/www/rddspm/app/Controllers/Home.php(9): view('dashboard-recti...')
#5 /var/www/rddspm/system/CodeIgniter.php(832): App\Controllers\Home->index()
#6 /var/www/rddspm/system/CodeIgniter.php(419): CodeIgniter\CodeIgniter->runController(Object(App\Controllers\Home))
#7 /var/www/rddspm/system/CodeIgniter.php(326): CodeIgniter\CodeIgniter->handleRequest(NULL, Object(Config\Cache), false)
#8 /var/www/rddspm/public/index.php(38): CodeIgniter\CodeIgniter->run()
#9 /var/www/rddspm/system/Commands/Server/rewrite.php(43): require_once('/var/www/rddspm...')
#10 {main}
CRITICAL - 2022-08-10 02:49:58 --> Undefined variable: power
#0 /var/www/rddspm/app/Views/dashboard-rectifier.php(44): CodeIgniter\Debug\Exceptions->errorHandler(8, 'Undefined varia...', '/var/www/rddspm...', 44, Array)
#1 /var/www/rddspm/system/View/View.php(210): include('/var/www/rddspm...')
#2 /var/www/rddspm/system/View/View.php(213): CodeIgniter\View\View->CodeIgniter\View\{closure}()
#3 /var/www/rddspm/system/Common.php(1089): CodeIgniter\View\View->render('dashboard-recti...', Array, true)
#4 /var/www/rddspm/app/Controllers/Home.php(9): view('dashboard-recti...')
#5 /var/www/rddspm/system/CodeIgniter.php(832): App\Controllers\Home->index()
#6 /var/www/rddspm/system/CodeIgniter.php(419): CodeIgniter\CodeIgniter->runController(Object(App\Controllers\Home))
#7 /var/www/rddspm/system/CodeIgniter.php(326): CodeIgniter\CodeIgniter->handleRequest(NULL, Object(Config\Cache), false)
#8 /var/www/rddspm/public/index.php(38): CodeIgniter\CodeIgniter->run()
#9 /var/www/rddspm/system/Commands/Server/rewrite.php(43): require_once('/var/www/rddspm...')
#10 {main}
CRITICAL - 2022-08-10 03:06:26 --> Trying to get property 'site_id' of non-object
#0 /var/www/rddspm/app/Views/dashboard-settings.php(41): CodeIgniter\Debug\Exceptions->errorHandler(8, 'Trying to get p...', '/var/www/rddspm...', 41, Array)
#1 /var/www/rddspm/system/View/View.php(210): include('/var/www/rddspm...')
#2 /var/www/rddspm/system/View/View.php(213): CodeIgniter\View\View->CodeIgniter\View\{closure}()
#3 /var/www/rddspm/system/Common.php(1089): CodeIgniter\View\View->render('dashboard-setti...', Array, true)
#4 /var/www/rddspm/app/Controllers/SiteInfoController.php(23): view('dashboard-setti...', Array)
#5 /var/www/rddspm/system/CodeIgniter.php(832): App\Controllers\SiteInfoController->site_info()
#6 /var/www/rddspm/system/CodeIgniter.php(419): CodeIgniter\CodeIgniter->runController(Object(App\Controllers\SiteInfoController))
#7 /var/www/rddspm/system/CodeIgniter.php(326): CodeIgniter\CodeIgniter->handleRequest(NULL, Object(Config\Cache), false)
#8 /var/www/rddspm/public/index.php(38): CodeIgniter\CodeIgniter->run()
#9 /var/www/rddspm/system/Commands/Server/rewrite.php(43): require_once('/var/www/rddspm...')
#10 {main}
CRITICAL - 2022-08-10 03:33:16 --> syntax error, unexpected end of file, expecting function (T_FUNCTION) or const (T_CONST)
#0 /var/www/rddspm/system/Autoloader/Autoloader.php(241): CodeIgniter\Autoloader\Autoloader->includeFile('/var/www/rddspm...')
#1 /var/www/rddspm/system/Autoloader/Autoloader.php(219): CodeIgniter\Autoloader\Autoloader->loadInNamespace('App\\Controllers...')
#2 [internal function]: CodeIgniter\Autoloader\Autoloader->loadClass('App\\Controllers...')
#3 [internal function]: spl_autoload_call('App\\Controllers...')
#4 /var/www/rddspm/system/CodeIgniter.php(797): class_exists('\\App\\Controller...', true)
#5 /var/www/rddspm/system/CodeIgniter.php(406): CodeIgniter\CodeIgniter->startController()
#6 /var/www/rddspm/system/CodeIgniter.php(326): CodeIgniter\CodeIgniter->handleRequest(NULL, Object(Config\Cache), false)
#7 /var/www/rddspm/public/index.php(38): CodeIgniter\CodeIgniter->run()
#8 /var/www/rddspm/system/Commands/Server/rewrite.php(43): require_once('/var/www/rddspm...')
#9 {main}
CRITICAL - 2022-08-10 03:35:50 --> Undefined property: App\Controllers\SiteInfoController::$input
#0 /var/www/rddspm/app/Controllers/SiteInfoController.php(32): CodeIgniter\Debug\Exceptions->errorHandler(8, 'Undefined prope...', '/var/www/rddspm...', 32, Array)
#1 /var/www/rddspm/system/CodeIgniter.php(832): App\Controllers\SiteInfoController->save_network()
#2 /var/www/rddspm/system/CodeIgniter.php(419): CodeIgniter\CodeIgniter->runController(Object(App\Controllers\SiteInfoController))
#3 /var/www/rddspm/system/CodeIgniter.php(326): CodeIgniter\CodeIgniter->handleRequest(NULL, Object(Config\Cache), false)
#4 /var/www/rddspm/public/index.php(38): CodeIgniter\CodeIgniter->run()
#5 /var/www/rddspm/system/Commands/Server/rewrite.php(43): require_once('/var/www/rddspm...')
#6 {main}
CRITICAL - 2022-08-10 03:37:52 --> Undefined property: App\Controllers\SiteInfoController::$input
#0 /var/www/rddspm/app/Controllers/SiteInfoController.php(32): CodeIgniter\Debug\Exceptions->errorHandler(8, 'Undefined prope...', '/var/www/rddspm...', 32, Array)
#1 /var/www/rddspm/system/CodeIgniter.php(832): App\Controllers\SiteInfoController->save_network()
#2 /var/www/rddspm/system/CodeIgniter.php(419): CodeIgniter\CodeIgniter->runController(Object(App\Controllers\SiteInfoController))
#3 /var/www/rddspm/system/CodeIgniter.php(326): CodeIgniter\CodeIgniter->handleRequest(NULL, Object(Config\Cache), false)
#4 /var/www/rddspm/public/index.php(38): CodeIgniter\CodeIgniter->run()
#5 /var/www/rddspm/system/Commands/Server/rewrite.php(43): require_once('/var/www/rddspm...')
#6 {main}
CRITICAL - 2022-08-10 04:53:56 --> There is no data to update.
#0 /var/www/rddspm/system/BaseModel.php(1574): CodeIgniter\Database\Exceptions\DataException::forEmptyDataset('update')
#1 /var/www/rddspm/system/BaseModel.php(832): CodeIgniter\BaseModel->transformDataToArray(NULL, 'update')
#2 /var/www/rddspm/system/Model.php(651): CodeIgniter\BaseModel->update(Array, NULL)
#3 /var/www/rddspm/app/Controllers/SiteInfoController.php(49): CodeIgniter\Model->update(Array)
#4 /var/www/rddspm/system/CodeIgniter.php(832): App\Controllers\SiteInfoController->save_network()
#5 /var/www/rddspm/system/CodeIgniter.php(419): CodeIgniter\CodeIgniter->runController(Object(App\Controllers\SiteInfoController))
#6 /var/www/rddspm/system/CodeIgniter.php(326): CodeIgniter\CodeIgniter->handleRequest(NULL, Object(Config\Cache), false)
#7 /var/www/rddspm/public/index.php(38): CodeIgniter\CodeIgniter->run()
#8 /var/www/rddspm/system/Commands/Server/rewrite.php(43): require_once('/var/www/rddspm...')
#9 {main}
CRITICAL - 2022-08-10 04:54:34 --> There is no data to update.
#0 /var/www/rddspm/system/BaseModel.php(846): CodeIgniter\Database\Exceptions\DataException::forEmptyDataset('update')
#1 /var/www/rddspm/system/Model.php(651): CodeIgniter\BaseModel->update(Array, Array)
#2 /var/www/rddspm/app/Controllers/SiteInfoController.php(49): CodeIgniter\Model->update(1, Array)
#3 /var/www/rddspm/system/CodeIgniter.php(832): App\Controllers\SiteInfoController->save_network()
#4 /var/www/rddspm/system/CodeIgniter.php(419): CodeIgniter\CodeIgniter->runController(Object(App\Controllers\SiteInfoController))
#5 /var/www/rddspm/system/CodeIgniter.php(326): CodeIgniter\CodeIgniter->handleRequest(NULL, Object(Config\Cache), false)
#6 /var/www/rddspm/public/index.php(38): CodeIgniter\CodeIgniter->run()
#7 /var/www/rddspm/system/Commands/Server/rewrite.php(43): require_once('/var/www/rddspm...')
#8 {main}
CRITICAL - 2022-08-10 04:59:19 --> Array to string conversion
#0 /var/www/rddspm/app/Controllers/SiteInfoController.php(38): CodeIgniter\Debug\Exceptions->errorHandler(8, 'Array to string...', '/var/www/rddspm...', 38, Array)
#1 /var/www/rddspm/system/CodeIgniter.php(832): App\Controllers\SiteInfoController->save_network()
#2 /var/www/rddspm/system/CodeIgniter.php(419): CodeIgniter\CodeIgniter->runController(Object(App\Controllers\SiteInfoController))
#3 /var/www/rddspm/system/CodeIgniter.php(326): CodeIgniter\CodeIgniter->handleRequest(NULL, Object(Config\Cache), false)
#4 /var/www/rddspm/public/index.php(38): CodeIgniter\CodeIgniter->run()
#5 /var/www/rddspm/system/Commands/Server/rewrite.php(43): require_once('/var/www/rddspm...')
#6 {main}
CRITICAL - 2022-08-10 05:01:09 --> There is no data to update.
#0 /var/www/rddspm/system/BaseModel.php(846): CodeIgniter\Database\Exceptions\DataException::forEmptyDataset('update')
#1 /var/www/rddspm/system/Model.php(651): CodeIgniter\BaseModel->update(Array, Array)
#2 /var/www/rddspm/app/Controllers/SiteInfoController.php(49): CodeIgniter\Model->update(1, Array)
#3 /var/www/rddspm/system/CodeIgniter.php(832): App\Controllers\SiteInfoController->save_network()
#4 /var/www/rddspm/system/CodeIgniter.php(419): CodeIgniter\CodeIgniter->runController(Object(App\Controllers\SiteInfoController))
#5 /var/www/rddspm/system/CodeIgniter.php(326): CodeIgniter\CodeIgniter->handleRequest(NULL, Object(Config\Cache), false)
#6 /var/www/rddspm/public/index.php(38): CodeIgniter\CodeIgniter->run()
#7 /var/www/rddspm/system/Commands/Server/rewrite.php(43): require_once('/var/www/rddspm...')
#8 {main}
CRITICAL - 2022-08-10 05:02:10 --> There is no data to update.
#0 /var/www/rddspm/system/BaseModel.php(846): CodeIgniter\Database\Exceptions\DataException::forEmptyDataset('update')
#1 /var/www/rddspm/system/Model.php(651): CodeIgniter\BaseModel->update(Array, Array)
#2 /var/www/rddspm/app/Controllers/SiteInfoController.php(49): CodeIgniter\Model->update(1, Array)
#3 /var/www/rddspm/system/CodeIgniter.php(832): App\Controllers\SiteInfoController->save_network()
#4 /var/www/rddspm/system/CodeIgniter.php(419): CodeIgniter\CodeIgniter->runController(Object(App\Controllers\SiteInfoController))
#5 /var/www/rddspm/system/CodeIgniter.php(326): CodeIgniter\CodeIgniter->handleRequest(NULL, Object(Config\Cache), false)
#6 /var/www/rddspm/public/index.php(38): CodeIgniter\CodeIgniter->run()
#7 /var/www/rddspm/system/Commands/Server/rewrite.php(43): require_once('/var/www/rddspm...')
#8 {main}
CRITICAL - 2022-08-10 05:02:42 --> There is no data to update.
#0 /var/www/rddspm/system/BaseModel.php(846): CodeIgniter\Database\Exceptions\DataException::forEmptyDataset('update')
#1 /var/www/rddspm/system/Model.php(651): CodeIgniter\BaseModel->update(Array, Array)
#2 /var/www/rddspm/app/Controllers/SiteInfoController.php(49): CodeIgniter\Model->update(1, Array)
#3 /var/www/rddspm/system/CodeIgniter.php(832): App\Controllers\SiteInfoController->save_network()
#4 /var/www/rddspm/system/CodeIgniter.php(419): CodeIgniter\CodeIgniter->runController(Object(App\Controllers\SiteInfoController))
#5 /var/www/rddspm/system/CodeIgniter.php(326): CodeIgniter\CodeIgniter->handleRequest(NULL, Object(Config\Cache), false)
#6 /var/www/rddspm/public/index.php(38): CodeIgniter\CodeIgniter->run()
#7 /var/www/rddspm/system/Commands/Server/rewrite.php(43): require_once('/var/www/rddspm...')
#8 {main}
CRITICAL - 2022-08-10 05:04:28 --> There is no data to update.
#0 /var/www/rddspm/system/BaseModel.php(846): CodeIgniter\Database\Exceptions\DataException::forEmptyDataset('update')
#1 /var/www/rddspm/system/Model.php(651): CodeIgniter\BaseModel->update(NULL, Array)
#2 /var/www/rddspm/app/Controllers/SiteInfoController.php(50): CodeIgniter\Model->update(NULL, Array)
#3 /var/www/rddspm/system/CodeIgniter.php(832): App\Controllers\SiteInfoController->save_network()
#4 /var/www/rddspm/system/CodeIgniter.php(419): CodeIgniter\CodeIgniter->runController(Object(App\Controllers\SiteInfoController))
#5 /var/www/rddspm/system/CodeIgniter.php(326): CodeIgniter\CodeIgniter->handleRequest(NULL, Object(Config\Cache), false)
#6 /var/www/rddspm/public/index.php(38): CodeIgniter\CodeIgniter->run()
#7 /var/www/rddspm/system/Commands/Server/rewrite.php(43): require_once('/var/www/rddspm...')
#8 {main}
CRITICAL - 2022-08-10 05:06:53 --> There is no data to update.
#0 /var/www/rddspm/system/BaseModel.php(846): CodeIgniter\Database\Exceptions\DataException::forEmptyDataset('update')
#1 /var/www/rddspm/system/Model.php(651): CodeIgniter\BaseModel->update(Array, Array)
#2 /var/www/rddspm/app/Controllers/SiteInfoController.php(50): CodeIgniter\Model->update(1, Array)
#3 /var/www/rddspm/system/CodeIgniter.php(832): App\Controllers\SiteInfoController->save_network()
#4 /var/www/rddspm/system/CodeIgniter.php(419): CodeIgniter\CodeIgniter->runController(Object(App\Controllers\SiteInfoController))
#5 /var/www/rddspm/system/CodeIgniter.php(326): CodeIgniter\CodeIgniter->handleRequest(NULL, Object(Config\Cache), false)
#6 /var/www/rddspm/public/index.php(38): CodeIgniter\CodeIgniter->run()
#7 /var/www/rddspm/system/Commands/Server/rewrite.php(43): require_once('/var/www/rddspm...')
#8 {main}
CRITICAL - 2022-08-10 05:16:23 --> There is no data to update.
#0 /var/www/rddspm/system/BaseModel.php(846): CodeIgniter\Database\Exceptions\DataException::forEmptyDataset('update')
#1 /var/www/rddspm/system/Model.php(651): CodeIgniter\BaseModel->update(Array, Array)
#2 /var/www/rddspm/app/Controllers/SiteInfoController.php(50): CodeIgniter\Model->update(1, Array)
#3 /var/www/rddspm/system/CodeIgniter.php(832): App\Controllers\SiteInfoController->save_network()
#4 /var/www/rddspm/system/CodeIgniter.php(419): CodeIgniter\CodeIgniter->runController(Object(App\Controllers\SiteInfoController))
#5 /var/www/rddspm/system/CodeIgniter.php(326): CodeIgniter\CodeIgniter->handleRequest(NULL, Object(Config\Cache), false)
#6 /var/www/rddspm/public/index.php(38): CodeIgniter\CodeIgniter->run()
#7 /var/www/rddspm/system/Commands/Server/rewrite.php(43): require_once('/var/www/rddspm...')
#8 {main}
CRITICAL - 2022-08-10 05:17:40 --> There is no data to update.
#0 /var/www/rddspm/system/BaseModel.php(846): CodeIgniter\Database\Exceptions\DataException::forEmptyDataset('update')
#1 /var/www/rddspm/system/Model.php(651): CodeIgniter\BaseModel->update(NULL, Array)
#2 /var/www/rddspm/app/Controllers/SiteInfoController.php(50): CodeIgniter\Model->update(NULL, Array)
#3 /var/www/rddspm/system/CodeIgniter.php(832): App\Controllers\SiteInfoController->save_network()
#4 /var/www/rddspm/system/CodeIgniter.php(419): CodeIgniter\CodeIgniter->runController(Object(App\Controllers\SiteInfoController))
#5 /var/www/rddspm/system/CodeIgniter.php(326): CodeIgniter\CodeIgniter->handleRequest(NULL, Object(Config\Cache), false)
#6 /var/www/rddspm/public/index.php(38): CodeIgniter\CodeIgniter->run()
#7 /var/www/rddspm/system/Commands/Server/rewrite.php(43): require_once('/var/www/rddspm...')
#8 {main}
CRITICAL - 2022-08-10 05:17:42 --> There is no data to update.
#0 /var/www/rddspm/system/BaseModel.php(846): CodeIgniter\Database\Exceptions\DataException::forEmptyDataset('update')
#1 /var/www/rddspm/system/Model.php(651): CodeIgniter\BaseModel->update(NULL, Array)
#2 /var/www/rddspm/app/Controllers/SiteInfoController.php(50): CodeIgniter\Model->update(NULL, Array)
#3 /var/www/rddspm/system/CodeIgniter.php(832): App\Controllers\SiteInfoController->save_network()
#4 /var/www/rddspm/system/CodeIgniter.php(419): CodeIgniter\CodeIgniter->runController(Object(App\Controllers\SiteInfoController))
#5 /var/www/rddspm/system/CodeIgniter.php(326): CodeIgniter\CodeIgniter->handleRequest(NULL, Object(Config\Cache), false)
#6 /var/www/rddspm/public/index.php(38): CodeIgniter\CodeIgniter->run()
#7 /var/www/rddspm/system/Commands/Server/rewrite.php(43): require_once('/var/www/rddspm...')
#8 {main}
CRITICAL - 2022-08-10 05:17:43 --> There is no data to update.
#0 /var/www/rddspm/system/BaseModel.php(846): CodeIgniter\Database\Exceptions\DataException::forEmptyDataset('update')
#1 /var/www/rddspm/system/Model.php(651): CodeIgniter\BaseModel->update(NULL, Array)
#2 /var/www/rddspm/app/Controllers/SiteInfoController.php(50): CodeIgniter\Model->update(NULL, Array)
#3 /var/www/rddspm/system/CodeIgniter.php(832): App\Controllers\SiteInfoController->save_network()
#4 /var/www/rddspm/system/CodeIgniter.php(419): CodeIgniter\CodeIgniter->runController(Object(App\Controllers\SiteInfoController))
#5 /var/www/rddspm/system/CodeIgniter.php(326): CodeIgniter\CodeIgniter->handleRequest(NULL, Object(Config\Cache), false)
#6 /var/www/rddspm/public/index.php(38): CodeIgniter\CodeIgniter->run()
#7 /var/www/rddspm/system/Commands/Server/rewrite.php(43): require_once('/var/www/rddspm...')
#8 {main}
CRITICAL - 2022-08-10 05:18:07 --> There is no data to update.
#0 /var/www/rddspm/system/BaseModel.php(846): CodeIgniter\Database\Exceptions\DataException::forEmptyDataset('update')
#1 /var/www/rddspm/system/Model.php(651): CodeIgniter\BaseModel->update(NULL, Array)
#2 /var/www/rddspm/app/Controllers/SiteInfoController.php(50): CodeIgniter\Model->update(NULL, Array)
#3 /var/www/rddspm/system/CodeIgniter.php(832): App\Controllers\SiteInfoController->save_network()
#4 /var/www/rddspm/system/CodeIgniter.php(419): CodeIgniter\CodeIgniter->runController(Object(App\Controllers\SiteInfoController))
#5 /var/www/rddspm/system/CodeIgniter.php(326): CodeIgniter\CodeIgniter->handleRequest(NULL, Object(Config\Cache), false)
#6 /var/www/rddspm/public/index.php(38): CodeIgniter\CodeIgniter->run()
#7 /var/www/rddspm/system/Commands/Server/rewrite.php(43): require_once('/var/www/rddspm...')
#8 {main}
CRITICAL - 2022-08-10 05:18:50 --> There is no data to update.
#0 /var/www/rddspm/system/BaseModel.php(846): CodeIgniter\Database\Exceptions\DataException::forEmptyDataset('update')
#1 /var/www/rddspm/system/Model.php(651): CodeIgniter\BaseModel->update(Array, Array)
#2 /var/www/rddspm/app/Controllers/SiteInfoController.php(50): CodeIgniter\Model->update('1', Array)
#3 /var/www/rddspm/system/CodeIgniter.php(832): App\Controllers\SiteInfoController->save_network()
#4 /var/www/rddspm/system/CodeIgniter.php(419): CodeIgniter\CodeIgniter->runController(Object(App\Controllers\SiteInfoController))
#5 /var/www/rddspm/system/CodeIgniter.php(326): CodeIgniter\CodeIgniter->handleRequest(NULL, Object(Config\Cache), false)
#6 /var/www/rddspm/public/index.php(38): CodeIgniter\CodeIgniter->run()
#7 /var/www/rddspm/system/Commands/Server/rewrite.php(43): require_once('/var/www/rddspm...')
#8 {main}
CRITICAL - 2022-08-10 05:18:51 --> There is no data to update.
#0 /var/www/rddspm/system/BaseModel.php(846): CodeIgniter\Database\Exceptions\DataException::forEmptyDataset('update')
#1 /var/www/rddspm/system/Model.php(651): CodeIgniter\BaseModel->update(Array, Array)
#2 /var/www/rddspm/app/Controllers/SiteInfoController.php(50): CodeIgniter\Model->update('1', Array)
#3 /var/www/rddspm/system/CodeIgniter.php(832): App\Controllers\SiteInfoController->save_network()
#4 /var/www/rddspm/system/CodeIgniter.php(419): CodeIgniter\CodeIgniter->runController(Object(App\Controllers\SiteInfoController))
#5 /var/www/rddspm/system/CodeIgniter.php(326): CodeIgniter\CodeIgniter->handleRequest(NULL, Object(Config\Cache), false)
#6 /var/www/rddspm/public/index.php(38): CodeIgniter\CodeIgniter->run()
#7 /var/www/rddspm/system/Commands/Server/rewrite.php(43): require_once('/var/www/rddspm...')
#8 {main}
CRITICAL - 2022-08-10 05:18:52 --> There is no data to update.
#0 /var/www/rddspm/system/BaseModel.php(846): CodeIgniter\Database\Exceptions\DataException::forEmptyDataset('update')
#1 /var/www/rddspm/system/Model.php(651): CodeIgniter\BaseModel->update(Array, Array)
#2 /var/www/rddspm/app/Controllers/SiteInfoController.php(50): CodeIgniter\Model->update('1', Array)
#3 /var/www/rddspm/system/CodeIgniter.php(832): App\Controllers\SiteInfoController->save_network()
#4 /var/www/rddspm/system/CodeIgniter.php(419): CodeIgniter\CodeIgniter->runController(Object(App\Controllers\SiteInfoController))
#5 /var/www/rddspm/system/CodeIgniter.php(326): CodeIgniter\CodeIgniter->handleRequest(NULL, Object(Config\Cache), false)
#6 /var/www/rddspm/public/index.php(38): CodeIgniter\CodeIgniter->run()
#7 /var/www/rddspm/system/Commands/Server/rewrite.php(43): require_once('/var/www/rddspm...')
#8 {main}
CRITICAL - 2022-08-10 05:18:53 --> There is no data to update.
#0 /var/www/rddspm/system/BaseModel.php(846): CodeIgniter\Database\Exceptions\DataException::forEmptyDataset('update')
#1 /var/www/rddspm/system/Model.php(651): CodeIgniter\BaseModel->update(Array, Array)
#2 /var/www/rddspm/app/Controllers/SiteInfoController.php(50): CodeIgniter\Model->update('1', Array)
#3 /var/www/rddspm/system/CodeIgniter.php(832): App\Controllers\SiteInfoController->save_network()
#4 /var/www/rddspm/system/CodeIgniter.php(419): CodeIgniter\CodeIgniter->runController(Object(App\Controllers\SiteInfoController))
#5 /var/www/rddspm/system/CodeIgniter.php(326): CodeIgniter\CodeIgniter->handleRequest(NULL, Object(Config\Cache), false)
#6 /var/www/rddspm/public/index.php(38): CodeIgniter\CodeIgniter->run()
#7 /var/www/rddspm/system/Commands/Server/rewrite.php(43): require_once('/var/www/rddspm...')
#8 {main}
CRITICAL - 2022-08-10 05:27:16 --> Undefined variable: date
#0 /var/www/rddspm/app/Controllers/SiteInfoController.php(42): CodeIgniter\Debug\Exceptions->errorHandler(8, 'Undefined varia...', '/var/www/rddspm...', 42, Array)
#1 /var/www/rddspm/system/CodeIgniter.php(832): App\Controllers\SiteInfoController->save_network()
#2 /var/www/rddspm/system/CodeIgniter.php(419): CodeIgniter\CodeIgniter->runController(Object(App\Controllers\SiteInfoController))
#3 /var/www/rddspm/system/CodeIgniter.php(326): CodeIgniter\CodeIgniter->handleRequest(NULL, Object(Config\Cache), false)
#4 /var/www/rddspm/public/index.php(38): CodeIgniter\CodeIgniter->run()
#5 /var/www/rddspm/system/Commands/Server/rewrite.php(43): require_once('/var/www/rddspm...')
#6 {main}
CRITICAL - 2022-08-10 05:32:15 --> Undefined variable: interface
#0 /var/www/rddspm/app/Controllers/SiteInfoController.php(57): CodeIgniter\Debug\Exceptions->errorHandler(8, 'Undefined varia...', '/var/www/rddspm...', 57, Array)
#1 /var/www/rddspm/system/CodeIgniter.php(832): App\Controllers\SiteInfoController->save_network()
#2 /var/www/rddspm/system/CodeIgniter.php(419): CodeIgniter\CodeIgniter->runController(Object(App\Controllers\SiteInfoController))
#3 /var/www/rddspm/system/CodeIgniter.php(326): CodeIgniter\CodeIgniter->handleRequest(NULL, Object(Config\Cache), false)
#4 /var/www/rddspm/public/index.php(38): CodeIgniter\CodeIgniter->run()
#5 /var/www/rddspm/system/Commands/Server/rewrite.php(43): require_once('/var/www/rddspm...')
#6 {main}
CRITICAL - 2022-08-10 05:32:32 --> Undefined variable: interface
#0 /var/www/rddspm/app/Controllers/SiteInfoController.php(57): CodeIgniter\Debug\Exceptions->errorHandler(8, 'Undefined varia...', '/var/www/rddspm...', 57, Array)
#1 /var/www/rddspm/system/CodeIgniter.php(832): App\Controllers\SiteInfoController->save_network()
#2 /var/www/rddspm/system/CodeIgniter.php(419): CodeIgniter\CodeIgniter->runController(Object(App\Controllers\SiteInfoController))
#3 /var/www/rddspm/system/CodeIgniter.php(326): CodeIgniter\CodeIgniter->handleRequest(NULL, Object(Config\Cache), false)
#4 /var/www/rddspm/public/index.php(38): CodeIgniter\CodeIgniter->run()
#5 /var/www/rddspm/system/Commands/Server/rewrite.php(43): require_once('/var/www/rddspm...')
#6 {main}
CRITICAL - 2022-08-10 05:38:47 --> Trying to get property 'ipaddress' of non-object
#0 /var/www/rddspm/app/Views/dashboard-settings.php(68): CodeIgniter\Debug\Exceptions->errorHandler(8, 'Trying to get p...', '/var/www/rddspm...', 68, Array)
#1 /var/www/rddspm/system/View/View.php(210): include('/var/www/rddspm...')
#2 /var/www/rddspm/system/View/View.php(213): CodeIgniter\View\View->CodeIgniter\View\{closure}()
#3 /var/www/rddspm/system/Common.php(1089): CodeIgniter\View\View->render('dashboard-setti...', Array, true)
#4 /var/www/rddspm/app/Controllers/SiteInfoController.php(27): view('dashboard-setti...', Array)
#5 /var/www/rddspm/system/CodeIgniter.php(832): App\Controllers\SiteInfoController->site_info()
#6 /var/www/rddspm/system/CodeIgniter.php(419): CodeIgniter\CodeIgniter->runController(Object(App\Controllers\SiteInfoController))
#7 /var/www/rddspm/system/CodeIgniter.php(326): CodeIgniter\CodeIgniter->handleRequest(NULL, Object(Config\Cache), false)
#8 /var/www/rddspm/public/index.php(38): CodeIgniter\CodeIgniter->run()
#9 /var/www/rddspm/system/Commands/Server/rewrite.php(43): require_once('/var/www/rddspm...')
#10 {main}
CRITICAL - 2022-08-10 08:35:00 --> Undefined variable: site_info
#0 /var/www/rddspm/app/Views/dashboard-settings.php(36): CodeIgniter\Debug\Exceptions->errorHandler(8, 'Undefined varia...', '/var/www/rddspm...', 36, Array)
#1 /var/www/rddspm/system/View/View.php(210): include('/var/www/rddspm...')
#2 /var/www/rddspm/system/View/View.php(213): CodeIgniter\View\View->CodeIgniter\View\{closure}()
#3 /var/www/rddspm/system/Common.php(1089): CodeIgniter\View\View->render('dashboard-setti...', Array, true)
#4 /var/www/rddspm/app/Controllers/SiteInfoController.php(48): view('dashboard-setti...')
#5 /var/www/rddspm/system/CodeIgniter.php(832): App\Controllers\SiteInfoController->setdate()
#6 /var/www/rddspm/system/CodeIgniter.php(419): CodeIgniter\CodeIgniter->runController(Object(App\Controllers\SiteInfoController))
#7 /var/www/rddspm/system/CodeIgniter.php(326): CodeIgniter\CodeIgniter->handleRequest(NULL, Object(Config\Cache), false)
#8 /var/www/rddspm/public/index.php(38): CodeIgniter\CodeIgniter->run()
#9 /var/www/rddspm/system/Commands/Server/rewrite.php(43): require_once('/var/www/rddspm...')
#10 {main}
CRITICAL - 2022-08-10 00:00:00 --> Undefined variable: site_info
#0 /var/www/rddspm/app/Views/dashboard-settings.php(36): CodeIgniter\Debug\Exceptions->errorHandler(8, 'Undefined varia...', '/var/www/rddspm...', 36, Array)
#1 /var/www/rddspm/system/View/View.php(210): include('/var/www/rddspm...')
#2 /var/www/rddspm/system/View/View.php(213): CodeIgniter\View\View->CodeIgniter\View\{closure}()
#3 /var/www/rddspm/system/Common.php(1089): CodeIgniter\View\View->render('dashboard-setti...', Array, true)
#4 /var/www/rddspm/app/Controllers/SiteInfoController.php(48): view('dashboard-setti...')
#5 /var/www/rddspm/system/CodeIgniter.php(832): App\Controllers\SiteInfoController->setdate()
#6 /var/www/rddspm/system/CodeIgniter.php(419): CodeIgniter\CodeIgniter->runController(Object(App\Controllers\SiteInfoController))
#7 /var/www/rddspm/system/CodeIgniter.php(326): CodeIgniter\CodeIgniter->handleRequest(NULL, Object(Config\Cache), false)
#8 /var/www/rddspm/public/index.php(38): CodeIgniter\CodeIgniter->run()
#9 /var/www/rddspm/system/Commands/Server/rewrite.php(43): require_once('/var/www/rddspm...')
#10 {main}
CRITICAL - 2022-08-10 00:00:00 --> Undefined variable: site_info
#0 /var/www/rddspm/app/Views/dashboard-settings.php(36): CodeIgniter\Debug\Exceptions->errorHandler(8, 'Undefined varia...', '/var/www/rddspm...', 36, Array)
#1 /var/www/rddspm/system/View/View.php(210): include('/var/www/rddspm...')
#2 /var/www/rddspm/system/View/View.php(213): CodeIgniter\View\View->CodeIgniter\View\{closure}()
#3 /var/www/rddspm/system/Common.php(1089): CodeIgniter\View\View->render('dashboard-setti...', Array, true)
#4 /var/www/rddspm/app/Controllers/SiteInfoController.php(48): view('dashboard-setti...')
#5 /var/www/rddspm/system/CodeIgniter.php(832): App\Controllers\SiteInfoController->setdate()
#6 /var/www/rddspm/system/CodeIgniter.php(419): CodeIgniter\CodeIgniter->runController(Object(App\Controllers\SiteInfoController))
#7 /var/www/rddspm/system/CodeIgniter.php(326): CodeIgniter\CodeIgniter->handleRequest(NULL, Object(Config\Cache), false)
#8 /var/www/rddspm/public/index.php(38): CodeIgniter\CodeIgniter->run()
#9 /var/www/rddspm/system/Commands/Server/rewrite.php(43): require_once('/var/www/rddspm...')
#10 {main}
CRITICAL - 2022-08-10 09:00:00 --> Undefined variable: site_info
#0 /var/www/rddspm/app/Views/dashboard-settings.php(36): CodeIgniter\Debug\Exceptions->errorHandler(8, 'Undefined varia...', '/var/www/rddspm...', 36, Array)
#1 /var/www/rddspm/system/View/View.php(210): include('/var/www/rddspm...')
#2 /var/www/rddspm/system/View/View.php(213): CodeIgniter\View\View->CodeIgniter\View\{closure}()
#3 /var/www/rddspm/system/Common.php(1089): CodeIgniter\View\View->render('dashboard-setti...', Array, true)
#4 /var/www/rddspm/app/Controllers/SiteInfoController.php(48): view('dashboard-setti...')
#5 /var/www/rddspm/system/CodeIgniter.php(832): App\Controllers\SiteInfoController->setdate()
#6 /var/www/rddspm/system/CodeIgniter.php(419): CodeIgniter\CodeIgniter->runController(Object(App\Controllers\SiteInfoController))
#7 /var/www/rddspm/system/CodeIgniter.php(326): CodeIgniter\CodeIgniter->handleRequest(NULL, Object(Config\Cache), false)
#8 /var/www/rddspm/public/index.php(38): CodeIgniter\CodeIgniter->run()
#9 /var/www/rddspm/system/Commands/Server/rewrite.php(43): require_once('/var/www/rddspm...')
#10 {main}
CRITICAL - 2022-08-10 05:00:00 -->  route cannot be found while reverse-routing.
#0 /var/www/rddspm/system/HTTP/RedirectResponse.php(56): CodeIgniter\HTTP\Exceptions\HTTPException::forInvalidRedirectRoute('')
#1 /var/www/rddspm/system/Common.php(832): CodeIgniter\HTTP\RedirectResponse->route(false)
#2 /var/www/rddspm/app/Controllers/SetDateController.php(25): redirect('http://10.8.0.1...')
#3 /var/www/rddspm/system/CodeIgniter.php(832): App\Controllers\SetDateController->settanggal()
#4 /var/www/rddspm/system/CodeIgniter.php(419): CodeIgniter\CodeIgniter->runController(Object(App\Controllers\SetDateController))
#5 /var/www/rddspm/system/CodeIgniter.php(326): CodeIgniter\CodeIgniter->handleRequest(NULL, Object(Config\Cache), false)
#6 /var/www/rddspm/public/index.php(38): CodeIgniter\CodeIgniter->run()
#7 /var/www/rddspm/system/Commands/Server/rewrite.php(43): require_once('/var/www/rddspm...')
#8 {main}
CRITICAL - 2022-08-10 05:00:00 -->  route cannot be found while reverse-routing.
#0 /var/www/rddspm/system/HTTP/RedirectResponse.php(56): CodeIgniter\HTTP\Exceptions\HTTPException::forInvalidRedirectRoute('')
#1 /var/www/rddspm/system/Common.php(832): CodeIgniter\HTTP\RedirectResponse->route(false)
#2 /var/www/rddspm/app/Controllers/SetDateController.php(25): redirect('http://10.8.0.1...')
#3 /var/www/rddspm/system/CodeIgniter.php(832): App\Controllers\SetDateController->settanggal()
#4 /var/www/rddspm/system/CodeIgniter.php(419): CodeIgniter\CodeIgniter->runController(Object(App\Controllers\SetDateController))
#5 /var/www/rddspm/system/CodeIgniter.php(326): CodeIgniter\CodeIgniter->handleRequest(NULL, Object(Config\Cache), false)
#6 /var/www/rddspm/public/index.php(38): CodeIgniter\CodeIgniter->run()
#7 /var/www/rddspm/system/Commands/Server/rewrite.php(43): require_once('/var/www/rddspm...')
#8 {main}
CRITICAL - 2022-08-10 05:00:00 -->  route cannot be found while reverse-routing.
#0 /var/www/rddspm/system/HTTP/RedirectResponse.php(56): CodeIgniter\HTTP\Exceptions\HTTPException::forInvalidRedirectRoute('')
#1 /var/www/rddspm/system/Common.php(832): CodeIgniter\HTTP\RedirectResponse->route(false)
#2 /var/www/rddspm/app/Controllers/SetDateController.php(25): redirect('http://10.8.0.1...')
#3 /var/www/rddspm/system/CodeIgniter.php(832): App\Controllers\SetDateController->settanggal()
#4 /var/www/rddspm/system/CodeIgniter.php(419): CodeIgniter\CodeIgniter->runController(Object(App\Controllers\SetDateController))
#5 /var/www/rddspm/system/CodeIgniter.php(326): CodeIgniter\CodeIgniter->handleRequest(NULL, Object(Config\Cache), false)
#6 /var/www/rddspm/public/index.php(38): CodeIgniter\CodeIgniter->run()
#7 /var/www/rddspm/system/Commands/Server/rewrite.php(43): require_once('/var/www/rddspm...')
#8 {main}
CRITICAL - 2022-08-10 05:00:00 -->  route cannot be found while reverse-routing.
#0 /var/www/rddspm/system/HTTP/RedirectResponse.php(56): CodeIgniter\HTTP\Exceptions\HTTPException::forInvalidRedirectRoute('')
#1 /var/www/rddspm/system/Common.php(832): CodeIgniter\HTTP\RedirectResponse->route(false)
#2 /var/www/rddspm/app/Controllers/SetDateController.php(25): redirect('http://10.8.0.1...')
#3 /var/www/rddspm/system/CodeIgniter.php(832): App\Controllers\SetDateController->settanggal()
#4 /var/www/rddspm/system/CodeIgniter.php(419): CodeIgniter\CodeIgniter->runController(Object(App\Controllers\SetDateController))
#5 /var/www/rddspm/system/CodeIgniter.php(326): CodeIgniter\CodeIgniter->handleRequest(NULL, Object(Config\Cache), false)
#6 /var/www/rddspm/public/index.php(38): CodeIgniter\CodeIgniter->run()
#7 /var/www/rddspm/system/Commands/Server/rewrite.php(43): require_once('/var/www/rddspm...')
#8 {main}
CRITICAL - 2022-08-10 05:00:00 -->  route cannot be found while reverse-routing.
#0 /var/www/rddspm/system/HTTP/RedirectResponse.php(56): CodeIgniter\HTTP\Exceptions\HTTPException::forInvalidRedirectRoute('')
#1 /var/www/rddspm/system/Common.php(832): CodeIgniter\HTTP\RedirectResponse->route(false)
#2 /var/www/rddspm/app/Controllers/SetDateController.php(25): redirect('http://10.8.0.1...')
#3 /var/www/rddspm/system/CodeIgniter.php(832): App\Controllers\SetDateController->settanggal()
#4 /var/www/rddspm/system/CodeIgniter.php(419): CodeIgniter\CodeIgniter->runController(Object(App\Controllers\SetDateController))
#5 /var/www/rddspm/system/CodeIgniter.php(326): CodeIgniter\CodeIgniter->handleRequest(NULL, Object(Config\Cache), false)
#6 /var/www/rddspm/public/index.php(38): CodeIgniter\CodeIgniter->run()
#7 /var/www/rddspm/system/Commands/Server/rewrite.php(43): require_once('/var/www/rddspm...')
#8 {main}
CRITICAL - 2022-08-10 04:00:00 -->  route cannot be found while reverse-routing.
#0 /var/www/rddspm/system/HTTP/RedirectResponse.php(56): CodeIgniter\HTTP\Exceptions\HTTPException::forInvalidRedirectRoute('')
#1 /var/www/rddspm/system/Common.php(832): CodeIgniter\HTTP\RedirectResponse->route(false)
#2 /var/www/rddspm/app/Controllers/SetDateController.php(25): redirect('http://10.8.0.1...')
#3 /var/www/rddspm/system/CodeIgniter.php(832): App\Controllers\SetDateController->settanggal()
#4 /var/www/rddspm/system/CodeIgniter.php(419): CodeIgniter\CodeIgniter->runController(Object(App\Controllers\SetDateController))
#5 /var/www/rddspm/system/CodeIgniter.php(326): CodeIgniter\CodeIgniter->handleRequest(NULL, Object(Config\Cache), false)
#6 /var/www/rddspm/public/index.php(38): CodeIgniter\CodeIgniter->run()
#7 /var/www/rddspm/system/Commands/Server/rewrite.php(43): require_once('/var/www/rddspm...')
#8 {main}
ERROR - 2022-08-10 09:37:23 --> Table 'spm.config_id' doesn't exist
CRITICAL - 2022-08-10 09:37:23 --> Call to a member function getResult() on bool
#0 /var/www/rddspm/system/CodeIgniter.php(832): App\Controllers\SiteInfoController->site_info()
#1 /var/www/rddspm/system/CodeIgniter.php(419): CodeIgniter\CodeIgniter->runController(Object(App\Controllers\SiteInfoController))
#2 /var/www/rddspm/system/CodeIgniter.php(326): CodeIgniter\CodeIgniter->handleRequest(NULL, Object(Config\Cache), false)
#3 /var/www/rddspm/public/index.php(38): CodeIgniter\CodeIgniter->run()
#4 /var/www/rddspm/system/Commands/Server/rewrite.php(43): require_once('/var/www/rddspm...')
#5 {main}
CRITICAL - 2022-08-10 10:06:55 --> Undefined property: stdClass::$trigger_fb
#0 /var/www/rddspm/app/Views/dashboard-settings.php(243): CodeIgniter\Debug\Exceptions->errorHandler(8, 'Undefined prope...', '/var/www/rddspm...', 243, Array)
#1 /var/www/rddspm/system/View/View.php(210): include('/var/www/rddspm...')
#2 /var/www/rddspm/system/View/View.php(213): CodeIgniter\View\View->CodeIgniter\View\{closure}()
#3 /var/www/rddspm/system/Common.php(1089): CodeIgniter\View\View->render('dashboard-setti...', Array, true)
#4 /var/www/rddspm/app/Controllers/SiteInfoController.php(44): view('dashboard-setti...', Array)
#5 /var/www/rddspm/system/CodeIgniter.php(832): App\Controllers\SiteInfoController->site_info()
#6 /var/www/rddspm/system/CodeIgniter.php(419): CodeIgniter\CodeIgniter->runController(Object(App\Controllers\SiteInfoController))
#7 /var/www/rddspm/system/CodeIgniter.php(326): CodeIgniter\CodeIgniter->handleRequest(NULL, Object(Config\Cache), false)
#8 /var/www/rddspm/public/index.php(38): CodeIgniter\CodeIgniter->run()
#9 /var/www/rddspm/system/Commands/Server/rewrite.php(43): require_once('/var/www/rddspm...')
#10 {main}
CRITICAL - 2022-08-10 12:13:27 --> Undefined property: stdClass::$state_fb
#0 /var/www/rddspm/app/Views/dashboard-io.php(68): CodeIgniter\Debug\Exceptions->errorHandler(8, 'Undefined prope...', '/var/www/rddspm...', 68, Array)
#1 /var/www/rddspm/system/View/View.php(210): include('/var/www/rddspm...')
#2 /var/www/rddspm/system/View/View.php(213): CodeIgniter\View\View->CodeIgniter\View\{closure}()
#3 /var/www/rddspm/system/Common.php(1089): CodeIgniter\View\View->render('dashboard-io', Array, true)
#4 /var/www/rddspm/app/Controllers/MonitoringDioController.php(27): view('dashboard-io', Array)
#5 /var/www/rddspm/system/CodeIgniter.php(832): App\Controllers\MonitoringDioController->input_output()
#6 /var/www/rddspm/system/CodeIgniter.php(419): CodeIgniter\CodeIgniter->runController(Object(App\Controllers\MonitoringDioController))
#7 /var/www/rddspm/system/CodeIgniter.php(326): CodeIgniter\CodeIgniter->handleRequest(NULL, Object(Config\Cache), false)
#8 /var/www/rddspm/public/index.php(38): CodeIgniter\CodeIgniter->run()
#9 /var/www/rddspm/system/Commands/Server/rewrite.php(43): require_once('/var/www/rddspm...')
#10 {main}
CRITICAL - 2022-08-10 12:42:31 --> Undefined variable: data
#0 /var/www/rddspm/app/Views/dashboard-settings.php(314): CodeIgniter\Debug\Exceptions->errorHandler(8, 'Undefined varia...', '/var/www/rddspm...', 314, Array)
#1 /var/www/rddspm/system/View/View.php(210): include('/var/www/rddspm...')
#2 /var/www/rddspm/system/View/View.php(213): CodeIgniter\View\View->CodeIgniter\View\{closure}()
#3 /var/www/rddspm/system/Common.php(1089): CodeIgniter\View\View->render('dashboard-setti...', Array, true)
#4 /var/www/rddspm/app/Controllers/SiteInfoController.php(47): view('dashboard-setti...', Array)
#5 /var/www/rddspm/system/CodeIgniter.php(832): App\Controllers\SiteInfoController->site_info()
#6 /var/www/rddspm/system/CodeIgniter.php(419): CodeIgniter\CodeIgniter->runController(Object(App\Controllers\SiteInfoController))
#7 /var/www/rddspm/system/CodeIgniter.php(326): CodeIgniter\CodeIgniter->handleRequest(NULL, Object(Config\Cache), false)
#8 /var/www/rddspm/public/index.php(38): CodeIgniter\CodeIgniter->run()
#9 /var/www/rddspm/system/Commands/Server/rewrite.php(43): require_once('/var/www/rddspm...')
#10 {main}
