CRITICAL - 2022-08-30 03:12:48 --> Undefined variable: start
#0 /var/www/rddspm/app/Controllers/MonitoringLogController.php(148): CodeIgniter\Debug\Exceptions->errorHandler(8, 'Undefined varia...', '/var/www/rddspm...', 148, Array)
#1 /var/www/rddspm/system/CodeIgniter.php(832): App\Controllers\MonitoringLogController->DownloadToExcel()
#2 /var/www/rddspm/system/CodeIgniter.php(419): CodeIgniter\CodeIgniter->runController(Object(App\Controllers\MonitoringLogController))
#3 /var/www/rddspm/system/CodeIgniter.php(326): CodeIgniter\CodeIgniter->handleRequest(NULL, Object(Config\Cache), false)
#4 /var/www/rddspm/public/index.php(38): CodeIgniter\CodeIgniter->run()
#5 /var/www/rddspm/system/Commands/Server/rewrite.php(43): require_once('/var/www/rddspm...')
#6 {main}
CRITICAL - 2022-08-30 03:36:27 --> Undefined variable: start
#0 /var/www/rddspm/app/Controllers/MonitoringLogController.php(148): CodeIgniter\Debug\Exceptions->errorHandler(8, 'Undefined varia...', '/var/www/rddspm...', 148, Array)
#1 /var/www/rddspm/system/CodeIgniter.php(832): App\Controllers\MonitoringLogController->DownloadToExcel()
#2 /var/www/rddspm/system/CodeIgniter.php(419): CodeIgniter\CodeIgniter->runController(Object(App\Controllers\MonitoringLogController))
#3 /var/www/rddspm/system/CodeIgniter.php(326): CodeIgniter\CodeIgniter->handleRequest(NULL, Object(Config\Cache), false)
#4 /var/www/rddspm/public/index.php(38): CodeIgniter\CodeIgniter->run()
#5 /var/www/rddspm/system/Commands/Server/rewrite.php(43): require_once('/var/www/rddspm...')
#6 {main}
CRITICAL - 2022-08-30 03:36:50 --> Undefined variable: start
#0 /var/www/rddspm/app/Controllers/MonitoringLogController.php(148): CodeIgniter\Debug\Exceptions->errorHandler(8, 'Undefined varia...', '/var/www/rddspm...', 148, Array)
#1 /var/www/rddspm/system/CodeIgniter.php(832): App\Controllers\MonitoringLogController->DownloadToExcel()
#2 /var/www/rddspm/system/CodeIgniter.php(419): CodeIgniter\CodeIgniter->runController(Object(App\Controllers\MonitoringLogController))
#3 /var/www/rddspm/system/CodeIgniter.php(326): CodeIgniter\CodeIgniter->handleRequest(NULL, Object(Config\Cache), false)
#4 /var/www/rddspm/public/index.php(38): CodeIgniter\CodeIgniter->run()
#5 /var/www/rddspm/system/Commands/Server/rewrite.php(43): require_once('/var/www/rddspm...')
#6 {main}
