CRITICAL - 2022-08-18 02:12:47 --> Undefined variable: dtime
#0 /var/www/rddspm/app/Views/partials/sidebar.php(23): CodeIgniter\Debug\Exceptions->errorHandler(8, 'Undefined varia...', '/var/www/rddspm...', 23, Array)
#1 /var/www/rddspm/system/View/View.php(210): include('/var/www/rddspm...')
#2 /var/www/rddspm/system/View/View.php(213): CodeIgniter\View\View->CodeIgniter\View\{closure}()
#3 /var/www/rddspm/system/View/View.php(424): CodeIgniter\View\View->render('partials/sideba...', NULL, true)
#4 /var/www/rddspm/app/Views/partials/menu.php(2): CodeIgniter\View\View->include('partials/sideba...')
#5 /var/www/rddspm/system/View/View.php(210): include('/var/www/rddspm...')
#6 /var/www/rddspm/system/View/View.php(213): CodeIgniter\View\View->CodeIgniter\View\{closure}()
#7 /var/www/rddspm/system/View/View.php(424): CodeIgniter\View\View->render('partials/menu', NULL, true)
#8 /var/www/rddspm/app/Views/dashboard-rectifier.php(16): CodeIgniter\View\View->include('partials/menu')
#9 /var/www/rddspm/system/View/View.php(210): include('/var/www/rddspm...')
#10 /var/www/rddspm/system/View/View.php(213): CodeIgniter\View\View->CodeIgniter\View\{closure}()
#11 /var/www/rddspm/system/Common.php(1089): CodeIgniter\View\View->render('dashboard-recti...', Array, true)
#12 /var/www/rddspm/app/Controllers/MonitoringDashController.php(41): view('dashboard-recti...', Array)
#13 /var/www/rddspm/system/CodeIgniter.php(832): App\Controllers\MonitoringDashController->main_dashboard()
#14 /var/www/rddspm/system/CodeIgniter.php(419): CodeIgniter\CodeIgniter->runController(Object(App\Controllers\MonitoringDashController))
#15 /var/www/rddspm/system/CodeIgniter.php(326): CodeIgniter\CodeIgniter->handleRequest(NULL, Object(Config\Cache), false)
#16 /var/www/rddspm/public/index.php(38): CodeIgniter\CodeIgniter->run()
#17 /var/www/rddspm/system/Commands/Server/rewrite.php(43): require_once('/var/www/rddspm...')
#18 {main}
CRITICAL - 2022-08-18 02:34:38 --> Undefined variable: dtime
#0 /var/www/rddspm/app/Views/partials/sidebar.php(23): CodeIgniter\Debug\Exceptions->errorHandler(8, 'Undefined varia...', '/var/www/rddspm...', 23, Array)
#1 /var/www/rddspm/system/View/View.php(210): include('/var/www/rddspm...')
#2 /var/www/rddspm/system/View/View.php(213): CodeIgniter\View\View->CodeIgniter\View\{closure}()
#3 /var/www/rddspm/system/View/View.php(424): CodeIgniter\View\View->render('partials/sideba...', NULL, true)
#4 /var/www/rddspm/app/Views/partials/menu.php(2): CodeIgniter\View\View->include('partials/sideba...')
#5 /var/www/rddspm/system/View/View.php(210): include('/var/www/rddspm...')
#6 /var/www/rddspm/system/View/View.php(213): CodeIgniter\View\View->CodeIgniter\View\{closure}()
#7 /var/www/rddspm/system/View/View.php(424): CodeIgniter\View\View->render('partials/menu', NULL, true)
#8 /var/www/rddspm/app/Views/dashboard-log.php(16): CodeIgniter\View\View->include('partials/menu')
#9 /var/www/rddspm/system/View/View.php(210): include('/var/www/rddspm...')
#10 /var/www/rddspm/system/View/View.php(213): CodeIgniter\View\View->CodeIgniter\View\{closure}()
#11 /var/www/rddspm/system/Common.php(1089): CodeIgniter\View\View->render('dashboard-log', Array, true)
#12 /var/www/rddspm/app/Controllers/MonitoringLogController.php(27): view('dashboard-log', Array)
#13 /var/www/rddspm/system/CodeIgniter.php(832): App\Controllers\MonitoringLogController->log()
#14 /var/www/rddspm/system/CodeIgniter.php(419): CodeIgniter\CodeIgniter->runController(Object(App\Controllers\MonitoringLogController))
#15 /var/www/rddspm/system/CodeIgniter.php(326): CodeIgniter\CodeIgniter->handleRequest(NULL, Object(Config\Cache), false)
#16 /var/www/rddspm/public/index.php(38): CodeIgniter\CodeIgniter->run()
#17 /var/www/rddspm/system/Commands/Server/rewrite.php(43): require_once('/var/www/rddspm...')
#18 {main}
CRITICAL - 2022-08-18 02:35:48 --> Undefined variable: dtime
#0 /var/www/rddspm/app/Views/partials/sidebar.php(23): CodeIgniter\Debug\Exceptions->errorHandler(8, 'Undefined varia...', '/var/www/rddspm...', 23, Array)
#1 /var/www/rddspm/system/View/View.php(210): include('/var/www/rddspm...')
#2 /var/www/rddspm/system/View/View.php(213): CodeIgniter\View\View->CodeIgniter\View\{closure}()
#3 /var/www/rddspm/system/View/View.php(424): CodeIgniter\View\View->render('partials/sideba...', NULL, true)
#4 /var/www/rddspm/app/Views/partials/menu.php(2): CodeIgniter\View\View->include('partials/sideba...')
#5 /var/www/rddspm/system/View/View.php(210): include('/var/www/rddspm...')
#6 /var/www/rddspm/system/View/View.php(213): CodeIgniter\View\View->CodeIgniter\View\{closure}()
#7 /var/www/rddspm/system/View/View.php(424): CodeIgniter\View\View->render('partials/menu', NULL, true)
#8 /var/www/rddspm/app/Views/ajax/a-dashboard-io.php(1): CodeIgniter\View\View->include('partials/menu')
#9 /var/www/rddspm/system/View/View.php(210): include('/var/www/rddspm...')
#10 /var/www/rddspm/system/View/View.php(213): CodeIgniter\View\View->CodeIgniter\View\{closure}()
#11 /var/www/rddspm/system/Common.php(1089): CodeIgniter\View\View->render('ajax/a-dashboar...', Array, true)
#12 /var/www/rddspm/app/Controllers/DashboardDioController.php(29): view('ajax/a-dashboar...', Array)
#13 /var/www/rddspm/system/CodeIgniter.php(832): App\Controllers\DashboardDioController->ajax_input_output()
#14 /var/www/rddspm/system/CodeIgniter.php(419): CodeIgniter\CodeIgniter->runController(Object(App\Controllers\DashboardDioController))
#15 /var/www/rddspm/system/CodeIgniter.php(326): CodeIgniter\CodeIgniter->handleRequest(NULL, Object(Config\Cache), false)
#16 /var/www/rddspm/public/index.php(38): CodeIgniter\CodeIgniter->run()
#17 /var/www/rddspm/system/Commands/Server/rewrite.php(43): require_once('/var/www/rddspm...')
#18 {main}
CRITICAL - 2022-08-18 02:36:05 --> Undefined variable: dtime
#0 /var/www/rddspm/app/Views/partials/sidebar.php(23): CodeIgniter\Debug\Exceptions->errorHandler(8, 'Undefined varia...', '/var/www/rddspm...', 23, Array)
#1 /var/www/rddspm/system/View/View.php(210): include('/var/www/rddspm...')
#2 /var/www/rddspm/system/View/View.php(213): CodeIgniter\View\View->CodeIgniter\View\{closure}()
#3 /var/www/rddspm/system/View/View.php(424): CodeIgniter\View\View->render('partials/sideba...', NULL, true)
#4 /var/www/rddspm/app/Views/partials/menu.php(2): CodeIgniter\View\View->include('partials/sideba...')
#5 /var/www/rddspm/system/View/View.php(210): include('/var/www/rddspm...')
#6 /var/www/rddspm/system/View/View.php(213): CodeIgniter\View\View->CodeIgniter\View\{closure}()
#7 /var/www/rddspm/system/View/View.php(424): CodeIgniter\View\View->render('partials/menu', NULL, true)
#8 /var/www/rddspm/app/Views/dashboard-settings.php(18): CodeIgniter\View\View->include('partials/menu')
#9 /var/www/rddspm/system/View/View.php(210): include('/var/www/rddspm...')
#10 /var/www/rddspm/system/View/View.php(213): CodeIgniter\View\View->CodeIgniter\View\{closure}()
#11 /var/www/rddspm/system/Common.php(1089): CodeIgniter\View\View->render('dashboard-setti...', Array, true)
#12 /var/www/rddspm/app/Controllers/SiteInfoController.php(51): view('dashboard-setti...', Array)
#13 /var/www/rddspm/system/CodeIgniter.php(832): App\Controllers\SiteInfoController->site_info()
#14 /var/www/rddspm/system/CodeIgniter.php(419): CodeIgniter\CodeIgniter->runController(Object(App\Controllers\SiteInfoController))
#15 /var/www/rddspm/system/CodeIgniter.php(326): CodeIgniter\CodeIgniter->handleRequest(NULL, Object(Config\Cache), false)
#16 /var/www/rddspm/public/index.php(38): CodeIgniter\CodeIgniter->run()
#17 /var/www/rddspm/system/Commands/Server/rewrite.php(43): require_once('/var/www/rddspm...')
#18 {main}
CRITICAL - 2022-08-18 02:36:31 --> Undefined variable: dtime
#0 /var/www/rddspm/app/Views/partials/sidebar.php(23): CodeIgniter\Debug\Exceptions->errorHandler(8, 'Undefined varia...', '/var/www/rddspm...', 23, Array)
#1 /var/www/rddspm/system/View/View.php(210): include('/var/www/rddspm...')
#2 /var/www/rddspm/system/View/View.php(213): CodeIgniter\View\View->CodeIgniter\View\{closure}()
#3 /var/www/rddspm/system/View/View.php(424): CodeIgniter\View\View->render('partials/sideba...', NULL, true)
#4 /var/www/rddspm/app/Views/partials/menu.php(2): CodeIgniter\View\View->include('partials/sideba...')
#5 /var/www/rddspm/system/View/View.php(210): include('/var/www/rddspm...')
#6 /var/www/rddspm/system/View/View.php(213): CodeIgniter\View\View->CodeIgniter\View\{closure}()
#7 /var/www/rddspm/system/View/View.php(424): CodeIgniter\View\View->render('partials/menu', NULL, true)
#8 /var/www/rddspm/app/Views/dashboard-settings.php(18): CodeIgniter\View\View->include('partials/menu')
#9 /var/www/rddspm/system/View/View.php(210): include('/var/www/rddspm...')
#10 /var/www/rddspm/system/View/View.php(213): CodeIgniter\View\View->CodeIgniter\View\{closure}()
#11 /var/www/rddspm/system/Common.php(1089): CodeIgniter\View\View->render('dashboard-setti...', Array, true)
#12 /var/www/rddspm/app/Controllers/SiteInfoController.php(51): view('dashboard-setti...', Array)
#13 /var/www/rddspm/system/CodeIgniter.php(832): App\Controllers\SiteInfoController->site_info()
#14 /var/www/rddspm/system/CodeIgniter.php(419): CodeIgniter\CodeIgniter->runController(Object(App\Controllers\SiteInfoController))
#15 /var/www/rddspm/system/CodeIgniter.php(326): CodeIgniter\CodeIgniter->handleRequest(NULL, Object(Config\Cache), false)
#16 /var/www/rddspm/public/index.php(38): CodeIgniter\CodeIgniter->run()
#17 /var/www/rddspm/system/Commands/Server/rewrite.php(43): require_once('/var/www/rddspm...')
#18 {main}
CRITICAL - 2022-08-18 03:00:47 --> Undefined variable: dtime
#0 /var/www/rddspm/app/Views/partials/sidebar.php(23): CodeIgniter\Debug\Exceptions->errorHandler(8, 'Undefined varia...', '/var/www/rddspm...', 23, Array)
#1 /var/www/rddspm/system/View/View.php(210): include('/var/www/rddspm...')
#2 /var/www/rddspm/system/View/View.php(213): CodeIgniter\View\View->CodeIgniter\View\{closure}()
#3 /var/www/rddspm/system/View/View.php(424): CodeIgniter\View\View->render('partials/sideba...', NULL, true)
#4 /var/www/rddspm/app/Views/partials/menu.php(2): CodeIgniter\View\View->include('partials/sideba...')
#5 /var/www/rddspm/system/View/View.php(210): include('/var/www/rddspm...')
#6 /var/www/rddspm/system/View/View.php(213): CodeIgniter\View\View->CodeIgniter\View\{closure}()
#7 /var/www/rddspm/system/View/View.php(424): CodeIgniter\View\View->render('partials/menu', NULL, true)
#8 /var/www/rddspm/app/Views/ajax/a-dashboard-io.php(1): CodeIgniter\View\View->include('partials/menu')
#9 /var/www/rddspm/system/View/View.php(210): include('/var/www/rddspm...')
#10 /var/www/rddspm/system/View/View.php(213): CodeIgniter\View\View->CodeIgniter\View\{closure}()
#11 /var/www/rddspm/system/Common.php(1089): CodeIgniter\View\View->render('ajax/a-dashboar...', Array, true)
#12 /var/www/rddspm/app/Controllers/DashboardDioController.php(29): view('ajax/a-dashboar...', Array)
#13 /var/www/rddspm/system/CodeIgniter.php(832): App\Controllers\DashboardDioController->ajax_input_output()
#14 /var/www/rddspm/system/CodeIgniter.php(419): CodeIgniter\CodeIgniter->runController(Object(App\Controllers\DashboardDioController))
#15 /var/www/rddspm/system/CodeIgniter.php(326): CodeIgniter\CodeIgniter->handleRequest(NULL, Object(Config\Cache), false)
#16 /var/www/rddspm/public/index.php(38): CodeIgniter\CodeIgniter->run()
#17 /var/www/rddspm/system/Commands/Server/rewrite.php(43): require_once('/var/www/rddspm...')
#18 {main}
CRITICAL - 2022-08-18 04:41:35 --> Undefined variable: dtime
#0 /var/www/rddspm/app/Views/partials/sidebar.php(23): CodeIgniter\Debug\Exceptions->errorHandler(8, 'Undefined varia...', '/var/www/rddspm...', 23, Array)
#1 /var/www/rddspm/system/View/View.php(210): include('/var/www/rddspm...')
#2 /var/www/rddspm/system/View/View.php(213): CodeIgniter\View\View->CodeIgniter\View\{closure}()
#3 /var/www/rddspm/system/View/View.php(424): CodeIgniter\View\View->render('partials/sideba...', NULL, true)
#4 /var/www/rddspm/app/Views/partials/menu.php(2): CodeIgniter\View\View->include('partials/sideba...')
#5 /var/www/rddspm/system/View/View.php(210): include('/var/www/rddspm...')
#6 /var/www/rddspm/system/View/View.php(213): CodeIgniter\View\View->CodeIgniter\View\{closure}()
#7 /var/www/rddspm/system/View/View.php(424): CodeIgniter\View\View->render('partials/menu', NULL, true)
#8 /var/www/rddspm/app/Views/ajax/a-dashboard-io.php(1): CodeIgniter\View\View->include('partials/menu')
#9 /var/www/rddspm/system/View/View.php(210): include('/var/www/rddspm...')
#10 /var/www/rddspm/system/View/View.php(213): CodeIgniter\View\View->CodeIgniter\View\{closure}()
#11 /var/www/rddspm/system/Common.php(1089): CodeIgniter\View\View->render('ajax/a-dashboar...', Array, true)
#12 /var/www/rddspm/app/Controllers/DashboardDioController.php(29): view('ajax/a-dashboar...', Array)
#13 /var/www/rddspm/system/CodeIgniter.php(832): App\Controllers\DashboardDioController->ajax_input_output()
#14 /var/www/rddspm/system/CodeIgniter.php(419): CodeIgniter\CodeIgniter->runController(Object(App\Controllers\DashboardDioController))
#15 /var/www/rddspm/system/CodeIgniter.php(326): CodeIgniter\CodeIgniter->handleRequest(NULL, Object(Config\Cache), false)
#16 /var/www/rddspm/public/index.php(38): CodeIgniter\CodeIgniter->run()
#17 /var/www/rddspm/system/Commands/Server/rewrite.php(43): require_once('/var/www/rddspm...')
#18 {main}
