CRITICAL - 2022-11-01 11:27:07 --> Undefined variable $arrValue2
#0 /var/www/rddspm/app/Views/chart/Chart-data-scc-1-new.php(209): CodeIgniter\Debug\Exceptions->errorHandler()
#1 /var/www/rddspm/system/View/View.php(210): include('...')
#2 /var/www/rddspm/system/View/View.php(213): CodeIgniter\View\View->CodeIgniter\View\{closure}()
#3 /var/www/rddspm/system/View/View.php(424): CodeIgniter\View\View->render()
#4 /var/www/rddspm/app/Views/dashboard-scc-1.php(313): CodeIgniter\View\View->include()
#5 /var/www/rddspm/system/View/View.php(210): include('...')
#6 /var/www/rddspm/system/View/View.php(213): CodeIgniter\View\View->CodeIgniter\View\{closure}()
#7 /var/www/rddspm/system/Common.php(1089): CodeIgniter\View\View->render()
#8 /var/www/rddspm/app/Controllers/MonitoringSccController.php(34): view()
#9 /var/www/rddspm/system/CodeIgniter.php(832): App\Controllers\MonitoringSccController->scc1()
#10 /var/www/rddspm/system/CodeIgniter.php(419): CodeIgniter\CodeIgniter->runController()
#11 /var/www/rddspm/system/CodeIgniter.php(326): CodeIgniter\CodeIgniter->handleRequest()
#12 /var/www/rddspm/public/index.php(38): CodeIgniter\CodeIgniter->run()
#13 {main}
CRITICAL - 2022-11-01 11:28:26 --> Undefined variable $arrValue2
#0 /var/www/rddspm/app/Views/chart/Chart-data-scc-1-new.php(209): CodeIgniter\Debug\Exceptions->errorHandler()
#1 /var/www/rddspm/system/View/View.php(210): include('...')
#2 /var/www/rddspm/system/View/View.php(213): CodeIgniter\View\View->CodeIgniter\View\{closure}()
#3 /var/www/rddspm/system/View/View.php(424): CodeIgniter\View\View->render()
#4 /var/www/rddspm/app/Views/dashboard-scc-1.php(313): CodeIgniter\View\View->include()
#5 /var/www/rddspm/system/View/View.php(210): include('...')
#6 /var/www/rddspm/system/View/View.php(213): CodeIgniter\View\View->CodeIgniter\View\{closure}()
#7 /var/www/rddspm/system/Common.php(1089): CodeIgniter\View\View->render()
#8 /var/www/rddspm/app/Controllers/MonitoringSccController.php(34): view()
#9 /var/www/rddspm/system/CodeIgniter.php(832): App\Controllers\MonitoringSccController->scc1()
#10 /var/www/rddspm/system/CodeIgniter.php(419): CodeIgniter\CodeIgniter->runController()
#11 /var/www/rddspm/system/CodeIgniter.php(326): CodeIgniter\CodeIgniter->handleRequest()
#12 /var/www/rddspm/public/index.php(38): CodeIgniter\CodeIgniter->run()
#13 {main}
