ERROR - 2022-11-09 23:18:25 --> Error connecting to the database: No such file or directory
CRITICAL - 2022-11-09 23:18:25 --> Unable to connect to the database.
Main connection [MySQLi]: No such file or directory
#0 /var/www/rddspm/system/Database/BaseConnection.php(577): CodeIgniter\Database\BaseConnection->initialize()
#1 /var/www/rddspm/system/Database/BaseBuilder.php(1455): CodeIgniter\Database\BaseConnection->query()
#2 /var/www/rddspm/app/Controllers/MonitoringDashController.php(27): CodeIgniter\Database\BaseBuilder->get()
#3 /var/www/rddspm/system/CodeIgniter.php(832): App\Controllers\MonitoringDashController->main_dashboard()
#4 /var/www/rddspm/system/CodeIgniter.php(419): CodeIgniter\CodeIgniter->runController()
#5 /var/www/rddspm/system/CodeIgniter.php(326): CodeIgniter\CodeIgniter->handleRequest()
#6 /var/www/rddspm/public/index.php(38): CodeIgniter\CodeIgniter->run()
#7 {main}
ERROR - 2022-11-09 23:18:40 --> Error connecting to the database: No such file or directory
CRITICAL - 2022-11-09 23:18:40 --> Unable to connect to the database.
Main connection [MySQLi]: No such file or directory
#0 /var/www/rddspm/system/Database/BaseConnection.php(577): CodeIgniter\Database\BaseConnection->initialize()
#1 /var/www/rddspm/system/Database/BaseBuilder.php(1455): CodeIgniter\Database\BaseConnection->query()
#2 /var/www/rddspm/app/Controllers/MonitoringDashController.php(27): CodeIgniter\Database\BaseBuilder->get()
#3 /var/www/rddspm/system/CodeIgniter.php(832): App\Controllers\MonitoringDashController->main_dashboard()
#4 /var/www/rddspm/system/CodeIgniter.php(419): CodeIgniter\CodeIgniter->runController()
#5 /var/www/rddspm/system/CodeIgniter.php(326): CodeIgniter\CodeIgniter->handleRequest()
#6 /var/www/rddspm/public/index.php(38): CodeIgniter\CodeIgniter->run()
#7 {main}
ERROR - 2022-11-09 23:18:45 --> Error connecting to the database: No such file or directory
CRITICAL - 2022-11-09 23:18:45 --> Unable to connect to the database.
Main connection [MySQLi]: No such file or directory
#0 /var/www/rddspm/system/Database/BaseConnection.php(577): CodeIgniter\Database\BaseConnection->initialize()
#1 /var/www/rddspm/system/Database/BaseBuilder.php(1455): CodeIgniter\Database\BaseConnection->query()
#2 /var/www/rddspm/app/Controllers/MonitoringDashController.php(27): CodeIgniter\Database\BaseBuilder->get()
#3 /var/www/rddspm/system/CodeIgniter.php(832): App\Controllers\MonitoringDashController->main_dashboard()
#4 /var/www/rddspm/system/CodeIgniter.php(419): CodeIgniter\CodeIgniter->runController()
#5 /var/www/rddspm/system/CodeIgniter.php(326): CodeIgniter\CodeIgniter->handleRequest()
#6 /var/www/rddspm/public/index.php(38): CodeIgniter\CodeIgniter->run()
#7 {main}
ERROR - 2022-11-09 23:18:52 --> Error connecting to the database: No such file or directory
CRITICAL - 2022-11-09 23:18:52 --> Unable to connect to the database.
Main connection [MySQLi]: No such file or directory
#0 /var/www/rddspm/system/Database/BaseConnection.php(577): CodeIgniter\Database\BaseConnection->initialize()
#1 /var/www/rddspm/system/Database/BaseBuilder.php(1455): CodeIgniter\Database\BaseConnection->query()
#2 /var/www/rddspm/app/Controllers/MonitoringDashController.php(27): CodeIgniter\Database\BaseBuilder->get()
#3 /var/www/rddspm/system/CodeIgniter.php(832): App\Controllers\MonitoringDashController->main_dashboard()
#4 /var/www/rddspm/system/CodeIgniter.php(419): CodeIgniter\CodeIgniter->runController()
#5 /var/www/rddspm/system/CodeIgniter.php(326): CodeIgniter\CodeIgniter->handleRequest()
#6 /var/www/rddspm/public/index.php(38): CodeIgniter\CodeIgniter->run()
#7 {main}
