CRITICAL - 2022-08-08 07:15:24 --> Undefined variable: scc22
#0 /var/www/rddspm/app/Views/dashboard-scc-1.php(77): CodeIgniter\Debug\Exceptions->errorHandler(8, 'Undefined varia...', '/var/www/rddspm...', 77, Array)
#1 /var/www/rddspm/system/View/View.php(210): include('/var/www/rddspm...')
#2 /var/www/rddspm/system/View/View.php(213): CodeIgniter\View\View->CodeIgniter\View\{closure}()
#3 /var/www/rddspm/system/Common.php(1089): CodeIgniter\View\View->render('dashboard-scc-1', Array, true)
#4 /var/www/rddspm/app/Controllers/MonitoringSccController.php(23): view('dashboard-scc-1', Array)
#5 /var/www/rddspm/system/CodeIgniter.php(832): App\Controllers\MonitoringSccController->scc1()
#6 /var/www/rddspm/system/CodeIgniter.php(419): CodeIgniter\CodeIgniter->runController(Object(App\Controllers\MonitoringSccController))
#7 /var/www/rddspm/system/CodeIgniter.php(326): CodeIgniter\CodeIgniter->handleRequest(NULL, Object(Config\Cache), false)
#8 /var/www/rddspm/public/index.php(38): CodeIgniter\CodeIgniter->run()
#9 /var/www/rddspm/system/Commands/Server/rewrite.php(43): require_once('/var/www/rddspm...')
#10 {main}
CRITICAL - 2022-08-08 07:23:23 --> Undefined variable: scc1
#0 /var/www/rddspm/app/Views/dashboard-scc-3.php(43): CodeIgniter\Debug\Exceptions->errorHandler(8, 'Undefined varia...', '/var/www/rddspm...', 43, Array)
#1 /var/www/rddspm/system/View/View.php(210): include('/var/www/rddspm...')
#2 /var/www/rddspm/system/View/View.php(213): CodeIgniter\View\View->CodeIgniter\View\{closure}()
#3 /var/www/rddspm/system/Common.php(1089): CodeIgniter\View\View->render('dashboard-scc-3', Array, true)
#4 /var/www/rddspm/app/Controllers/Home.php(16): view('dashboard-scc-3')
#5 /var/www/rddspm/system/CodeIgniter.php(832): App\Controllers\Home->root('dashboard-scc-3')
#6 /var/www/rddspm/system/CodeIgniter.php(419): CodeIgniter\CodeIgniter->runController(Object(App\Controllers\Home))
#7 /var/www/rddspm/system/CodeIgniter.php(326): CodeIgniter\CodeIgniter->handleRequest(NULL, Object(Config\Cache), false)
#8 /var/www/rddspm/public/index.php(38): CodeIgniter\CodeIgniter->run()
#9 /var/www/rddspm/system/Commands/Server/rewrite.php(43): require_once('/var/www/rddspm...')
#10 {main}
CRITICAL - 2022-08-08 07:53:01 --> Undefined property: App\Controllers\MonitoringSccController::$dashboardmodel
#0 /var/www/rddspm/app/Controllers/MonitoringSccController.php(39): CodeIgniter\Debug\Exceptions->errorHandler(8, 'Undefined prope...', '/var/www/rddspm...', 39, Array)
#1 /var/www/rddspm/system/CodeIgniter.php(832): App\Controllers\MonitoringSccController->get_data_scc1()
#2 /var/www/rddspm/system/CodeIgniter.php(419): CodeIgniter\CodeIgniter->runController(Object(App\Controllers\MonitoringSccController))
#3 /var/www/rddspm/system/CodeIgniter.php(326): CodeIgniter\CodeIgniter->handleRequest(NULL, Object(Config\Cache), false)
#4 /var/www/rddspm/public/index.php(38): CodeIgniter\CodeIgniter->run()
#5 /var/www/rddspm/system/Commands/Server/rewrite.php(43): require_once('/var/www/rddspm...')
#6 {main}
CRITICAL - 2022-08-08 07:53:59 --> Undefined property: App\Controllers\MonitoringSccController::$dashboardmodel
#0 /var/www/rddspm/app/Controllers/MonitoringSccController.php(39): CodeIgniter\Debug\Exceptions->errorHandler(8, 'Undefined prope...', '/var/www/rddspm...', 39, Array)
#1 /var/www/rddspm/system/CodeIgniter.php(832): App\Controllers\MonitoringSccController->get_data_scc1()
#2 /var/www/rddspm/system/CodeIgniter.php(419): CodeIgniter\CodeIgniter->runController(Object(App\Controllers\MonitoringSccController))
#3 /var/www/rddspm/system/CodeIgniter.php(326): CodeIgniter\CodeIgniter->handleRequest(NULL, Object(Config\Cache), false)
#4 /var/www/rddspm/public/index.php(38): CodeIgniter\CodeIgniter->run()
#5 /var/www/rddspm/system/Commands/Server/rewrite.php(43): require_once('/var/www/rddspm...')
#6 {main}
CRITICAL - 2022-08-08 07:57:03 --> Undefined property: App\Controllers\MonitoringSccController::$load
#0 /var/www/rddspm/app/Controllers/MonitoringSccController.php(14): CodeIgniter\Debug\Exceptions->errorHandler(8, 'Undefined prope...', '/var/www/rddspm...', 14, Array)
#1 /var/www/rddspm/system/CodeIgniter.php(809): App\Controllers\MonitoringSccController->__construct()
#2 /var/www/rddspm/system/CodeIgniter.php(410): CodeIgniter\CodeIgniter->createController()
#3 /var/www/rddspm/system/CodeIgniter.php(326): CodeIgniter\CodeIgniter->handleRequest(NULL, Object(Config\Cache), false)
#4 /var/www/rddspm/public/index.php(38): CodeIgniter\CodeIgniter->run()
#5 /var/www/rddspm/system/Commands/Server/rewrite.php(43): require_once('/var/www/rddspm...')
#6 {main}
CRITICAL - 2022-08-08 07:57:04 --> Undefined property: App\Controllers\MonitoringSccController::$load
#0 /var/www/rddspm/app/Controllers/MonitoringSccController.php(14): CodeIgniter\Debug\Exceptions->errorHandler(8, 'Undefined prope...', '/var/www/rddspm...', 14, Array)
#1 /var/www/rddspm/system/CodeIgniter.php(809): App\Controllers\MonitoringSccController->__construct()
#2 /var/www/rddspm/system/CodeIgniter.php(410): CodeIgniter\CodeIgniter->createController()
#3 /var/www/rddspm/system/CodeIgniter.php(326): CodeIgniter\CodeIgniter->handleRequest(NULL, Object(Config\Cache), false)
#4 /var/www/rddspm/public/index.php(38): CodeIgniter\CodeIgniter->run()
#5 /var/www/rddspm/system/Commands/Server/rewrite.php(43): require_once('/var/www/rddspm...')
#6 {main}
CRITICAL - 2022-08-08 08:00:28 --> Class 'App\Models\DashbboardModel' not found
#0 /var/www/rddspm/system/CodeIgniter.php(809): App\Controllers\MonitoringSccController->__construct()
#1 /var/www/rddspm/system/CodeIgniter.php(410): CodeIgniter\CodeIgniter->createController()
#2 /var/www/rddspm/system/CodeIgniter.php(326): CodeIgniter\CodeIgniter->handleRequest(NULL, Object(Config\Cache), false)
#3 /var/www/rddspm/public/index.php(38): CodeIgniter\CodeIgniter->run()
#4 /var/www/rddspm/system/Commands/Server/rewrite.php(43): require_once('/var/www/rddspm...')
#5 {main}
CRITICAL - 2022-08-08 08:00:38 --> Class 'App\Controllers\DashboardModel' not found
#0 /var/www/rddspm/system/CodeIgniter.php(809): App\Controllers\MonitoringSccController->__construct()
#1 /var/www/rddspm/system/CodeIgniter.php(410): CodeIgniter\CodeIgniter->createController()
#2 /var/www/rddspm/system/CodeIgniter.php(326): CodeIgniter\CodeIgniter->handleRequest(NULL, Object(Config\Cache), false)
#3 /var/www/rddspm/public/index.php(38): CodeIgniter\CodeIgniter->run()
#4 /var/www/rddspm/system/Commands/Server/rewrite.php(43): require_once('/var/www/rddspm...')
#5 {main}
CRITICAL - 2022-08-08 08:01:01 --> Class 'App\Controllers\DashboardModel' not found
#0 /var/www/rddspm/system/CodeIgniter.php(809): App\Controllers\MonitoringSccController->__construct()
#1 /var/www/rddspm/system/CodeIgniter.php(410): CodeIgniter\CodeIgniter->createController()
#2 /var/www/rddspm/system/CodeIgniter.php(326): CodeIgniter\CodeIgniter->handleRequest(NULL, Object(Config\Cache), false)
#3 /var/www/rddspm/public/index.php(38): CodeIgniter\CodeIgniter->run()
#4 /var/www/rddspm/system/Commands/Server/rewrite.php(43): require_once('/var/www/rddspm...')
#5 {main}
CRITICAL - 2022-08-08 08:01:51 --> Undefined property: App\Controllers\MonitoringSccController::$dashboardmodel
#0 /var/www/rddspm/app/Controllers/MonitoringSccController.php(40): CodeIgniter\Debug\Exceptions->errorHandler(8, 'Undefined prope...', '/var/www/rddspm...', 40, Array)
#1 /var/www/rddspm/system/CodeIgniter.php(832): App\Controllers\MonitoringSccController->get_data_scc1()
#2 /var/www/rddspm/system/CodeIgniter.php(419): CodeIgniter\CodeIgniter->runController(Object(App\Controllers\MonitoringSccController))
#3 /var/www/rddspm/system/CodeIgniter.php(326): CodeIgniter\CodeIgniter->handleRequest(NULL, Object(Config\Cache), false)
#4 /var/www/rddspm/public/index.php(38): CodeIgniter\CodeIgniter->run()
#5 /var/www/rddspm/system/Commands/Server/rewrite.php(43): require_once('/var/www/rddspm...')
#6 {main}
CRITICAL - 2022-08-08 08:01:52 --> Undefined property: App\Controllers\MonitoringSccController::$dashboardmodel
#0 /var/www/rddspm/app/Controllers/MonitoringSccController.php(40): CodeIgniter\Debug\Exceptions->errorHandler(8, 'Undefined prope...', '/var/www/rddspm...', 40, Array)
#1 /var/www/rddspm/system/CodeIgniter.php(832): App\Controllers\MonitoringSccController->get_data_scc1()
#2 /var/www/rddspm/system/CodeIgniter.php(419): CodeIgniter\CodeIgniter->runController(Object(App\Controllers\MonitoringSccController))
#3 /var/www/rddspm/system/CodeIgniter.php(326): CodeIgniter\CodeIgniter->handleRequest(NULL, Object(Config\Cache), false)
#4 /var/www/rddspm/public/index.php(38): CodeIgniter\CodeIgniter->run()
#5 /var/www/rddspm/system/Commands/Server/rewrite.php(43): require_once('/var/www/rddspm...')
#6 {main}
CRITICAL - 2022-08-08 08:02:37 --> syntax error, unexpected '->' (T_OBJECT_OPERATOR)
#0 /var/www/rddspm/system/Autoloader/Autoloader.php(241): CodeIgniter\Autoloader\Autoloader->includeFile('/var/www/rddspm...')
#1 /var/www/rddspm/system/Autoloader/Autoloader.php(219): CodeIgniter\Autoloader\Autoloader->loadInNamespace('App\\Controllers...')
#2 [internal function]: CodeIgniter\Autoloader\Autoloader->loadClass('App\\Controllers...')
#3 [internal function]: spl_autoload_call('App\\Controllers...')
#4 /var/www/rddspm/system/CodeIgniter.php(797): class_exists('\\App\\Controller...', true)
#5 /var/www/rddspm/system/CodeIgniter.php(406): CodeIgniter\CodeIgniter->startController()
#6 /var/www/rddspm/system/CodeIgniter.php(326): CodeIgniter\CodeIgniter->handleRequest(NULL, Object(Config\Cache), false)
#7 /var/www/rddspm/public/index.php(38): CodeIgniter\CodeIgniter->run()
#8 /var/www/rddspm/system/Commands/Server/rewrite.php(43): require_once('/var/www/rddspm...')
#9 {main}
CRITICAL - 2022-08-08 08:02:47 --> Undefined property: App\Controllers\MonitoringSccController::$dashboardmodel
#0 /var/www/rddspm/app/Controllers/MonitoringSccController.php(40): CodeIgniter\Debug\Exceptions->errorHandler(8, 'Undefined prope...', '/var/www/rddspm...', 40, Array)
#1 /var/www/rddspm/system/CodeIgniter.php(832): App\Controllers\MonitoringSccController->get_data_scc1()
#2 /var/www/rddspm/system/CodeIgniter.php(419): CodeIgniter\CodeIgniter->runController(Object(App\Controllers\MonitoringSccController))
#3 /var/www/rddspm/system/CodeIgniter.php(326): CodeIgniter\CodeIgniter->handleRequest(NULL, Object(Config\Cache), false)
#4 /var/www/rddspm/public/index.php(38): CodeIgniter\CodeIgniter->run()
#5 /var/www/rddspm/system/Commands/Server/rewrite.php(43): require_once('/var/www/rddspm...')
#6 {main}
CRITICAL - 2022-08-08 08:03:12 --> syntax error, unexpected '->' (T_OBJECT_OPERATOR)
#0 /var/www/rddspm/system/Autoloader/Autoloader.php(241): CodeIgniter\Autoloader\Autoloader->includeFile('/var/www/rddspm...')
#1 /var/www/rddspm/system/Autoloader/Autoloader.php(219): CodeIgniter\Autoloader\Autoloader->loadInNamespace('App\\Controllers...')
#2 [internal function]: CodeIgniter\Autoloader\Autoloader->loadClass('App\\Controllers...')
#3 [internal function]: spl_autoload_call('App\\Controllers...')
#4 /var/www/rddspm/system/CodeIgniter.php(797): class_exists('\\App\\Controller...', true)
#5 /var/www/rddspm/system/CodeIgniter.php(406): CodeIgniter\CodeIgniter->startController()
#6 /var/www/rddspm/system/CodeIgniter.php(326): CodeIgniter\CodeIgniter->handleRequest(NULL, Object(Config\Cache), false)
#7 /var/www/rddspm/public/index.php(38): CodeIgniter\CodeIgniter->run()
#8 /var/www/rddspm/system/Commands/Server/rewrite.php(43): require_once('/var/www/rddspm...')
#9 {main}
CRITICAL - 2022-08-08 08:05:27 --> Class 'App\Models\DashboardModel' not found
#0 /var/www/rddspm/system/CodeIgniter.php(809): App\Controllers\MonitoringSccController->__construct()
#1 /var/www/rddspm/system/CodeIgniter.php(410): CodeIgniter\CodeIgniter->createController()
#2 /var/www/rddspm/system/CodeIgniter.php(326): CodeIgniter\CodeIgniter->handleRequest(NULL, Object(Config\Cache), false)
#3 /var/www/rddspm/public/index.php(38): CodeIgniter\CodeIgniter->run()
#4 /var/www/rddspm/system/Commands/Server/rewrite.php(43): require_once('/var/www/rddspm...')
#5 {main}
CRITICAL - 2022-08-08 08:06:40 --> Class 'App\Models\DashboardModel' not found
#0 /var/www/rddspm/system/CodeIgniter.php(809): App\Controllers\MonitoringSccController->__construct()
#1 /var/www/rddspm/system/CodeIgniter.php(410): CodeIgniter\CodeIgniter->createController()
#2 /var/www/rddspm/system/CodeIgniter.php(326): CodeIgniter\CodeIgniter->handleRequest(NULL, Object(Config\Cache), false)
#3 /var/www/rddspm/public/index.php(38): CodeIgniter\CodeIgniter->run()
#4 /var/www/rddspm/system/Commands/Server/rewrite.php(43): require_once('/var/www/rddspm...')
#5 {main}
CRITICAL - 2022-08-08 08:22:35 --> Undefined variable: builder
#0 /var/www/rddspm/app/Controllers/MonitoringSccController.php(42): CodeIgniter\Debug\Exceptions->errorHandler(8, 'Undefined varia...', '/var/www/rddspm...', 42, Array)
#1 /var/www/rddspm/system/CodeIgniter.php(832): App\Controllers\MonitoringSccController->get_data_scc1()
#2 /var/www/rddspm/system/CodeIgniter.php(419): CodeIgniter\CodeIgniter->runController(Object(App\Controllers\MonitoringSccController))
#3 /var/www/rddspm/system/CodeIgniter.php(326): CodeIgniter\CodeIgniter->handleRequest(NULL, Object(Config\Cache), false)
#4 /var/www/rddspm/public/index.php(38): CodeIgniter\CodeIgniter->run()
#5 /var/www/rddspm/system/Commands/Server/rewrite.php(43): require_once('/var/www/rddspm...')
#6 {main}
CRITICAL - 2022-08-08 08:46:50 --> Object of class stdClass could not be converted to string
#0 /var/www/rddspm/app/Views/dashboard-scc-1.php(44): CodeIgniter\Debug\Exceptions->errorHandler(4096, 'Object of class...', '/var/www/rddspm...', 44, Array)
#1 /var/www/rddspm/system/View/View.php(210): include('/var/www/rddspm...')
#2 /var/www/rddspm/system/View/View.php(213): CodeIgniter\View\View->CodeIgniter\View\{closure}()
#3 /var/www/rddspm/system/Common.php(1089): CodeIgniter\View\View->render('dashboard-scc-1', Array, true)
#4 /var/www/rddspm/app/Controllers/MonitoringSccController.php(26): view('dashboard-scc-1', Array)
#5 /var/www/rddspm/system/CodeIgniter.php(832): App\Controllers\MonitoringSccController->scc1()
#6 /var/www/rddspm/system/CodeIgniter.php(419): CodeIgniter\CodeIgniter->runController(Object(App\Controllers\MonitoringSccController))
#7 /var/www/rddspm/system/CodeIgniter.php(326): CodeIgniter\CodeIgniter->handleRequest(NULL, Object(Config\Cache), false)
#8 /var/www/rddspm/public/index.php(38): CodeIgniter\CodeIgniter->run()
#9 /var/www/rddspm/system/Commands/Server/rewrite.php(43): require_once('/var/www/rddspm...')
#10 {main}
CRITICAL - 2022-08-08 08:50:48 --> Undefined variable: scc2_data
#0 /var/www/rddspm/app/Views/dashboard-scc-1.php(50): CodeIgniter\Debug\Exceptions->errorHandler(8, 'Undefined varia...', '/var/www/rddspm...', 50, Array)
#1 /var/www/rddspm/system/View/View.php(210): include('/var/www/rddspm...')
#2 /var/www/rddspm/system/View/View.php(213): CodeIgniter\View\View->CodeIgniter\View\{closure}()
#3 /var/www/rddspm/system/Common.php(1089): CodeIgniter\View\View->render('dashboard-scc-1', Array, true)
#4 /var/www/rddspm/app/Controllers/MonitoringSccController.php(26): view('dashboard-scc-1', Array)
#5 /var/www/rddspm/system/CodeIgniter.php(832): App\Controllers\MonitoringSccController->scc1()
#6 /var/www/rddspm/system/CodeIgniter.php(419): CodeIgniter\CodeIgniter->runController(Object(App\Controllers\MonitoringSccController))
#7 /var/www/rddspm/system/CodeIgniter.php(326): CodeIgniter\CodeIgniter->handleRequest(NULL, Object(Config\Cache), false)
#8 /var/www/rddspm/public/index.php(38): CodeIgniter\CodeIgniter->run()
#9 /var/www/rddspm/system/Commands/Server/rewrite.php(43): require_once('/var/www/rddspm...')
#10 {main}
CRITICAL - 2022-08-08 10:25:25 --> Undefined variable: scc2_data
#0 /var/www/rddspm/app/Views/dashboard-scc-1.php(50): CodeIgniter\Debug\Exceptions->errorHandler(8, 'Undefined varia...', '/var/www/rddspm...', 50, Array)
#1 /var/www/rddspm/system/View/View.php(210): include('/var/www/rddspm...')
#2 /var/www/rddspm/system/View/View.php(213): CodeIgniter\View\View->CodeIgniter\View\{closure}()
#3 /var/www/rddspm/system/Common.php(1089): CodeIgniter\View\View->render('dashboard-scc-1', Array, true)
#4 /var/www/rddspm/app/Controllers/MonitoringSccController.php(26): view('dashboard-scc-1', Array)
#5 /var/www/rddspm/system/CodeIgniter.php(832): App\Controllers\MonitoringSccController->scc1()
#6 /var/www/rddspm/system/CodeIgniter.php(419): CodeIgniter\CodeIgniter->runController(Object(App\Controllers\MonitoringSccController))
#7 /var/www/rddspm/system/CodeIgniter.php(326): CodeIgniter\CodeIgniter->handleRequest(NULL, Object(Config\Cache), false)
#8 /var/www/rddspm/public/index.php(38): CodeIgniter\CodeIgniter->run()
#9 /var/www/rddspm/system/Commands/Server/rewrite.php(43): require_once('/var/www/rddspm...')
#10 {main}
CRITICAL - 2022-08-08 11:04:18 --> Undefined variable: scc12
#0 /var/www/rddspm/app/Views/ajax/a-dashboard-scc-1.php(16): CodeIgniter\Debug\Exceptions->errorHandler(8, 'Undefined varia...', '/var/www/rddspm...', 16, Array)
#1 /var/www/rddspm/system/View/View.php(210): include('/var/www/rddspm...')
#2 /var/www/rddspm/system/View/View.php(213): CodeIgniter\View\View->CodeIgniter\View\{closure}()
#3 /var/www/rddspm/system/Common.php(1089): CodeIgniter\View\View->render('ajax/a-dashboar...', Array, true)
#4 /var/www/rddspm/app/Controllers/DashboardSccController.php(46): view('ajax/a-dashboar...', Array)
#5 /var/www/rddspm/system/CodeIgniter.php(832): App\Controllers\DashboardSccController->ajax_dashboard_scc()
#6 /var/www/rddspm/system/CodeIgniter.php(419): CodeIgniter\CodeIgniter->runController(Object(App\Controllers\DashboardSccController))
#7 /var/www/rddspm/system/CodeIgniter.php(326): CodeIgniter\CodeIgniter->handleRequest(NULL, Object(Config\Cache), false)
#8 /var/www/rddspm/public/index.php(38): CodeIgniter\CodeIgniter->run()
#9 /var/www/rddspm/system/Commands/Server/rewrite.php(43): require_once('/var/www/rddspm...')
#10 {main}
CRITICAL - 2022-08-08 11:04:20 --> Undefined variable: scc12
#0 /var/www/rddspm/app/Views/ajax/a-dashboard-scc-1.php(16): CodeIgniter\Debug\Exceptions->errorHandler(8, 'Undefined varia...', '/var/www/rddspm...', 16, Array)
#1 /var/www/rddspm/system/View/View.php(210): include('/var/www/rddspm...')
#2 /var/www/rddspm/system/View/View.php(213): CodeIgniter\View\View->CodeIgniter\View\{closure}()
#3 /var/www/rddspm/system/Common.php(1089): CodeIgniter\View\View->render('ajax/a-dashboar...', Array, true)
#4 /var/www/rddspm/app/Controllers/DashboardSccController.php(46): view('ajax/a-dashboar...', Array)
#5 /var/www/rddspm/system/CodeIgniter.php(832): App\Controllers\DashboardSccController->ajax_dashboard_scc()
#6 /var/www/rddspm/system/CodeIgniter.php(419): CodeIgniter\CodeIgniter->runController(Object(App\Controllers\DashboardSccController))
#7 /var/www/rddspm/system/CodeIgniter.php(326): CodeIgniter\CodeIgniter->handleRequest(NULL, Object(Config\Cache), false)
#8 /var/www/rddspm/public/index.php(38): CodeIgniter\CodeIgniter->run()
#9 /var/www/rddspm/system/Commands/Server/rewrite.php(43): require_once('/var/www/rddspm...')
#10 {main}
CRITICAL - 2022-08-08 11:04:22 --> Undefined variable: scc12
#0 /var/www/rddspm/app/Views/ajax/a-dashboard-scc-1.php(16): CodeIgniter\Debug\Exceptions->errorHandler(8, 'Undefined varia...', '/var/www/rddspm...', 16, Array)
#1 /var/www/rddspm/system/View/View.php(210): include('/var/www/rddspm...')
#2 /var/www/rddspm/system/View/View.php(213): CodeIgniter\View\View->CodeIgniter\View\{closure}()
#3 /var/www/rddspm/system/Common.php(1089): CodeIgniter\View\View->render('ajax/a-dashboar...', Array, true)
#4 /var/www/rddspm/app/Controllers/DashboardSccController.php(46): view('ajax/a-dashboar...', Array)
#5 /var/www/rddspm/system/CodeIgniter.php(832): App\Controllers\DashboardSccController->ajax_dashboard_scc()
#6 /var/www/rddspm/system/CodeIgniter.php(419): CodeIgniter\CodeIgniter->runController(Object(App\Controllers\DashboardSccController))
#7 /var/www/rddspm/system/CodeIgniter.php(326): CodeIgniter\CodeIgniter->handleRequest(NULL, Object(Config\Cache), false)
#8 /var/www/rddspm/public/index.php(38): CodeIgniter\CodeIgniter->run()
#9 /var/www/rddspm/system/Commands/Server/rewrite.php(43): require_once('/var/www/rddspm...')
#10 {main}
CRITICAL - 2022-08-08 11:04:24 --> Undefined variable: scc12
#0 /var/www/rddspm/app/Views/ajax/a-dashboard-scc-1.php(16): CodeIgniter\Debug\Exceptions->errorHandler(8, 'Undefined varia...', '/var/www/rddspm...', 16, Array)
#1 /var/www/rddspm/system/View/View.php(210): include('/var/www/rddspm...')
#2 /var/www/rddspm/system/View/View.php(213): CodeIgniter\View\View->CodeIgniter\View\{closure}()
#3 /var/www/rddspm/system/Common.php(1089): CodeIgniter\View\View->render('ajax/a-dashboar...', Array, true)
#4 /var/www/rddspm/app/Controllers/DashboardSccController.php(46): view('ajax/a-dashboar...', Array)
#5 /var/www/rddspm/system/CodeIgniter.php(832): App\Controllers\DashboardSccController->ajax_dashboard_scc()
#6 /var/www/rddspm/system/CodeIgniter.php(419): CodeIgniter\CodeIgniter->runController(Object(App\Controllers\DashboardSccController))
#7 /var/www/rddspm/system/CodeIgniter.php(326): CodeIgniter\CodeIgniter->handleRequest(NULL, Object(Config\Cache), false)
#8 /var/www/rddspm/public/index.php(38): CodeIgniter\CodeIgniter->run()
#9 /var/www/rddspm/system/Commands/Server/rewrite.php(43): require_once('/var/www/rddspm...')
#10 {main}
CRITICAL - 2022-08-08 11:04:26 --> Undefined variable: scc12
#0 /var/www/rddspm/app/Views/ajax/a-dashboard-scc-1.php(16): CodeIgniter\Debug\Exceptions->errorHandler(8, 'Undefined varia...', '/var/www/rddspm...', 16, Array)
#1 /var/www/rddspm/system/View/View.php(210): include('/var/www/rddspm...')
#2 /var/www/rddspm/system/View/View.php(213): CodeIgniter\View\View->CodeIgniter\View\{closure}()
#3 /var/www/rddspm/system/Common.php(1089): CodeIgniter\View\View->render('ajax/a-dashboar...', Array, true)
#4 /var/www/rddspm/app/Controllers/DashboardSccController.php(46): view('ajax/a-dashboar...', Array)
#5 /var/www/rddspm/system/CodeIgniter.php(832): App\Controllers\DashboardSccController->ajax_dashboard_scc()
#6 /var/www/rddspm/system/CodeIgniter.php(419): CodeIgniter\CodeIgniter->runController(Object(App\Controllers\DashboardSccController))
#7 /var/www/rddspm/system/CodeIgniter.php(326): CodeIgniter\CodeIgniter->handleRequest(NULL, Object(Config\Cache), false)
#8 /var/www/rddspm/public/index.php(38): CodeIgniter\CodeIgniter->run()
#9 /var/www/rddspm/system/Commands/Server/rewrite.php(43): require_once('/var/www/rddspm...')
#10 {main}
CRITICAL - 2022-08-08 11:04:28 --> Undefined variable: scc12
#0 /var/www/rddspm/app/Views/ajax/a-dashboard-scc-1.php(16): CodeIgniter\Debug\Exceptions->errorHandler(8, 'Undefined varia...', '/var/www/rddspm...', 16, Array)
#1 /var/www/rddspm/system/View/View.php(210): include('/var/www/rddspm...')
#2 /var/www/rddspm/system/View/View.php(213): CodeIgniter\View\View->CodeIgniter\View\{closure}()
#3 /var/www/rddspm/system/Common.php(1089): CodeIgniter\View\View->render('ajax/a-dashboar...', Array, true)
#4 /var/www/rddspm/app/Controllers/DashboardSccController.php(46): view('ajax/a-dashboar...', Array)
#5 /var/www/rddspm/system/CodeIgniter.php(832): App\Controllers\DashboardSccController->ajax_dashboard_scc()
#6 /var/www/rddspm/system/CodeIgniter.php(419): CodeIgniter\CodeIgniter->runController(Object(App\Controllers\DashboardSccController))
#7 /var/www/rddspm/system/CodeIgniter.php(326): CodeIgniter\CodeIgniter->handleRequest(NULL, Object(Config\Cache), false)
#8 /var/www/rddspm/public/index.php(38): CodeIgniter\CodeIgniter->run()
#9 /var/www/rddspm/system/Commands/Server/rewrite.php(43): require_once('/var/www/rddspm...')
#10 {main}
CRITICAL - 2022-08-08 11:04:30 --> Undefined variable: scc12
#0 /var/www/rddspm/app/Views/ajax/a-dashboard-scc-1.php(16): CodeIgniter\Debug\Exceptions->errorHandler(8, 'Undefined varia...', '/var/www/rddspm...', 16, Array)
#1 /var/www/rddspm/system/View/View.php(210): include('/var/www/rddspm...')
#2 /var/www/rddspm/system/View/View.php(213): CodeIgniter\View\View->CodeIgniter\View\{closure}()
#3 /var/www/rddspm/system/Common.php(1089): CodeIgniter\View\View->render('ajax/a-dashboar...', Array, true)
#4 /var/www/rddspm/app/Controllers/DashboardSccController.php(46): view('ajax/a-dashboar...', Array)
#5 /var/www/rddspm/system/CodeIgniter.php(832): App\Controllers\DashboardSccController->ajax_dashboard_scc()
#6 /var/www/rddspm/system/CodeIgniter.php(419): CodeIgniter\CodeIgniter->runController(Object(App\Controllers\DashboardSccController))
#7 /var/www/rddspm/system/CodeIgniter.php(326): CodeIgniter\CodeIgniter->handleRequest(NULL, Object(Config\Cache), false)
#8 /var/www/rddspm/public/index.php(38): CodeIgniter\CodeIgniter->run()
#9 /var/www/rddspm/system/Commands/Server/rewrite.php(43): require_once('/var/www/rddspm...')
#10 {main}
CRITICAL - 2022-08-08 11:04:32 --> Undefined variable: scc12
#0 /var/www/rddspm/app/Views/ajax/a-dashboard-scc-1.php(16): CodeIgniter\Debug\Exceptions->errorHandler(8, 'Undefined varia...', '/var/www/rddspm...', 16, Array)
#1 /var/www/rddspm/system/View/View.php(210): include('/var/www/rddspm...')
#2 /var/www/rddspm/system/View/View.php(213): CodeIgniter\View\View->CodeIgniter\View\{closure}()
#3 /var/www/rddspm/system/Common.php(1089): CodeIgniter\View\View->render('ajax/a-dashboar...', Array, true)
#4 /var/www/rddspm/app/Controllers/DashboardSccController.php(46): view('ajax/a-dashboar...', Array)
#5 /var/www/rddspm/system/CodeIgniter.php(832): App\Controllers\DashboardSccController->ajax_dashboard_scc()
#6 /var/www/rddspm/system/CodeIgniter.php(419): CodeIgniter\CodeIgniter->runController(Object(App\Controllers\DashboardSccController))
#7 /var/www/rddspm/system/CodeIgniter.php(326): CodeIgniter\CodeIgniter->handleRequest(NULL, Object(Config\Cache), false)
#8 /var/www/rddspm/public/index.php(38): CodeIgniter\CodeIgniter->run()
#9 /var/www/rddspm/system/Commands/Server/rewrite.php(43): require_once('/var/www/rddspm...')
#10 {main}
CRITICAL - 2022-08-08 11:04:34 --> Undefined variable: scc12
#0 /var/www/rddspm/app/Views/ajax/a-dashboard-scc-1.php(16): CodeIgniter\Debug\Exceptions->errorHandler(8, 'Undefined varia...', '/var/www/rddspm...', 16, Array)
#1 /var/www/rddspm/system/View/View.php(210): include('/var/www/rddspm...')
#2 /var/www/rddspm/system/View/View.php(213): CodeIgniter\View\View->CodeIgniter\View\{closure}()
#3 /var/www/rddspm/system/Common.php(1089): CodeIgniter\View\View->render('ajax/a-dashboar...', Array, true)
#4 /var/www/rddspm/app/Controllers/DashboardSccController.php(46): view('ajax/a-dashboar...', Array)
#5 /var/www/rddspm/system/CodeIgniter.php(832): App\Controllers\DashboardSccController->ajax_dashboard_scc()
#6 /var/www/rddspm/system/CodeIgniter.php(419): CodeIgniter\CodeIgniter->runController(Object(App\Controllers\DashboardSccController))
#7 /var/www/rddspm/system/CodeIgniter.php(326): CodeIgniter\CodeIgniter->handleRequest(NULL, Object(Config\Cache), false)
#8 /var/www/rddspm/public/index.php(38): CodeIgniter\CodeIgniter->run()
#9 /var/www/rddspm/system/Commands/Server/rewrite.php(43): require_once('/var/www/rddspm...')
#10 {main}
CRITICAL - 2022-08-08 11:04:36 --> Undefined variable: scc12
#0 /var/www/rddspm/app/Views/ajax/a-dashboard-scc-1.php(16): CodeIgniter\Debug\Exceptions->errorHandler(8, 'Undefined varia...', '/var/www/rddspm...', 16, Array)
#1 /var/www/rddspm/system/View/View.php(210): include('/var/www/rddspm...')
#2 /var/www/rddspm/system/View/View.php(213): CodeIgniter\View\View->CodeIgniter\View\{closure}()
#3 /var/www/rddspm/system/Common.php(1089): CodeIgniter\View\View->render('ajax/a-dashboar...', Array, true)
#4 /var/www/rddspm/app/Controllers/DashboardSccController.php(46): view('ajax/a-dashboar...', Array)
#5 /var/www/rddspm/system/CodeIgniter.php(832): App\Controllers\DashboardSccController->ajax_dashboard_scc()
#6 /var/www/rddspm/system/CodeIgniter.php(419): CodeIgniter\CodeIgniter->runController(Object(App\Controllers\DashboardSccController))
#7 /var/www/rddspm/system/CodeIgniter.php(326): CodeIgniter\CodeIgniter->handleRequest(NULL, Object(Config\Cache), false)
#8 /var/www/rddspm/public/index.php(38): CodeIgniter\CodeIgniter->run()
#9 /var/www/rddspm/system/Commands/Server/rewrite.php(43): require_once('/var/www/rddspm...')
#10 {main}
CRITICAL - 2022-08-08 11:04:38 --> Undefined variable: scc12
#0 /var/www/rddspm/app/Views/ajax/a-dashboard-scc-1.php(16): CodeIgniter\Debug\Exceptions->errorHandler(8, 'Undefined varia...', '/var/www/rddspm...', 16, Array)
#1 /var/www/rddspm/system/View/View.php(210): include('/var/www/rddspm...')
#2 /var/www/rddspm/system/View/View.php(213): CodeIgniter\View\View->CodeIgniter\View\{closure}()
#3 /var/www/rddspm/system/Common.php(1089): CodeIgniter\View\View->render('ajax/a-dashboar...', Array, true)
#4 /var/www/rddspm/app/Controllers/DashboardSccController.php(46): view('ajax/a-dashboar...', Array)
#5 /var/www/rddspm/system/CodeIgniter.php(832): App\Controllers\DashboardSccController->ajax_dashboard_scc()
#6 /var/www/rddspm/system/CodeIgniter.php(419): CodeIgniter\CodeIgniter->runController(Object(App\Controllers\DashboardSccController))
#7 /var/www/rddspm/system/CodeIgniter.php(326): CodeIgniter\CodeIgniter->handleRequest(NULL, Object(Config\Cache), false)
#8 /var/www/rddspm/public/index.php(38): CodeIgniter\CodeIgniter->run()
#9 /var/www/rddspm/system/Commands/Server/rewrite.php(43): require_once('/var/www/rddspm...')
#10 {main}
CRITICAL - 2022-08-08 11:04:40 --> Undefined variable: scc12
#0 /var/www/rddspm/app/Views/ajax/a-dashboard-scc-1.php(16): CodeIgniter\Debug\Exceptions->errorHandler(8, 'Undefined varia...', '/var/www/rddspm...', 16, Array)
#1 /var/www/rddspm/system/View/View.php(210): include('/var/www/rddspm...')
#2 /var/www/rddspm/system/View/View.php(213): CodeIgniter\View\View->CodeIgniter\View\{closure}()
#3 /var/www/rddspm/system/Common.php(1089): CodeIgniter\View\View->render('ajax/a-dashboar...', Array, true)
#4 /var/www/rddspm/app/Controllers/DashboardSccController.php(46): view('ajax/a-dashboar...', Array)
#5 /var/www/rddspm/system/CodeIgniter.php(832): App\Controllers\DashboardSccController->ajax_dashboard_scc()
#6 /var/www/rddspm/system/CodeIgniter.php(419): CodeIgniter\CodeIgniter->runController(Object(App\Controllers\DashboardSccController))
#7 /var/www/rddspm/system/CodeIgniter.php(326): CodeIgniter\CodeIgniter->handleRequest(NULL, Object(Config\Cache), false)
#8 /var/www/rddspm/public/index.php(38): CodeIgniter\CodeIgniter->run()
#9 /var/www/rddspm/system/Commands/Server/rewrite.php(43): require_once('/var/www/rddspm...')
#10 {main}
CRITICAL - 2022-08-08 11:04:42 --> Undefined variable: scc12
#0 /var/www/rddspm/app/Views/ajax/a-dashboard-scc-1.php(16): CodeIgniter\Debug\Exceptions->errorHandler(8, 'Undefined varia...', '/var/www/rddspm...', 16, Array)
#1 /var/www/rddspm/system/View/View.php(210): include('/var/www/rddspm...')
#2 /var/www/rddspm/system/View/View.php(213): CodeIgniter\View\View->CodeIgniter\View\{closure}()
#3 /var/www/rddspm/system/Common.php(1089): CodeIgniter\View\View->render('ajax/a-dashboar...', Array, true)
#4 /var/www/rddspm/app/Controllers/DashboardSccController.php(46): view('ajax/a-dashboar...', Array)
#5 /var/www/rddspm/system/CodeIgniter.php(832): App\Controllers\DashboardSccController->ajax_dashboard_scc()
#6 /var/www/rddspm/system/CodeIgniter.php(419): CodeIgniter\CodeIgniter->runController(Object(App\Controllers\DashboardSccController))
#7 /var/www/rddspm/system/CodeIgniter.php(326): CodeIgniter\CodeIgniter->handleRequest(NULL, Object(Config\Cache), false)
#8 /var/www/rddspm/public/index.php(38): CodeIgniter\CodeIgniter->run()
#9 /var/www/rddspm/system/Commands/Server/rewrite.php(43): require_once('/var/www/rddspm...')
#10 {main}
CRITICAL - 2022-08-08 11:04:44 --> Undefined variable: scc12
#0 /var/www/rddspm/app/Views/ajax/a-dashboard-scc-1.php(16): CodeIgniter\Debug\Exceptions->errorHandler(8, 'Undefined varia...', '/var/www/rddspm...', 16, Array)
#1 /var/www/rddspm/system/View/View.php(210): include('/var/www/rddspm...')
#2 /var/www/rddspm/system/View/View.php(213): CodeIgniter\View\View->CodeIgniter\View\{closure}()
#3 /var/www/rddspm/system/Common.php(1089): CodeIgniter\View\View->render('ajax/a-dashboar...', Array, true)
#4 /var/www/rddspm/app/Controllers/DashboardSccController.php(46): view('ajax/a-dashboar...', Array)
#5 /var/www/rddspm/system/CodeIgniter.php(832): App\Controllers\DashboardSccController->ajax_dashboard_scc()
#6 /var/www/rddspm/system/CodeIgniter.php(419): CodeIgniter\CodeIgniter->runController(Object(App\Controllers\DashboardSccController))
#7 /var/www/rddspm/system/CodeIgniter.php(326): CodeIgniter\CodeIgniter->handleRequest(NULL, Object(Config\Cache), false)
#8 /var/www/rddspm/public/index.php(38): CodeIgniter\CodeIgniter->run()
#9 /var/www/rddspm/system/Commands/Server/rewrite.php(43): require_once('/var/www/rddspm...')
#10 {main}
CRITICAL - 2022-08-08 11:04:46 --> Undefined variable: scc12
#0 /var/www/rddspm/app/Views/ajax/a-dashboard-scc-1.php(16): CodeIgniter\Debug\Exceptions->errorHandler(8, 'Undefined varia...', '/var/www/rddspm...', 16, Array)
#1 /var/www/rddspm/system/View/View.php(210): include('/var/www/rddspm...')
#2 /var/www/rddspm/system/View/View.php(213): CodeIgniter\View\View->CodeIgniter\View\{closure}()
#3 /var/www/rddspm/system/Common.php(1089): CodeIgniter\View\View->render('ajax/a-dashboar...', Array, true)
#4 /var/www/rddspm/app/Controllers/DashboardSccController.php(46): view('ajax/a-dashboar...', Array)
#5 /var/www/rddspm/system/CodeIgniter.php(832): App\Controllers\DashboardSccController->ajax_dashboard_scc()
#6 /var/www/rddspm/system/CodeIgniter.php(419): CodeIgniter\CodeIgniter->runController(Object(App\Controllers\DashboardSccController))
#7 /var/www/rddspm/system/CodeIgniter.php(326): CodeIgniter\CodeIgniter->handleRequest(NULL, Object(Config\Cache), false)
#8 /var/www/rddspm/public/index.php(38): CodeIgniter\CodeIgniter->run()
#9 /var/www/rddspm/system/Commands/Server/rewrite.php(43): require_once('/var/www/rddspm...')
#10 {main}
CRITICAL - 2022-08-08 11:04:48 --> Undefined variable: scc12
#0 /var/www/rddspm/app/Views/ajax/a-dashboard-scc-1.php(16): CodeIgniter\Debug\Exceptions->errorHandler(8, 'Undefined varia...', '/var/www/rddspm...', 16, Array)
#1 /var/www/rddspm/system/View/View.php(210): include('/var/www/rddspm...')
#2 /var/www/rddspm/system/View/View.php(213): CodeIgniter\View\View->CodeIgniter\View\{closure}()
#3 /var/www/rddspm/system/Common.php(1089): CodeIgniter\View\View->render('ajax/a-dashboar...', Array, true)
#4 /var/www/rddspm/app/Controllers/DashboardSccController.php(46): view('ajax/a-dashboar...', Array)
#5 /var/www/rddspm/system/CodeIgniter.php(832): App\Controllers\DashboardSccController->ajax_dashboard_scc()
#6 /var/www/rddspm/system/CodeIgniter.php(419): CodeIgniter\CodeIgniter->runController(Object(App\Controllers\DashboardSccController))
#7 /var/www/rddspm/system/CodeIgniter.php(326): CodeIgniter\CodeIgniter->handleRequest(NULL, Object(Config\Cache), false)
#8 /var/www/rddspm/public/index.php(38): CodeIgniter\CodeIgniter->run()
#9 /var/www/rddspm/system/Commands/Server/rewrite.php(43): require_once('/var/www/rddspm...')
#10 {main}
CRITICAL - 2022-08-08 11:04:50 --> Undefined variable: scc12
#0 /var/www/rddspm/app/Views/ajax/a-dashboard-scc-1.php(16): CodeIgniter\Debug\Exceptions->errorHandler(8, 'Undefined varia...', '/var/www/rddspm...', 16, Array)
#1 /var/www/rddspm/system/View/View.php(210): include('/var/www/rddspm...')
#2 /var/www/rddspm/system/View/View.php(213): CodeIgniter\View\View->CodeIgniter\View\{closure}()
#3 /var/www/rddspm/system/Common.php(1089): CodeIgniter\View\View->render('ajax/a-dashboar...', Array, true)
#4 /var/www/rddspm/app/Controllers/DashboardSccController.php(46): view('ajax/a-dashboar...', Array)
#5 /var/www/rddspm/system/CodeIgniter.php(832): App\Controllers\DashboardSccController->ajax_dashboard_scc()
#6 /var/www/rddspm/system/CodeIgniter.php(419): CodeIgniter\CodeIgniter->runController(Object(App\Controllers\DashboardSccController))
#7 /var/www/rddspm/system/CodeIgniter.php(326): CodeIgniter\CodeIgniter->handleRequest(NULL, Object(Config\Cache), false)
#8 /var/www/rddspm/public/index.php(38): CodeIgniter\CodeIgniter->run()
#9 /var/www/rddspm/system/Commands/Server/rewrite.php(43): require_once('/var/www/rddspm...')
#10 {main}
CRITICAL - 2022-08-08 11:04:52 --> Undefined variable: scc12
#0 /var/www/rddspm/app/Views/ajax/a-dashboard-scc-1.php(16): CodeIgniter\Debug\Exceptions->errorHandler(8, 'Undefined varia...', '/var/www/rddspm...', 16, Array)
#1 /var/www/rddspm/system/View/View.php(210): include('/var/www/rddspm...')
#2 /var/www/rddspm/system/View/View.php(213): CodeIgniter\View\View->CodeIgniter\View\{closure}()
#3 /var/www/rddspm/system/Common.php(1089): CodeIgniter\View\View->render('ajax/a-dashboar...', Array, true)
#4 /var/www/rddspm/app/Controllers/DashboardSccController.php(46): view('ajax/a-dashboar...', Array)
#5 /var/www/rddspm/system/CodeIgniter.php(832): App\Controllers\DashboardSccController->ajax_dashboard_scc()
#6 /var/www/rddspm/system/CodeIgniter.php(419): CodeIgniter\CodeIgniter->runController(Object(App\Controllers\DashboardSccController))
#7 /var/www/rddspm/system/CodeIgniter.php(326): CodeIgniter\CodeIgniter->handleRequest(NULL, Object(Config\Cache), false)
#8 /var/www/rddspm/public/index.php(38): CodeIgniter\CodeIgniter->run()
#9 /var/www/rddspm/system/Commands/Server/rewrite.php(43): require_once('/var/www/rddspm...')
#10 {main}
CRITICAL - 2022-08-08 11:04:54 --> Undefined variable: scc12
#0 /var/www/rddspm/app/Views/ajax/a-dashboard-scc-1.php(16): CodeIgniter\Debug\Exceptions->errorHandler(8, 'Undefined varia...', '/var/www/rddspm...', 16, Array)
#1 /var/www/rddspm/system/View/View.php(210): include('/var/www/rddspm...')
#2 /var/www/rddspm/system/View/View.php(213): CodeIgniter\View\View->CodeIgniter\View\{closure}()
#3 /var/www/rddspm/system/Common.php(1089): CodeIgniter\View\View->render('ajax/a-dashboar...', Array, true)
#4 /var/www/rddspm/app/Controllers/DashboardSccController.php(46): view('ajax/a-dashboar...', Array)
#5 /var/www/rddspm/system/CodeIgniter.php(832): App\Controllers\DashboardSccController->ajax_dashboard_scc()
#6 /var/www/rddspm/system/CodeIgniter.php(419): CodeIgniter\CodeIgniter->runController(Object(App\Controllers\DashboardSccController))
#7 /var/www/rddspm/system/CodeIgniter.php(326): CodeIgniter\CodeIgniter->handleRequest(NULL, Object(Config\Cache), false)
#8 /var/www/rddspm/public/index.php(38): CodeIgniter\CodeIgniter->run()
#9 /var/www/rddspm/system/Commands/Server/rewrite.php(43): require_once('/var/www/rddspm...')
#10 {main}
CRITICAL - 2022-08-08 11:04:56 --> Undefined variable: scc12
#0 /var/www/rddspm/app/Views/ajax/a-dashboard-scc-1.php(16): CodeIgniter\Debug\Exceptions->errorHandler(8, 'Undefined varia...', '/var/www/rddspm...', 16, Array)
#1 /var/www/rddspm/system/View/View.php(210): include('/var/www/rddspm...')
#2 /var/www/rddspm/system/View/View.php(213): CodeIgniter\View\View->CodeIgniter\View\{closure}()
#3 /var/www/rddspm/system/Common.php(1089): CodeIgniter\View\View->render('ajax/a-dashboar...', Array, true)
#4 /var/www/rddspm/app/Controllers/DashboardSccController.php(46): view('ajax/a-dashboar...', Array)
#5 /var/www/rddspm/system/CodeIgniter.php(832): App\Controllers\DashboardSccController->ajax_dashboard_scc()
#6 /var/www/rddspm/system/CodeIgniter.php(419): CodeIgniter\CodeIgniter->runController(Object(App\Controllers\DashboardSccController))
#7 /var/www/rddspm/system/CodeIgniter.php(326): CodeIgniter\CodeIgniter->handleRequest(NULL, Object(Config\Cache), false)
#8 /var/www/rddspm/public/index.php(38): CodeIgniter\CodeIgniter->run()
#9 /var/www/rddspm/system/Commands/Server/rewrite.php(43): require_once('/var/www/rddspm...')
#10 {main}
CRITICAL - 2022-08-08 11:04:58 --> Undefined variable: scc12
#0 /var/www/rddspm/app/Views/ajax/a-dashboard-scc-1.php(16): CodeIgniter\Debug\Exceptions->errorHandler(8, 'Undefined varia...', '/var/www/rddspm...', 16, Array)
#1 /var/www/rddspm/system/View/View.php(210): include('/var/www/rddspm...')
#2 /var/www/rddspm/system/View/View.php(213): CodeIgniter\View\View->CodeIgniter\View\{closure}()
#3 /var/www/rddspm/system/Common.php(1089): CodeIgniter\View\View->render('ajax/a-dashboar...', Array, true)
#4 /var/www/rddspm/app/Controllers/DashboardSccController.php(46): view('ajax/a-dashboar...', Array)
#5 /var/www/rddspm/system/CodeIgniter.php(832): App\Controllers\DashboardSccController->ajax_dashboard_scc()
#6 /var/www/rddspm/system/CodeIgniter.php(419): CodeIgniter\CodeIgniter->runController(Object(App\Controllers\DashboardSccController))
#7 /var/www/rddspm/system/CodeIgniter.php(326): CodeIgniter\CodeIgniter->handleRequest(NULL, Object(Config\Cache), false)
#8 /var/www/rddspm/public/index.php(38): CodeIgniter\CodeIgniter->run()
#9 /var/www/rddspm/system/Commands/Server/rewrite.php(43): require_once('/var/www/rddspm...')
#10 {main}
CRITICAL - 2022-08-08 11:05:00 --> Undefined variable: scc12
#0 /var/www/rddspm/app/Views/ajax/a-dashboard-scc-1.php(16): CodeIgniter\Debug\Exceptions->errorHandler(8, 'Undefined varia...', '/var/www/rddspm...', 16, Array)
#1 /var/www/rddspm/system/View/View.php(210): include('/var/www/rddspm...')
#2 /var/www/rddspm/system/View/View.php(213): CodeIgniter\View\View->CodeIgniter\View\{closure}()
#3 /var/www/rddspm/system/Common.php(1089): CodeIgniter\View\View->render('ajax/a-dashboar...', Array, true)
#4 /var/www/rddspm/app/Controllers/DashboardSccController.php(46): view('ajax/a-dashboar...', Array)
#5 /var/www/rddspm/system/CodeIgniter.php(832): App\Controllers\DashboardSccController->ajax_dashboard_scc()
#6 /var/www/rddspm/system/CodeIgniter.php(419): CodeIgniter\CodeIgniter->runController(Object(App\Controllers\DashboardSccController))
#7 /var/www/rddspm/system/CodeIgniter.php(326): CodeIgniter\CodeIgniter->handleRequest(NULL, Object(Config\Cache), false)
#8 /var/www/rddspm/public/index.php(38): CodeIgniter\CodeIgniter->run()
#9 /var/www/rddspm/system/Commands/Server/rewrite.php(43): require_once('/var/www/rddspm...')
#10 {main}
CRITICAL - 2022-08-08 11:05:02 --> Undefined variable: scc12
#0 /var/www/rddspm/app/Views/ajax/a-dashboard-scc-1.php(16): CodeIgniter\Debug\Exceptions->errorHandler(8, 'Undefined varia...', '/var/www/rddspm...', 16, Array)
#1 /var/www/rddspm/system/View/View.php(210): include('/var/www/rddspm...')
#2 /var/www/rddspm/system/View/View.php(213): CodeIgniter\View\View->CodeIgniter\View\{closure}()
#3 /var/www/rddspm/system/Common.php(1089): CodeIgniter\View\View->render('ajax/a-dashboar...', Array, true)
#4 /var/www/rddspm/app/Controllers/DashboardSccController.php(46): view('ajax/a-dashboar...', Array)
#5 /var/www/rddspm/system/CodeIgniter.php(832): App\Controllers\DashboardSccController->ajax_dashboard_scc()
#6 /var/www/rddspm/system/CodeIgniter.php(419): CodeIgniter\CodeIgniter->runController(Object(App\Controllers\DashboardSccController))
#7 /var/www/rddspm/system/CodeIgniter.php(326): CodeIgniter\CodeIgniter->handleRequest(NULL, Object(Config\Cache), false)
#8 /var/www/rddspm/public/index.php(38): CodeIgniter\CodeIgniter->run()
#9 /var/www/rddspm/system/Commands/Server/rewrite.php(43): require_once('/var/www/rddspm...')
#10 {main}
CRITICAL - 2022-08-08 11:05:04 --> Undefined variable: scc12
#0 /var/www/rddspm/app/Views/ajax/a-dashboard-scc-1.php(16): CodeIgniter\Debug\Exceptions->errorHandler(8, 'Undefined varia...', '/var/www/rddspm...', 16, Array)
#1 /var/www/rddspm/system/View/View.php(210): include('/var/www/rddspm...')
#2 /var/www/rddspm/system/View/View.php(213): CodeIgniter\View\View->CodeIgniter\View\{closure}()
#3 /var/www/rddspm/system/Common.php(1089): CodeIgniter\View\View->render('ajax/a-dashboar...', Array, true)
#4 /var/www/rddspm/app/Controllers/DashboardSccController.php(46): view('ajax/a-dashboar...', Array)
#5 /var/www/rddspm/system/CodeIgniter.php(832): App\Controllers\DashboardSccController->ajax_dashboard_scc()
#6 /var/www/rddspm/system/CodeIgniter.php(419): CodeIgniter\CodeIgniter->runController(Object(App\Controllers\DashboardSccController))
#7 /var/www/rddspm/system/CodeIgniter.php(326): CodeIgniter\CodeIgniter->handleRequest(NULL, Object(Config\Cache), false)
#8 /var/www/rddspm/public/index.php(38): CodeIgniter\CodeIgniter->run()
#9 /var/www/rddspm/system/Commands/Server/rewrite.php(43): require_once('/var/www/rddspm...')
#10 {main}
CRITICAL - 2022-08-08 11:05:06 --> Undefined variable: scc12
#0 /var/www/rddspm/app/Views/ajax/a-dashboard-scc-1.php(16): CodeIgniter\Debug\Exceptions->errorHandler(8, 'Undefined varia...', '/var/www/rddspm...', 16, Array)
#1 /var/www/rddspm/system/View/View.php(210): include('/var/www/rddspm...')
#2 /var/www/rddspm/system/View/View.php(213): CodeIgniter\View\View->CodeIgniter\View\{closure}()
#3 /var/www/rddspm/system/Common.php(1089): CodeIgniter\View\View->render('ajax/a-dashboar...', Array, true)
#4 /var/www/rddspm/app/Controllers/DashboardSccController.php(46): view('ajax/a-dashboar...', Array)
#5 /var/www/rddspm/system/CodeIgniter.php(832): App\Controllers\DashboardSccController->ajax_dashboard_scc()
#6 /var/www/rddspm/system/CodeIgniter.php(419): CodeIgniter\CodeIgniter->runController(Object(App\Controllers\DashboardSccController))
#7 /var/www/rddspm/system/CodeIgniter.php(326): CodeIgniter\CodeIgniter->handleRequest(NULL, Object(Config\Cache), false)
#8 /var/www/rddspm/public/index.php(38): CodeIgniter\CodeIgniter->run()
#9 /var/www/rddspm/system/Commands/Server/rewrite.php(43): require_once('/var/www/rddspm...')
#10 {main}
CRITICAL - 2022-08-08 11:05:08 --> Undefined variable: scc12
#0 /var/www/rddspm/app/Views/ajax/a-dashboard-scc-1.php(16): CodeIgniter\Debug\Exceptions->errorHandler(8, 'Undefined varia...', '/var/www/rddspm...', 16, Array)
#1 /var/www/rddspm/system/View/View.php(210): include('/var/www/rddspm...')
#2 /var/www/rddspm/system/View/View.php(213): CodeIgniter\View\View->CodeIgniter\View\{closure}()
#3 /var/www/rddspm/system/Common.php(1089): CodeIgniter\View\View->render('ajax/a-dashboar...', Array, true)
#4 /var/www/rddspm/app/Controllers/DashboardSccController.php(46): view('ajax/a-dashboar...', Array)
#5 /var/www/rddspm/system/CodeIgniter.php(832): App\Controllers\DashboardSccController->ajax_dashboard_scc()
#6 /var/www/rddspm/system/CodeIgniter.php(419): CodeIgniter\CodeIgniter->runController(Object(App\Controllers\DashboardSccController))
#7 /var/www/rddspm/system/CodeIgniter.php(326): CodeIgniter\CodeIgniter->handleRequest(NULL, Object(Config\Cache), false)
#8 /var/www/rddspm/public/index.php(38): CodeIgniter\CodeIgniter->run()
#9 /var/www/rddspm/system/Commands/Server/rewrite.php(43): require_once('/var/www/rddspm...')
#10 {main}
CRITICAL - 2022-08-08 11:05:10 --> Undefined variable: scc12
#0 /var/www/rddspm/app/Views/ajax/a-dashboard-scc-1.php(16): CodeIgniter\Debug\Exceptions->errorHandler(8, 'Undefined varia...', '/var/www/rddspm...', 16, Array)
#1 /var/www/rddspm/system/View/View.php(210): include('/var/www/rddspm...')
#2 /var/www/rddspm/system/View/View.php(213): CodeIgniter\View\View->CodeIgniter\View\{closure}()
#3 /var/www/rddspm/system/Common.php(1089): CodeIgniter\View\View->render('ajax/a-dashboar...', Array, true)
#4 /var/www/rddspm/app/Controllers/DashboardSccController.php(46): view('ajax/a-dashboar...', Array)
#5 /var/www/rddspm/system/CodeIgniter.php(832): App\Controllers\DashboardSccController->ajax_dashboard_scc()
#6 /var/www/rddspm/system/CodeIgniter.php(419): CodeIgniter\CodeIgniter->runController(Object(App\Controllers\DashboardSccController))
#7 /var/www/rddspm/system/CodeIgniter.php(326): CodeIgniter\CodeIgniter->handleRequest(NULL, Object(Config\Cache), false)
#8 /var/www/rddspm/public/index.php(38): CodeIgniter\CodeIgniter->run()
#9 /var/www/rddspm/system/Commands/Server/rewrite.php(43): require_once('/var/www/rddspm...')
#10 {main}
CRITICAL - 2022-08-08 11:05:12 --> Undefined variable: scc12
#0 /var/www/rddspm/app/Views/ajax/a-dashboard-scc-1.php(16): CodeIgniter\Debug\Exceptions->errorHandler(8, 'Undefined varia...', '/var/www/rddspm...', 16, Array)
#1 /var/www/rddspm/system/View/View.php(210): include('/var/www/rddspm...')
#2 /var/www/rddspm/system/View/View.php(213): CodeIgniter\View\View->CodeIgniter\View\{closure}()
#3 /var/www/rddspm/system/Common.php(1089): CodeIgniter\View\View->render('ajax/a-dashboar...', Array, true)
#4 /var/www/rddspm/app/Controllers/DashboardSccController.php(46): view('ajax/a-dashboar...', Array)
#5 /var/www/rddspm/system/CodeIgniter.php(832): App\Controllers\DashboardSccController->ajax_dashboard_scc()
#6 /var/www/rddspm/system/CodeIgniter.php(419): CodeIgniter\CodeIgniter->runController(Object(App\Controllers\DashboardSccController))
#7 /var/www/rddspm/system/CodeIgniter.php(326): CodeIgniter\CodeIgniter->handleRequest(NULL, Object(Config\Cache), false)
#8 /var/www/rddspm/public/index.php(38): CodeIgniter\CodeIgniter->run()
#9 /var/www/rddspm/system/Commands/Server/rewrite.php(43): require_once('/var/www/rddspm...')
#10 {main}
CRITICAL - 2022-08-08 11:05:14 --> Undefined variable: scc12
#0 /var/www/rddspm/app/Views/ajax/a-dashboard-scc-1.php(16): CodeIgniter\Debug\Exceptions->errorHandler(8, 'Undefined varia...', '/var/www/rddspm...', 16, Array)
#1 /var/www/rddspm/system/View/View.php(210): include('/var/www/rddspm...')
#2 /var/www/rddspm/system/View/View.php(213): CodeIgniter\View\View->CodeIgniter\View\{closure}()
#3 /var/www/rddspm/system/Common.php(1089): CodeIgniter\View\View->render('ajax/a-dashboar...', Array, true)
#4 /var/www/rddspm/app/Controllers/DashboardSccController.php(46): view('ajax/a-dashboar...', Array)
#5 /var/www/rddspm/system/CodeIgniter.php(832): App\Controllers\DashboardSccController->ajax_dashboard_scc()
#6 /var/www/rddspm/system/CodeIgniter.php(419): CodeIgniter\CodeIgniter->runController(Object(App\Controllers\DashboardSccController))
#7 /var/www/rddspm/system/CodeIgniter.php(326): CodeIgniter\CodeIgniter->handleRequest(NULL, Object(Config\Cache), false)
#8 /var/www/rddspm/public/index.php(38): CodeIgniter\CodeIgniter->run()
#9 /var/www/rddspm/system/Commands/Server/rewrite.php(43): require_once('/var/www/rddspm...')
#10 {main}
CRITICAL - 2022-08-08 11:05:16 --> Undefined variable: scc12
#0 /var/www/rddspm/app/Views/ajax/a-dashboard-scc-1.php(16): CodeIgniter\Debug\Exceptions->errorHandler(8, 'Undefined varia...', '/var/www/rddspm...', 16, Array)
#1 /var/www/rddspm/system/View/View.php(210): include('/var/www/rddspm...')
#2 /var/www/rddspm/system/View/View.php(213): CodeIgniter\View\View->CodeIgniter\View\{closure}()
#3 /var/www/rddspm/system/Common.php(1089): CodeIgniter\View\View->render('ajax/a-dashboar...', Array, true)
#4 /var/www/rddspm/app/Controllers/DashboardSccController.php(46): view('ajax/a-dashboar...', Array)
#5 /var/www/rddspm/system/CodeIgniter.php(832): App\Controllers\DashboardSccController->ajax_dashboard_scc()
#6 /var/www/rddspm/system/CodeIgniter.php(419): CodeIgniter\CodeIgniter->runController(Object(App\Controllers\DashboardSccController))
#7 /var/www/rddspm/system/CodeIgniter.php(326): CodeIgniter\CodeIgniter->handleRequest(NULL, Object(Config\Cache), false)
#8 /var/www/rddspm/public/index.php(38): CodeIgniter\CodeIgniter->run()
#9 /var/www/rddspm/system/Commands/Server/rewrite.php(43): require_once('/var/www/rddspm...')
#10 {main}
CRITICAL - 2022-08-08 11:05:18 --> Undefined variable: scc12
#0 /var/www/rddspm/app/Views/ajax/a-dashboard-scc-1.php(16): CodeIgniter\Debug\Exceptions->errorHandler(8, 'Undefined varia...', '/var/www/rddspm...', 16, Array)
#1 /var/www/rddspm/system/View/View.php(210): include('/var/www/rddspm...')
#2 /var/www/rddspm/system/View/View.php(213): CodeIgniter\View\View->CodeIgniter\View\{closure}()
#3 /var/www/rddspm/system/Common.php(1089): CodeIgniter\View\View->render('ajax/a-dashboar...', Array, true)
#4 /var/www/rddspm/app/Controllers/DashboardSccController.php(46): view('ajax/a-dashboar...', Array)
#5 /var/www/rddspm/system/CodeIgniter.php(832): App\Controllers\DashboardSccController->ajax_dashboard_scc()
#6 /var/www/rddspm/system/CodeIgniter.php(419): CodeIgniter\CodeIgniter->runController(Object(App\Controllers\DashboardSccController))
#7 /var/www/rddspm/system/CodeIgniter.php(326): CodeIgniter\CodeIgniter->handleRequest(NULL, Object(Config\Cache), false)
#8 /var/www/rddspm/public/index.php(38): CodeIgniter\CodeIgniter->run()
#9 /var/www/rddspm/system/Commands/Server/rewrite.php(43): require_once('/var/www/rddspm...')
#10 {main}
CRITICAL - 2022-08-08 11:05:20 --> Undefined variable: scc12
#0 /var/www/rddspm/app/Views/ajax/a-dashboard-scc-1.php(16): CodeIgniter\Debug\Exceptions->errorHandler(8, 'Undefined varia...', '/var/www/rddspm...', 16, Array)
#1 /var/www/rddspm/system/View/View.php(210): include('/var/www/rddspm...')
#2 /var/www/rddspm/system/View/View.php(213): CodeIgniter\View\View->CodeIgniter\View\{closure}()
#3 /var/www/rddspm/system/Common.php(1089): CodeIgniter\View\View->render('ajax/a-dashboar...', Array, true)
#4 /var/www/rddspm/app/Controllers/DashboardSccController.php(46): view('ajax/a-dashboar...', Array)
#5 /var/www/rddspm/system/CodeIgniter.php(832): App\Controllers\DashboardSccController->ajax_dashboard_scc()
#6 /var/www/rddspm/system/CodeIgniter.php(419): CodeIgniter\CodeIgniter->runController(Object(App\Controllers\DashboardSccController))
#7 /var/www/rddspm/system/CodeIgniter.php(326): CodeIgniter\CodeIgniter->handleRequest(NULL, Object(Config\Cache), false)
#8 /var/www/rddspm/public/index.php(38): CodeIgniter\CodeIgniter->run()
#9 /var/www/rddspm/system/Commands/Server/rewrite.php(43): require_once('/var/www/rddspm...')
#10 {main}
CRITICAL - 2022-08-08 11:05:22 --> Undefined variable: scc12
#0 /var/www/rddspm/app/Views/ajax/a-dashboard-scc-1.php(16): CodeIgniter\Debug\Exceptions->errorHandler(8, 'Undefined varia...', '/var/www/rddspm...', 16, Array)
#1 /var/www/rddspm/system/View/View.php(210): include('/var/www/rddspm...')
#2 /var/www/rddspm/system/View/View.php(213): CodeIgniter\View\View->CodeIgniter\View\{closure}()
#3 /var/www/rddspm/system/Common.php(1089): CodeIgniter\View\View->render('ajax/a-dashboar...', Array, true)
#4 /var/www/rddspm/app/Controllers/DashboardSccController.php(46): view('ajax/a-dashboar...', Array)
#5 /var/www/rddspm/system/CodeIgniter.php(832): App\Controllers\DashboardSccController->ajax_dashboard_scc()
#6 /var/www/rddspm/system/CodeIgniter.php(419): CodeIgniter\CodeIgniter->runController(Object(App\Controllers\DashboardSccController))
#7 /var/www/rddspm/system/CodeIgniter.php(326): CodeIgniter\CodeIgniter->handleRequest(NULL, Object(Config\Cache), false)
#8 /var/www/rddspm/public/index.php(38): CodeIgniter\CodeIgniter->run()
#9 /var/www/rddspm/system/Commands/Server/rewrite.php(43): require_once('/var/www/rddspm...')
#10 {main}
CRITICAL - 2022-08-08 11:05:24 --> Undefined variable: scc12
#0 /var/www/rddspm/app/Views/ajax/a-dashboard-scc-1.php(16): CodeIgniter\Debug\Exceptions->errorHandler(8, 'Undefined varia...', '/var/www/rddspm...', 16, Array)
#1 /var/www/rddspm/system/View/View.php(210): include('/var/www/rddspm...')
#2 /var/www/rddspm/system/View/View.php(213): CodeIgniter\View\View->CodeIgniter\View\{closure}()
#3 /var/www/rddspm/system/Common.php(1089): CodeIgniter\View\View->render('ajax/a-dashboar...', Array, true)
#4 /var/www/rddspm/app/Controllers/DashboardSccController.php(46): view('ajax/a-dashboar...', Array)
#5 /var/www/rddspm/system/CodeIgniter.php(832): App\Controllers\DashboardSccController->ajax_dashboard_scc()
#6 /var/www/rddspm/system/CodeIgniter.php(419): CodeIgniter\CodeIgniter->runController(Object(App\Controllers\DashboardSccController))
#7 /var/www/rddspm/system/CodeIgniter.php(326): CodeIgniter\CodeIgniter->handleRequest(NULL, Object(Config\Cache), false)
#8 /var/www/rddspm/public/index.php(38): CodeIgniter\CodeIgniter->run()
#9 /var/www/rddspm/system/Commands/Server/rewrite.php(43): require_once('/var/www/rddspm...')
#10 {main}
CRITICAL - 2022-08-08 11:05:26 --> Undefined variable: scc12
#0 /var/www/rddspm/app/Views/ajax/a-dashboard-scc-1.php(16): CodeIgniter\Debug\Exceptions->errorHandler(8, 'Undefined varia...', '/var/www/rddspm...', 16, Array)
#1 /var/www/rddspm/system/View/View.php(210): include('/var/www/rddspm...')
#2 /var/www/rddspm/system/View/View.php(213): CodeIgniter\View\View->CodeIgniter\View\{closure}()
#3 /var/www/rddspm/system/Common.php(1089): CodeIgniter\View\View->render('ajax/a-dashboar...', Array, true)
#4 /var/www/rddspm/app/Controllers/DashboardSccController.php(46): view('ajax/a-dashboar...', Array)
#5 /var/www/rddspm/system/CodeIgniter.php(832): App\Controllers\DashboardSccController->ajax_dashboard_scc()
#6 /var/www/rddspm/system/CodeIgniter.php(419): CodeIgniter\CodeIgniter->runController(Object(App\Controllers\DashboardSccController))
#7 /var/www/rddspm/system/CodeIgniter.php(326): CodeIgniter\CodeIgniter->handleRequest(NULL, Object(Config\Cache), false)
#8 /var/www/rddspm/public/index.php(38): CodeIgniter\CodeIgniter->run()
#9 /var/www/rddspm/system/Commands/Server/rewrite.php(43): require_once('/var/www/rddspm...')
#10 {main}
CRITICAL - 2022-08-08 11:05:28 --> Undefined variable: scc12
#0 /var/www/rddspm/app/Views/ajax/a-dashboard-scc-1.php(16): CodeIgniter\Debug\Exceptions->errorHandler(8, 'Undefined varia...', '/var/www/rddspm...', 16, Array)
#1 /var/www/rddspm/system/View/View.php(210): include('/var/www/rddspm...')
#2 /var/www/rddspm/system/View/View.php(213): CodeIgniter\View\View->CodeIgniter\View\{closure}()
#3 /var/www/rddspm/system/Common.php(1089): CodeIgniter\View\View->render('ajax/a-dashboar...', Array, true)
#4 /var/www/rddspm/app/Controllers/DashboardSccController.php(46): view('ajax/a-dashboar...', Array)
#5 /var/www/rddspm/system/CodeIgniter.php(832): App\Controllers\DashboardSccController->ajax_dashboard_scc()
#6 /var/www/rddspm/system/CodeIgniter.php(419): CodeIgniter\CodeIgniter->runController(Object(App\Controllers\DashboardSccController))
#7 /var/www/rddspm/system/CodeIgniter.php(326): CodeIgniter\CodeIgniter->handleRequest(NULL, Object(Config\Cache), false)
#8 /var/www/rddspm/public/index.php(38): CodeIgniter\CodeIgniter->run()
#9 /var/www/rddspm/system/Commands/Server/rewrite.php(43): require_once('/var/www/rddspm...')
#10 {main}
CRITICAL - 2022-08-08 11:05:30 --> Undefined variable: scc12
#0 /var/www/rddspm/app/Views/ajax/a-dashboard-scc-1.php(16): CodeIgniter\Debug\Exceptions->errorHandler(8, 'Undefined varia...', '/var/www/rddspm...', 16, Array)
#1 /var/www/rddspm/system/View/View.php(210): include('/var/www/rddspm...')
#2 /var/www/rddspm/system/View/View.php(213): CodeIgniter\View\View->CodeIgniter\View\{closure}()
#3 /var/www/rddspm/system/Common.php(1089): CodeIgniter\View\View->render('ajax/a-dashboar...', Array, true)
#4 /var/www/rddspm/app/Controllers/DashboardSccController.php(46): view('ajax/a-dashboar...', Array)
#5 /var/www/rddspm/system/CodeIgniter.php(832): App\Controllers\DashboardSccController->ajax_dashboard_scc()
#6 /var/www/rddspm/system/CodeIgniter.php(419): CodeIgniter\CodeIgniter->runController(Object(App\Controllers\DashboardSccController))
#7 /var/www/rddspm/system/CodeIgniter.php(326): CodeIgniter\CodeIgniter->handleRequest(NULL, Object(Config\Cache), false)
#8 /var/www/rddspm/public/index.php(38): CodeIgniter\CodeIgniter->run()
#9 /var/www/rddspm/system/Commands/Server/rewrite.php(43): require_once('/var/www/rddspm...')
#10 {main}
CRITICAL - 2022-08-08 11:05:32 --> Undefined variable: scc12
#0 /var/www/rddspm/app/Views/ajax/a-dashboard-scc-1.php(16): CodeIgniter\Debug\Exceptions->errorHandler(8, 'Undefined varia...', '/var/www/rddspm...', 16, Array)
#1 /var/www/rddspm/system/View/View.php(210): include('/var/www/rddspm...')
#2 /var/www/rddspm/system/View/View.php(213): CodeIgniter\View\View->CodeIgniter\View\{closure}()
#3 /var/www/rddspm/system/Common.php(1089): CodeIgniter\View\View->render('ajax/a-dashboar...', Array, true)
#4 /var/www/rddspm/app/Controllers/DashboardSccController.php(46): view('ajax/a-dashboar...', Array)
#5 /var/www/rddspm/system/CodeIgniter.php(832): App\Controllers\DashboardSccController->ajax_dashboard_scc()
#6 /var/www/rddspm/system/CodeIgniter.php(419): CodeIgniter\CodeIgniter->runController(Object(App\Controllers\DashboardSccController))
#7 /var/www/rddspm/system/CodeIgniter.php(326): CodeIgniter\CodeIgniter->handleRequest(NULL, Object(Config\Cache), false)
#8 /var/www/rddspm/public/index.php(38): CodeIgniter\CodeIgniter->run()
#9 /var/www/rddspm/system/Commands/Server/rewrite.php(43): require_once('/var/www/rddspm...')
#10 {main}
CRITICAL - 2022-08-08 11:05:34 --> Undefined variable: scc12
#0 /var/www/rddspm/app/Views/ajax/a-dashboard-scc-1.php(16): CodeIgniter\Debug\Exceptions->errorHandler(8, 'Undefined varia...', '/var/www/rddspm...', 16, Array)
#1 /var/www/rddspm/system/View/View.php(210): include('/var/www/rddspm...')
#2 /var/www/rddspm/system/View/View.php(213): CodeIgniter\View\View->CodeIgniter\View\{closure}()
#3 /var/www/rddspm/system/Common.php(1089): CodeIgniter\View\View->render('ajax/a-dashboar...', Array, true)
#4 /var/www/rddspm/app/Controllers/DashboardSccController.php(46): view('ajax/a-dashboar...', Array)
#5 /var/www/rddspm/system/CodeIgniter.php(832): App\Controllers\DashboardSccController->ajax_dashboard_scc()
#6 /var/www/rddspm/system/CodeIgniter.php(419): CodeIgniter\CodeIgniter->runController(Object(App\Controllers\DashboardSccController))
#7 /var/www/rddspm/system/CodeIgniter.php(326): CodeIgniter\CodeIgniter->handleRequest(NULL, Object(Config\Cache), false)
#8 /var/www/rddspm/public/index.php(38): CodeIgniter\CodeIgniter->run()
#9 /var/www/rddspm/system/Commands/Server/rewrite.php(43): require_once('/var/www/rddspm...')
#10 {main}
CRITICAL - 2022-08-08 11:05:36 --> Undefined variable: scc12
#0 /var/www/rddspm/app/Views/ajax/a-dashboard-scc-1.php(16): CodeIgniter\Debug\Exceptions->errorHandler(8, 'Undefined varia...', '/var/www/rddspm...', 16, Array)
#1 /var/www/rddspm/system/View/View.php(210): include('/var/www/rddspm...')
#2 /var/www/rddspm/system/View/View.php(213): CodeIgniter\View\View->CodeIgniter\View\{closure}()
#3 /var/www/rddspm/system/Common.php(1089): CodeIgniter\View\View->render('ajax/a-dashboar...', Array, true)
#4 /var/www/rddspm/app/Controllers/DashboardSccController.php(46): view('ajax/a-dashboar...', Array)
#5 /var/www/rddspm/system/CodeIgniter.php(832): App\Controllers\DashboardSccController->ajax_dashboard_scc()
#6 /var/www/rddspm/system/CodeIgniter.php(419): CodeIgniter\CodeIgniter->runController(Object(App\Controllers\DashboardSccController))
#7 /var/www/rddspm/system/CodeIgniter.php(326): CodeIgniter\CodeIgniter->handleRequest(NULL, Object(Config\Cache), false)
#8 /var/www/rddspm/public/index.php(38): CodeIgniter\CodeIgniter->run()
#9 /var/www/rddspm/system/Commands/Server/rewrite.php(43): require_once('/var/www/rddspm...')
#10 {main}
CRITICAL - 2022-08-08 11:05:38 --> Undefined variable: scc12
#0 /var/www/rddspm/app/Views/ajax/a-dashboard-scc-1.php(16): CodeIgniter\Debug\Exceptions->errorHandler(8, 'Undefined varia...', '/var/www/rddspm...', 16, Array)
#1 /var/www/rddspm/system/View/View.php(210): include('/var/www/rddspm...')
#2 /var/www/rddspm/system/View/View.php(213): CodeIgniter\View\View->CodeIgniter\View\{closure}()
#3 /var/www/rddspm/system/Common.php(1089): CodeIgniter\View\View->render('ajax/a-dashboar...', Array, true)
#4 /var/www/rddspm/app/Controllers/DashboardSccController.php(46): view('ajax/a-dashboar...', Array)
#5 /var/www/rddspm/system/CodeIgniter.php(832): App\Controllers\DashboardSccController->ajax_dashboard_scc()
#6 /var/www/rddspm/system/CodeIgniter.php(419): CodeIgniter\CodeIgniter->runController(Object(App\Controllers\DashboardSccController))
#7 /var/www/rddspm/system/CodeIgniter.php(326): CodeIgniter\CodeIgniter->handleRequest(NULL, Object(Config\Cache), false)
#8 /var/www/rddspm/public/index.php(38): CodeIgniter\CodeIgniter->run()
#9 /var/www/rddspm/system/Commands/Server/rewrite.php(43): require_once('/var/www/rddspm...')
#10 {main}
CRITICAL - 2022-08-08 11:05:40 --> Undefined variable: scc12
#0 /var/www/rddspm/app/Views/ajax/a-dashboard-scc-1.php(16): CodeIgniter\Debug\Exceptions->errorHandler(8, 'Undefined varia...', '/var/www/rddspm...', 16, Array)
#1 /var/www/rddspm/system/View/View.php(210): include('/var/www/rddspm...')
#2 /var/www/rddspm/system/View/View.php(213): CodeIgniter\View\View->CodeIgniter\View\{closure}()
#3 /var/www/rddspm/system/Common.php(1089): CodeIgniter\View\View->render('ajax/a-dashboar...', Array, true)
#4 /var/www/rddspm/app/Controllers/DashboardSccController.php(46): view('ajax/a-dashboar...', Array)
#5 /var/www/rddspm/system/CodeIgniter.php(832): App\Controllers\DashboardSccController->ajax_dashboard_scc()
#6 /var/www/rddspm/system/CodeIgniter.php(419): CodeIgniter\CodeIgniter->runController(Object(App\Controllers\DashboardSccController))
#7 /var/www/rddspm/system/CodeIgniter.php(326): CodeIgniter\CodeIgniter->handleRequest(NULL, Object(Config\Cache), false)
#8 /var/www/rddspm/public/index.php(38): CodeIgniter\CodeIgniter->run()
#9 /var/www/rddspm/system/Commands/Server/rewrite.php(43): require_once('/var/www/rddspm...')
#10 {main}
CRITICAL - 2022-08-08 11:05:42 --> Undefined variable: scc12
#0 /var/www/rddspm/app/Views/ajax/a-dashboard-scc-1.php(16): CodeIgniter\Debug\Exceptions->errorHandler(8, 'Undefined varia...', '/var/www/rddspm...', 16, Array)
#1 /var/www/rddspm/system/View/View.php(210): include('/var/www/rddspm...')
#2 /var/www/rddspm/system/View/View.php(213): CodeIgniter\View\View->CodeIgniter\View\{closure}()
#3 /var/www/rddspm/system/Common.php(1089): CodeIgniter\View\View->render('ajax/a-dashboar...', Array, true)
#4 /var/www/rddspm/app/Controllers/DashboardSccController.php(46): view('ajax/a-dashboar...', Array)
#5 /var/www/rddspm/system/CodeIgniter.php(832): App\Controllers\DashboardSccController->ajax_dashboard_scc()
#6 /var/www/rddspm/system/CodeIgniter.php(419): CodeIgniter\CodeIgniter->runController(Object(App\Controllers\DashboardSccController))
#7 /var/www/rddspm/system/CodeIgniter.php(326): CodeIgniter\CodeIgniter->handleRequest(NULL, Object(Config\Cache), false)
#8 /var/www/rddspm/public/index.php(38): CodeIgniter\CodeIgniter->run()
#9 /var/www/rddspm/system/Commands/Server/rewrite.php(43): require_once('/var/www/rddspm...')
#10 {main}
CRITICAL - 2022-08-08 11:05:44 --> Undefined variable: scc12
#0 /var/www/rddspm/app/Views/ajax/a-dashboard-scc-1.php(16): CodeIgniter\Debug\Exceptions->errorHandler(8, 'Undefined varia...', '/var/www/rddspm...', 16, Array)
#1 /var/www/rddspm/system/View/View.php(210): include('/var/www/rddspm...')
#2 /var/www/rddspm/system/View/View.php(213): CodeIgniter\View\View->CodeIgniter\View\{closure}()
#3 /var/www/rddspm/system/Common.php(1089): CodeIgniter\View\View->render('ajax/a-dashboar...', Array, true)
#4 /var/www/rddspm/app/Controllers/DashboardSccController.php(46): view('ajax/a-dashboar...', Array)
#5 /var/www/rddspm/system/CodeIgniter.php(832): App\Controllers\DashboardSccController->ajax_dashboard_scc()
#6 /var/www/rddspm/system/CodeIgniter.php(419): CodeIgniter\CodeIgniter->runController(Object(App\Controllers\DashboardSccController))
#7 /var/www/rddspm/system/CodeIgniter.php(326): CodeIgniter\CodeIgniter->handleRequest(NULL, Object(Config\Cache), false)
#8 /var/www/rddspm/public/index.php(38): CodeIgniter\CodeIgniter->run()
#9 /var/www/rddspm/system/Commands/Server/rewrite.php(43): require_once('/var/www/rddspm...')
#10 {main}
CRITICAL - 2022-08-08 11:05:46 --> Undefined variable: scc12
#0 /var/www/rddspm/app/Views/ajax/a-dashboard-scc-1.php(16): CodeIgniter\Debug\Exceptions->errorHandler(8, 'Undefined varia...', '/var/www/rddspm...', 16, Array)
#1 /var/www/rddspm/system/View/View.php(210): include('/var/www/rddspm...')
#2 /var/www/rddspm/system/View/View.php(213): CodeIgniter\View\View->CodeIgniter\View\{closure}()
#3 /var/www/rddspm/system/Common.php(1089): CodeIgniter\View\View->render('ajax/a-dashboar...', Array, true)
#4 /var/www/rddspm/app/Controllers/DashboardSccController.php(46): view('ajax/a-dashboar...', Array)
#5 /var/www/rddspm/system/CodeIgniter.php(832): App\Controllers\DashboardSccController->ajax_dashboard_scc()
#6 /var/www/rddspm/system/CodeIgniter.php(419): CodeIgniter\CodeIgniter->runController(Object(App\Controllers\DashboardSccController))
#7 /var/www/rddspm/system/CodeIgniter.php(326): CodeIgniter\CodeIgniter->handleRequest(NULL, Object(Config\Cache), false)
#8 /var/www/rddspm/public/index.php(38): CodeIgniter\CodeIgniter->run()
#9 /var/www/rddspm/system/Commands/Server/rewrite.php(43): require_once('/var/www/rddspm...')
#10 {main}
CRITICAL - 2022-08-08 11:05:48 --> Undefined variable: scc12
#0 /var/www/rddspm/app/Views/ajax/a-dashboard-scc-1.php(16): CodeIgniter\Debug\Exceptions->errorHandler(8, 'Undefined varia...', '/var/www/rddspm...', 16, Array)
#1 /var/www/rddspm/system/View/View.php(210): include('/var/www/rddspm...')
#2 /var/www/rddspm/system/View/View.php(213): CodeIgniter\View\View->CodeIgniter\View\{closure}()
#3 /var/www/rddspm/system/Common.php(1089): CodeIgniter\View\View->render('ajax/a-dashboar...', Array, true)
#4 /var/www/rddspm/app/Controllers/DashboardSccController.php(46): view('ajax/a-dashboar...', Array)
#5 /var/www/rddspm/system/CodeIgniter.php(832): App\Controllers\DashboardSccController->ajax_dashboard_scc()
#6 /var/www/rddspm/system/CodeIgniter.php(419): CodeIgniter\CodeIgniter->runController(Object(App\Controllers\DashboardSccController))
#7 /var/www/rddspm/system/CodeIgniter.php(326): CodeIgniter\CodeIgniter->handleRequest(NULL, Object(Config\Cache), false)
#8 /var/www/rddspm/public/index.php(38): CodeIgniter\CodeIgniter->run()
#9 /var/www/rddspm/system/Commands/Server/rewrite.php(43): require_once('/var/www/rddspm...')
#10 {main}
CRITICAL - 2022-08-08 11:05:50 --> Undefined variable: scc12
#0 /var/www/rddspm/app/Views/ajax/a-dashboard-scc-1.php(16): CodeIgniter\Debug\Exceptions->errorHandler(8, 'Undefined varia...', '/var/www/rddspm...', 16, Array)
#1 /var/www/rddspm/system/View/View.php(210): include('/var/www/rddspm...')
#2 /var/www/rddspm/system/View/View.php(213): CodeIgniter\View\View->CodeIgniter\View\{closure}()
#3 /var/www/rddspm/system/Common.php(1089): CodeIgniter\View\View->render('ajax/a-dashboar...', Array, true)
#4 /var/www/rddspm/app/Controllers/DashboardSccController.php(46): view('ajax/a-dashboar...', Array)
#5 /var/www/rddspm/system/CodeIgniter.php(832): App\Controllers\DashboardSccController->ajax_dashboard_scc()
#6 /var/www/rddspm/system/CodeIgniter.php(419): CodeIgniter\CodeIgniter->runController(Object(App\Controllers\DashboardSccController))
#7 /var/www/rddspm/system/CodeIgniter.php(326): CodeIgniter\CodeIgniter->handleRequest(NULL, Object(Config\Cache), false)
#8 /var/www/rddspm/public/index.php(38): CodeIgniter\CodeIgniter->run()
#9 /var/www/rddspm/system/Commands/Server/rewrite.php(43): require_once('/var/www/rddspm...')
#10 {main}
CRITICAL - 2022-08-08 11:06:01 --> Undefined variable: scc12
#0 /var/www/rddspm/app/Views/ajax/a-dashboard-scc-1.php(16): CodeIgniter\Debug\Exceptions->errorHandler(8, 'Undefined varia...', '/var/www/rddspm...', 16, Array)
#1 /var/www/rddspm/system/View/View.php(210): include('/var/www/rddspm...')
#2 /var/www/rddspm/system/View/View.php(213): CodeIgniter\View\View->CodeIgniter\View\{closure}()
#3 /var/www/rddspm/system/Common.php(1089): CodeIgniter\View\View->render('ajax/a-dashboar...', Array, true)
#4 /var/www/rddspm/app/Controllers/DashboardSccController.php(46): view('ajax/a-dashboar...', Array)
#5 /var/www/rddspm/system/CodeIgniter.php(832): App\Controllers\DashboardSccController->ajax_dashboard_scc()
#6 /var/www/rddspm/system/CodeIgniter.php(419): CodeIgniter\CodeIgniter->runController(Object(App\Controllers\DashboardSccController))
#7 /var/www/rddspm/system/CodeIgniter.php(326): CodeIgniter\CodeIgniter->handleRequest(NULL, Object(Config\Cache), false)
#8 /var/www/rddspm/public/index.php(38): CodeIgniter\CodeIgniter->run()
#9 /var/www/rddspm/system/Commands/Server/rewrite.php(43): require_once('/var/www/rddspm...')
#10 {main}
CRITICAL - 2022-08-08 11:06:10 --> Undefined variable: scc1
#0 /var/www/rddspm/app/Views/ajax/a-dashboard-scc-1.php(16): CodeIgniter\Debug\Exceptions->errorHandler(8, 'Undefined varia...', '/var/www/rddspm...', 16, Array)
#1 /var/www/rddspm/system/View/View.php(210): include('/var/www/rddspm...')
#2 /var/www/rddspm/system/View/View.php(213): CodeIgniter\View\View->CodeIgniter\View\{closure}()
#3 /var/www/rddspm/system/Common.php(1089): CodeIgniter\View\View->render('ajax/a-dashboar...', Array, true)
#4 /var/www/rddspm/app/Controllers/DashboardSccController.php(46): view('ajax/a-dashboar...', Array)
#5 /var/www/rddspm/system/CodeIgniter.php(832): App\Controllers\DashboardSccController->ajax_dashboard_scc()
#6 /var/www/rddspm/system/CodeIgniter.php(419): CodeIgniter\CodeIgniter->runController(Object(App\Controllers\DashboardSccController))
#7 /var/www/rddspm/system/CodeIgniter.php(326): CodeIgniter\CodeIgniter->handleRequest(NULL, Object(Config\Cache), false)
#8 /var/www/rddspm/public/index.php(38): CodeIgniter\CodeIgniter->run()
#9 /var/www/rddspm/system/Commands/Server/rewrite.php(43): require_once('/var/www/rddspm...')
#10 {main}
CRITICAL - 2022-08-08 11:06:15 --> Undefined variable: scc1
#0 /var/www/rddspm/app/Views/ajax/a-dashboard-scc-1.php(16): CodeIgniter\Debug\Exceptions->errorHandler(8, 'Undefined varia...', '/var/www/rddspm...', 16, Array)
#1 /var/www/rddspm/system/View/View.php(210): include('/var/www/rddspm...')
#2 /var/www/rddspm/system/View/View.php(213): CodeIgniter\View\View->CodeIgniter\View\{closure}()
#3 /var/www/rddspm/system/Common.php(1089): CodeIgniter\View\View->render('ajax/a-dashboar...', Array, true)
#4 /var/www/rddspm/app/Controllers/DashboardSccController.php(46): view('ajax/a-dashboar...', Array)
#5 /var/www/rddspm/system/CodeIgniter.php(832): App\Controllers\DashboardSccController->ajax_dashboard_scc()
#6 /var/www/rddspm/system/CodeIgniter.php(419): CodeIgniter\CodeIgniter->runController(Object(App\Controllers\DashboardSccController))
#7 /var/www/rddspm/system/CodeIgniter.php(326): CodeIgniter\CodeIgniter->handleRequest(NULL, Object(Config\Cache), false)
#8 /var/www/rddspm/public/index.php(38): CodeIgniter\CodeIgniter->run()
#9 /var/www/rddspm/system/Commands/Server/rewrite.php(43): require_once('/var/www/rddspm...')
#10 {main}
CRITICAL - 2022-08-08 11:06:22 --> Undefined variable: scc1
#0 /var/www/rddspm/app/Views/ajax/a-dashboard-scc-1.php(16): CodeIgniter\Debug\Exceptions->errorHandler(8, 'Undefined varia...', '/var/www/rddspm...', 16, Array)
#1 /var/www/rddspm/system/View/View.php(210): include('/var/www/rddspm...')
#2 /var/www/rddspm/system/View/View.php(213): CodeIgniter\View\View->CodeIgniter\View\{closure}()
#3 /var/www/rddspm/system/Common.php(1089): CodeIgniter\View\View->render('ajax/a-dashboar...', Array, true)
#4 /var/www/rddspm/app/Controllers/DashboardSccController.php(46): view('ajax/a-dashboar...', Array)
#5 /var/www/rddspm/system/CodeIgniter.php(832): App\Controllers\DashboardSccController->ajax_dashboard_scc()
#6 /var/www/rddspm/system/CodeIgniter.php(419): CodeIgniter\CodeIgniter->runController(Object(App\Controllers\DashboardSccController))
#7 /var/www/rddspm/system/CodeIgniter.php(326): CodeIgniter\CodeIgniter->handleRequest(NULL, Object(Config\Cache), false)
#8 /var/www/rddspm/public/index.php(38): CodeIgniter\CodeIgniter->run()
#9 /var/www/rddspm/system/Commands/Server/rewrite.php(43): require_once('/var/www/rddspm...')
#10 {main}
CRITICAL - 2022-08-08 11:06:23 --> Undefined variable: scc1
#0 /var/www/rddspm/app/Views/ajax/a-dashboard-scc-1.php(16): CodeIgniter\Debug\Exceptions->errorHandler(8, 'Undefined varia...', '/var/www/rddspm...', 16, Array)
#1 /var/www/rddspm/system/View/View.php(210): include('/var/www/rddspm...')
#2 /var/www/rddspm/system/View/View.php(213): CodeIgniter\View\View->CodeIgniter\View\{closure}()
#3 /var/www/rddspm/system/Common.php(1089): CodeIgniter\View\View->render('ajax/a-dashboar...', Array, true)
#4 /var/www/rddspm/app/Controllers/DashboardSccController.php(46): view('ajax/a-dashboar...', Array)
#5 /var/www/rddspm/system/CodeIgniter.php(832): App\Controllers\DashboardSccController->ajax_dashboard_scc()
#6 /var/www/rddspm/system/CodeIgniter.php(419): CodeIgniter\CodeIgniter->runController(Object(App\Controllers\DashboardSccController))
#7 /var/www/rddspm/system/CodeIgniter.php(326): CodeIgniter\CodeIgniter->handleRequest(NULL, Object(Config\Cache), false)
#8 /var/www/rddspm/public/index.php(38): CodeIgniter\CodeIgniter->run()
#9 /var/www/rddspm/system/Commands/Server/rewrite.php(43): require_once('/var/www/rddspm...')
#10 {main}
CRITICAL - 2022-08-08 11:06:41 --> Undefined variable: scc1
#0 /var/www/rddspm/app/Views/ajax/a-dashboard-scc-1.php(16): CodeIgniter\Debug\Exceptions->errorHandler(8, 'Undefined varia...', '/var/www/rddspm...', 16, Array)
#1 /var/www/rddspm/system/View/View.php(210): include('/var/www/rddspm...')
#2 /var/www/rddspm/system/View/View.php(213): CodeIgniter\View\View->CodeIgniter\View\{closure}()
#3 /var/www/rddspm/system/Common.php(1089): CodeIgniter\View\View->render('ajax/a-dashboar...', Array, true)
#4 /var/www/rddspm/app/Controllers/DashboardSccController.php(46): view('ajax/a-dashboar...', Array)
#5 /var/www/rddspm/system/CodeIgniter.php(832): App\Controllers\DashboardSccController->ajax_dashboard_scc()
#6 /var/www/rddspm/system/CodeIgniter.php(419): CodeIgniter\CodeIgniter->runController(Object(App\Controllers\DashboardSccController))
#7 /var/www/rddspm/system/CodeIgniter.php(326): CodeIgniter\CodeIgniter->handleRequest(NULL, Object(Config\Cache), false)
#8 /var/www/rddspm/public/index.php(38): CodeIgniter\CodeIgniter->run()
#9 /var/www/rddspm/system/Commands/Server/rewrite.php(43): require_once('/var/www/rddspm...')
#10 {main}
CRITICAL - 2022-08-08 14:54:32 --> Array to string conversion
#0 /var/www/rddspm/app/Views/chart/Chart-data-log.php(52): CodeIgniter\Debug\Exceptions->errorHandler(8, 'Array to string...', '/var/www/rddspm...', 52, Array)
#1 /var/www/rddspm/system/View/View.php(210): include('/var/www/rddspm...')
#2 /var/www/rddspm/system/View/View.php(213): CodeIgniter\View\View->CodeIgniter\View\{closure}()
#3 /var/www/rddspm/system/View/View.php(424): CodeIgniter\View\View->render('chart/Chart-dat...', NULL, true)
#4 /var/www/rddspm/app/Views/dashboard-log.php(102): CodeIgniter\View\View->include('chart/Chart-dat...')
#5 /var/www/rddspm/system/View/View.php(210): include('/var/www/rddspm...')
#6 /var/www/rddspm/system/View/View.php(213): CodeIgniter\View\View->CodeIgniter\View\{closure}()
#7 /var/www/rddspm/system/Common.php(1089): CodeIgniter\View\View->render('dashboard-log', Array, true)
#8 /var/www/rddspm/app/Controllers/MonitoringLogController.php(23): view('dashboard-log', Array)
#9 /var/www/rddspm/system/CodeIgniter.php(832): App\Controllers\MonitoringLogController->log()
#10 /var/www/rddspm/system/CodeIgniter.php(419): CodeIgniter\CodeIgniter->runController(Object(App\Controllers\MonitoringLogController))
#11 /var/www/rddspm/system/CodeIgniter.php(326): CodeIgniter\CodeIgniter->handleRequest(NULL, Object(Config\Cache), false)
#12 /var/www/rddspm/public/index.php(38): CodeIgniter\CodeIgniter->run()
#13 /var/www/rddspm/system/Commands/Server/rewrite.php(43): require_once('/var/www/rddspm...')
#14 {main}
