CRITICAL - 2022-08-22 22:04:09 --> Undefined variable: dtime
#0 /var/www/rddspm/app/Views/partials/sidebar.php(23): CodeIgniter\Debug\Exceptions->errorHandler(8, 'Undefined varia...', '/var/www/rddspm...', 23, Array)
#1 /var/www/rddspm/system/View/View.php(210): include('/var/www/rddspm...')
#2 /var/www/rddspm/system/View/View.php(213): CodeIgniter\View\View->CodeIgniter\View\{closure}()
#3 /var/www/rddspm/system/View/View.php(424): CodeIgniter\View\View->render('partials/sideba...', NULL, true)
#4 /var/www/rddspm/app/Views/partials/menu.php(2): CodeIgniter\View\View->include('partials/sideba...')
#5 /var/www/rddspm/system/View/View.php(210): include('/var/www/rddspm...')
#6 /var/www/rddspm/system/View/View.php(213): CodeIgniter\View\View->CodeIgniter\View\{closure}()
#7 /var/www/rddspm/system/View/View.php(424): CodeIgniter\View\View->render('partials/menu', NULL, true)
#8 /var/www/rddspm/app/Views/ajax/a-dashboard-io.php(1): CodeIgniter\View\View->include('partials/menu')
#9 /var/www/rddspm/system/View/View.php(210): include('/var/www/rddspm...')
#10 /var/www/rddspm/system/View/View.php(213): CodeIgniter\View\View->CodeIgniter\View\{closure}()
#11 /var/www/rddspm/system/Common.php(1089): CodeIgniter\View\View->render('ajax/a-dashboar...', Array, true)
#12 /var/www/rddspm/app/Controllers/DashboardDioController.php(29): view('ajax/a-dashboar...', Array)
#13 /var/www/rddspm/system/CodeIgniter.php(832): App\Controllers\DashboardDioController->ajax_input_output()
#14 /var/www/rddspm/system/CodeIgniter.php(419): CodeIgniter\CodeIgniter->runController(Object(App\Controllers\DashboardDioController))
#15 /var/www/rddspm/system/CodeIgniter.php(326): CodeIgniter\CodeIgniter->handleRequest(NULL, Object(Config\Cache), false)
#16 /var/www/rddspm/public/index.php(38): CodeIgniter\CodeIgniter->run()
#17 /var/www/rddspm/system/Commands/Server/rewrite.php(43): require_once('/var/www/rddspm...')
#18 {main}
CRITICAL - 2022-08-22 22:09:53 --> Undefined variable: dtime
#0 /var/www/rddspm/app/Views/partials/sidebar.php(23): CodeIgniter\Debug\Exceptions->errorHandler(8, 'Undefined varia...', '/var/www/rddspm...', 23, Array)
#1 /var/www/rddspm/system/View/View.php(210): include('/var/www/rddspm...')
#2 /var/www/rddspm/system/View/View.php(213): CodeIgniter\View\View->CodeIgniter\View\{closure}()
#3 /var/www/rddspm/system/View/View.php(424): CodeIgniter\View\View->render('partials/sideba...', NULL, true)
#4 /var/www/rddspm/app/Views/partials/menu.php(2): CodeIgniter\View\View->include('partials/sideba...')
#5 /var/www/rddspm/system/View/View.php(210): include('/var/www/rddspm...')
#6 /var/www/rddspm/system/View/View.php(213): CodeIgniter\View\View->CodeIgniter\View\{closure}()
#7 /var/www/rddspm/system/View/View.php(424): CodeIgniter\View\View->render('partials/menu', NULL, true)
#8 /var/www/rddspm/app/Views/ajax/a-dashboard-io.php(1): CodeIgniter\View\View->include('partials/menu')
#9 /var/www/rddspm/system/View/View.php(210): include('/var/www/rddspm...')
#10 /var/www/rddspm/system/View/View.php(213): CodeIgniter\View\View->CodeIgniter\View\{closure}()
#11 /var/www/rddspm/system/Common.php(1089): CodeIgniter\View\View->render('ajax/a-dashboar...', Array, true)
#12 /var/www/rddspm/app/Controllers/DashboardDioController.php(29): view('ajax/a-dashboar...', Array)
#13 /var/www/rddspm/system/CodeIgniter.php(832): App\Controllers\DashboardDioController->ajax_input_output()
#14 /var/www/rddspm/system/CodeIgniter.php(419): CodeIgniter\CodeIgniter->runController(Object(App\Controllers\DashboardDioController))
#15 /var/www/rddspm/system/CodeIgniter.php(326): CodeIgniter\CodeIgniter->handleRequest(NULL, Object(Config\Cache), false)
#16 /var/www/rddspm/public/index.php(38): CodeIgniter\CodeIgniter->run()
#17 /var/www/rddspm/system/Commands/Server/rewrite.php(43): require_once('/var/www/rddspm...')
#18 {main}
CRITICAL - 2022-08-22 22:12:39 --> Undefined variable: dtime
#0 /var/www/rddspm/app/Views/partials/sidebar.php(23): CodeIgniter\Debug\Exceptions->errorHandler(8, 'Undefined varia...', '/var/www/rddspm...', 23, Array)
#1 /var/www/rddspm/system/View/View.php(210): include('/var/www/rddspm...')
#2 /var/www/rddspm/system/View/View.php(213): CodeIgniter\View\View->CodeIgniter\View\{closure}()
#3 /var/www/rddspm/system/View/View.php(424): CodeIgniter\View\View->render('partials/sideba...', NULL, true)
#4 /var/www/rddspm/app/Views/partials/menu.php(2): CodeIgniter\View\View->include('partials/sideba...')
#5 /var/www/rddspm/system/View/View.php(210): include('/var/www/rddspm...')
#6 /var/www/rddspm/system/View/View.php(213): CodeIgniter\View\View->CodeIgniter\View\{closure}()
#7 /var/www/rddspm/system/View/View.php(424): CodeIgniter\View\View->render('partials/menu', NULL, true)
#8 /var/www/rddspm/app/Views/ajax/a-dashboard-io.php(1): CodeIgniter\View\View->include('partials/menu')
#9 /var/www/rddspm/system/View/View.php(210): include('/var/www/rddspm...')
#10 /var/www/rddspm/system/View/View.php(213): CodeIgniter\View\View->CodeIgniter\View\{closure}()
#11 /var/www/rddspm/system/Common.php(1089): CodeIgniter\View\View->render('ajax/a-dashboar...', Array, true)
#12 /var/www/rddspm/app/Controllers/DashboardDioController.php(29): view('ajax/a-dashboar...', Array)
#13 /var/www/rddspm/system/CodeIgniter.php(832): App\Controllers\DashboardDioController->ajax_input_output()
#14 /var/www/rddspm/system/CodeIgniter.php(419): CodeIgniter\CodeIgniter->runController(Object(App\Controllers\DashboardDioController))
#15 /var/www/rddspm/system/CodeIgniter.php(326): CodeIgniter\CodeIgniter->handleRequest(NULL, Object(Config\Cache), false)
#16 /var/www/rddspm/public/index.php(38): CodeIgniter\CodeIgniter->run()
#17 /var/www/rddspm/system/Commands/Server/rewrite.php(43): require_once('/var/www/rddspm...')
#18 {main}
CRITICAL - 2022-08-22 22:13:40 --> Undefined variable: dtime
#0 /var/www/rddspm/app/Views/partials/sidebar.php(23): CodeIgniter\Debug\Exceptions->errorHandler(8, 'Undefined varia...', '/var/www/rddspm...', 23, Array)
#1 /var/www/rddspm/system/View/View.php(210): include('/var/www/rddspm...')
#2 /var/www/rddspm/system/View/View.php(213): CodeIgniter\View\View->CodeIgniter\View\{closure}()
#3 /var/www/rddspm/system/View/View.php(424): CodeIgniter\View\View->render('partials/sideba...', NULL, true)
#4 /var/www/rddspm/app/Views/partials/menu.php(2): CodeIgniter\View\View->include('partials/sideba...')
#5 /var/www/rddspm/system/View/View.php(210): include('/var/www/rddspm...')
#6 /var/www/rddspm/system/View/View.php(213): CodeIgniter\View\View->CodeIgniter\View\{closure}()
#7 /var/www/rddspm/system/View/View.php(424): CodeIgniter\View\View->render('partials/menu', NULL, true)
#8 /var/www/rddspm/app/Views/ajax/a-dashboard-io.php(1): CodeIgniter\View\View->include('partials/menu')
#9 /var/www/rddspm/system/View/View.php(210): include('/var/www/rddspm...')
#10 /var/www/rddspm/system/View/View.php(213): CodeIgniter\View\View->CodeIgniter\View\{closure}()
#11 /var/www/rddspm/system/Common.php(1089): CodeIgniter\View\View->render('ajax/a-dashboar...', Array, true)
#12 /var/www/rddspm/app/Controllers/DashboardDioController.php(29): view('ajax/a-dashboar...', Array)
#13 /var/www/rddspm/system/CodeIgniter.php(832): App\Controllers\DashboardDioController->ajax_input_output()
#14 /var/www/rddspm/system/CodeIgniter.php(419): CodeIgniter\CodeIgniter->runController(Object(App\Controllers\DashboardDioController))
#15 /var/www/rddspm/system/CodeIgniter.php(326): CodeIgniter\CodeIgniter->handleRequest(NULL, Object(Config\Cache), false)
#16 /var/www/rddspm/public/index.php(38): CodeIgniter\CodeIgniter->run()
#17 /var/www/rddspm/system/Commands/Server/rewrite.php(43): require_once('/var/www/rddspm...')
#18 {main}
CRITICAL - 2022-08-22 22:14:43 --> Undefined variable: dtime
#0 /var/www/rddspm/app/Views/partials/sidebar.php(23): CodeIgniter\Debug\Exceptions->errorHandler(8, 'Undefined varia...', '/var/www/rddspm...', 23, Array)
#1 /var/www/rddspm/system/View/View.php(210): include('/var/www/rddspm...')
#2 /var/www/rddspm/system/View/View.php(213): CodeIgniter\View\View->CodeIgniter\View\{closure}()
#3 /var/www/rddspm/system/View/View.php(424): CodeIgniter\View\View->render('partials/sideba...', NULL, true)
#4 /var/www/rddspm/app/Views/partials/menu.php(2): CodeIgniter\View\View->include('partials/sideba...')
#5 /var/www/rddspm/system/View/View.php(210): include('/var/www/rddspm...')
#6 /var/www/rddspm/system/View/View.php(213): CodeIgniter\View\View->CodeIgniter\View\{closure}()
#7 /var/www/rddspm/system/View/View.php(424): CodeIgniter\View\View->render('partials/menu', NULL, true)
#8 /var/www/rddspm/app/Views/ajax/a-dashboard-io.php(1): CodeIgniter\View\View->include('partials/menu')
#9 /var/www/rddspm/system/View/View.php(210): include('/var/www/rddspm...')
#10 /var/www/rddspm/system/View/View.php(213): CodeIgniter\View\View->CodeIgniter\View\{closure}()
#11 /var/www/rddspm/system/Common.php(1089): CodeIgniter\View\View->render('ajax/a-dashboar...', Array, true)
#12 /var/www/rddspm/app/Controllers/DashboardDioController.php(29): view('ajax/a-dashboar...', Array)
#13 /var/www/rddspm/system/CodeIgniter.php(832): App\Controllers\DashboardDioController->ajax_input_output()
#14 /var/www/rddspm/system/CodeIgniter.php(419): CodeIgniter\CodeIgniter->runController(Object(App\Controllers\DashboardDioController))
#15 /var/www/rddspm/system/CodeIgniter.php(326): CodeIgniter\CodeIgniter->handleRequest(NULL, Object(Config\Cache), false)
#16 /var/www/rddspm/public/index.php(38): CodeIgniter\CodeIgniter->run()
#17 /var/www/rddspm/system/Commands/Server/rewrite.php(43): require_once('/var/www/rddspm...')
#18 {main}
CRITICAL - 2022-08-22 22:14:59 --> Undefined variable: dtime
#0 /var/www/rddspm/app/Views/partials/sidebar.php(23): CodeIgniter\Debug\Exceptions->errorHandler(8, 'Undefined varia...', '/var/www/rddspm...', 23, Array)
#1 /var/www/rddspm/system/View/View.php(210): include('/var/www/rddspm...')
#2 /var/www/rddspm/system/View/View.php(213): CodeIgniter\View\View->CodeIgniter\View\{closure}()
#3 /var/www/rddspm/system/View/View.php(424): CodeIgniter\View\View->render('partials/sideba...', NULL, true)
#4 /var/www/rddspm/app/Views/partials/menu.php(2): CodeIgniter\View\View->include('partials/sideba...')
#5 /var/www/rddspm/system/View/View.php(210): include('/var/www/rddspm...')
#6 /var/www/rddspm/system/View/View.php(213): CodeIgniter\View\View->CodeIgniter\View\{closure}()
#7 /var/www/rddspm/system/View/View.php(424): CodeIgniter\View\View->render('partials/menu', NULL, true)
#8 /var/www/rddspm/app/Views/ajax/a-dashboard-io.php(1): CodeIgniter\View\View->include('partials/menu')
#9 /var/www/rddspm/system/View/View.php(210): include('/var/www/rddspm...')
#10 /var/www/rddspm/system/View/View.php(213): CodeIgniter\View\View->CodeIgniter\View\{closure}()
#11 /var/www/rddspm/system/Common.php(1089): CodeIgniter\View\View->render('ajax/a-dashboar...', Array, true)
#12 /var/www/rddspm/app/Controllers/DashboardDioController.php(29): view('ajax/a-dashboar...', Array)
#13 /var/www/rddspm/system/CodeIgniter.php(832): App\Controllers\DashboardDioController->ajax_input_output()
#14 /var/www/rddspm/system/CodeIgniter.php(419): CodeIgniter\CodeIgniter->runController(Object(App\Controllers\DashboardDioController))
#15 /var/www/rddspm/system/CodeIgniter.php(326): CodeIgniter\CodeIgniter->handleRequest(NULL, Object(Config\Cache), false)
#16 /var/www/rddspm/public/index.php(38): CodeIgniter\CodeIgniter->run()
#17 /var/www/rddspm/system/Commands/Server/rewrite.php(43): require_once('/var/www/rddspm...')
#18 {main}
CRITICAL - 2022-08-22 22:15:14 --> Undefined variable: dtime
#0 /var/www/rddspm/app/Views/partials/sidebar.php(23): CodeIgniter\Debug\Exceptions->errorHandler(8, 'Undefined varia...', '/var/www/rddspm...', 23, Array)
#1 /var/www/rddspm/system/View/View.php(210): include('/var/www/rddspm...')
#2 /var/www/rddspm/system/View/View.php(213): CodeIgniter\View\View->CodeIgniter\View\{closure}()
#3 /var/www/rddspm/system/View/View.php(424): CodeIgniter\View\View->render('partials/sideba...', NULL, true)
#4 /var/www/rddspm/app/Views/partials/menu.php(2): CodeIgniter\View\View->include('partials/sideba...')
#5 /var/www/rddspm/system/View/View.php(210): include('/var/www/rddspm...')
#6 /var/www/rddspm/system/View/View.php(213): CodeIgniter\View\View->CodeIgniter\View\{closure}()
#7 /var/www/rddspm/system/View/View.php(424): CodeIgniter\View\View->render('partials/menu', NULL, true)
#8 /var/www/rddspm/app/Views/ajax/a-dashboard-io.php(1): CodeIgniter\View\View->include('partials/menu')
#9 /var/www/rddspm/system/View/View.php(210): include('/var/www/rddspm...')
#10 /var/www/rddspm/system/View/View.php(213): CodeIgniter\View\View->CodeIgniter\View\{closure}()
#11 /var/www/rddspm/system/Common.php(1089): CodeIgniter\View\View->render('ajax/a-dashboar...', Array, true)
#12 /var/www/rddspm/app/Controllers/DashboardDioController.php(29): view('ajax/a-dashboar...', Array)
#13 /var/www/rddspm/system/CodeIgniter.php(832): App\Controllers\DashboardDioController->ajax_input_output()
#14 /var/www/rddspm/system/CodeIgniter.php(419): CodeIgniter\CodeIgniter->runController(Object(App\Controllers\DashboardDioController))
#15 /var/www/rddspm/system/CodeIgniter.php(326): CodeIgniter\CodeIgniter->handleRequest(NULL, Object(Config\Cache), false)
#16 /var/www/rddspm/public/index.php(38): CodeIgniter\CodeIgniter->run()
#17 /var/www/rddspm/system/Commands/Server/rewrite.php(43): require_once('/var/www/rddspm...')
#18 {main}
CRITICAL - 2022-08-22 22:15:16 --> Undefined variable: dtime
#0 /var/www/rddspm/app/Views/partials/sidebar.php(23): CodeIgniter\Debug\Exceptions->errorHandler(8, 'Undefined varia...', '/var/www/rddspm...', 23, Array)
#1 /var/www/rddspm/system/View/View.php(210): include('/var/www/rddspm...')
#2 /var/www/rddspm/system/View/View.php(213): CodeIgniter\View\View->CodeIgniter\View\{closure}()
#3 /var/www/rddspm/system/View/View.php(424): CodeIgniter\View\View->render('partials/sideba...', NULL, true)
#4 /var/www/rddspm/app/Views/partials/menu.php(2): CodeIgniter\View\View->include('partials/sideba...')
#5 /var/www/rddspm/system/View/View.php(210): include('/var/www/rddspm...')
#6 /var/www/rddspm/system/View/View.php(213): CodeIgniter\View\View->CodeIgniter\View\{closure}()
#7 /var/www/rddspm/system/View/View.php(424): CodeIgniter\View\View->render('partials/menu', NULL, true)
#8 /var/www/rddspm/app/Views/ajax/a-dashboard-io.php(1): CodeIgniter\View\View->include('partials/menu')
#9 /var/www/rddspm/system/View/View.php(210): include('/var/www/rddspm...')
#10 /var/www/rddspm/system/View/View.php(213): CodeIgniter\View\View->CodeIgniter\View\{closure}()
#11 /var/www/rddspm/system/Common.php(1089): CodeIgniter\View\View->render('ajax/a-dashboar...', Array, true)
#12 /var/www/rddspm/app/Controllers/DashboardDioController.php(29): view('ajax/a-dashboar...', Array)
#13 /var/www/rddspm/system/CodeIgniter.php(832): App\Controllers\DashboardDioController->ajax_input_output()
#14 /var/www/rddspm/system/CodeIgniter.php(419): CodeIgniter\CodeIgniter->runController(Object(App\Controllers\DashboardDioController))
#15 /var/www/rddspm/system/CodeIgniter.php(326): CodeIgniter\CodeIgniter->handleRequest(NULL, Object(Config\Cache), false)
#16 /var/www/rddspm/public/index.php(38): CodeIgniter\CodeIgniter->run()
#17 /var/www/rddspm/system/Commands/Server/rewrite.php(43): require_once('/var/www/rddspm...')
#18 {main}
CRITICAL - 2022-08-22 22:15:29 --> Undefined variable: dtime
#0 /var/www/rddspm/app/Views/partials/sidebar.php(23): CodeIgniter\Debug\Exceptions->errorHandler(8, 'Undefined varia...', '/var/www/rddspm...', 23, Array)
#1 /var/www/rddspm/system/View/View.php(210): include('/var/www/rddspm...')
#2 /var/www/rddspm/system/View/View.php(213): CodeIgniter\View\View->CodeIgniter\View\{closure}()
#3 /var/www/rddspm/system/View/View.php(424): CodeIgniter\View\View->render('partials/sideba...', NULL, true)
#4 /var/www/rddspm/app/Views/partials/menu.php(2): CodeIgniter\View\View->include('partials/sideba...')
#5 /var/www/rddspm/system/View/View.php(210): include('/var/www/rddspm...')
#6 /var/www/rddspm/system/View/View.php(213): CodeIgniter\View\View->CodeIgniter\View\{closure}()
#7 /var/www/rddspm/system/View/View.php(424): CodeIgniter\View\View->render('partials/menu', NULL, true)
#8 /var/www/rddspm/app/Views/ajax/a-dashboard-io.php(1): CodeIgniter\View\View->include('partials/menu')
#9 /var/www/rddspm/system/View/View.php(210): include('/var/www/rddspm...')
#10 /var/www/rddspm/system/View/View.php(213): CodeIgniter\View\View->CodeIgniter\View\{closure}()
#11 /var/www/rddspm/system/Common.php(1089): CodeIgniter\View\View->render('ajax/a-dashboar...', Array, true)
#12 /var/www/rddspm/app/Controllers/DashboardDioController.php(29): view('ajax/a-dashboar...', Array)
#13 /var/www/rddspm/system/CodeIgniter.php(832): App\Controllers\DashboardDioController->ajax_input_output()
#14 /var/www/rddspm/system/CodeIgniter.php(419): CodeIgniter\CodeIgniter->runController(Object(App\Controllers\DashboardDioController))
#15 /var/www/rddspm/system/CodeIgniter.php(326): CodeIgniter\CodeIgniter->handleRequest(NULL, Object(Config\Cache), false)
#16 /var/www/rddspm/public/index.php(38): CodeIgniter\CodeIgniter->run()
#17 /var/www/rddspm/system/Commands/Server/rewrite.php(43): require_once('/var/www/rddspm...')
#18 {main}
CRITICAL - 2022-08-22 22:17:55 --> Undefined variable: dtime
#0 /var/www/rddspm/app/Views/partials/sidebar.php(23): CodeIgniter\Debug\Exceptions->errorHandler(8, 'Undefined varia...', '/var/www/rddspm...', 23, Array)
#1 /var/www/rddspm/system/View/View.php(210): include('/var/www/rddspm...')
#2 /var/www/rddspm/system/View/View.php(213): CodeIgniter\View\View->CodeIgniter\View\{closure}()
#3 /var/www/rddspm/system/View/View.php(424): CodeIgniter\View\View->render('partials/sideba...', NULL, true)
#4 /var/www/rddspm/app/Views/partials/menu.php(2): CodeIgniter\View\View->include('partials/sideba...')
#5 /var/www/rddspm/system/View/View.php(210): include('/var/www/rddspm...')
#6 /var/www/rddspm/system/View/View.php(213): CodeIgniter\View\View->CodeIgniter\View\{closure}()
#7 /var/www/rddspm/system/View/View.php(424): CodeIgniter\View\View->render('partials/menu', NULL, true)
#8 /var/www/rddspm/app/Views/ajax/a-dashboard-io.php(1): CodeIgniter\View\View->include('partials/menu')
#9 /var/www/rddspm/system/View/View.php(210): include('/var/www/rddspm...')
#10 /var/www/rddspm/system/View/View.php(213): CodeIgniter\View\View->CodeIgniter\View\{closure}()
#11 /var/www/rddspm/system/Common.php(1089): CodeIgniter\View\View->render('ajax/a-dashboar...', Array, true)
#12 /var/www/rddspm/app/Controllers/DashboardDioController.php(29): view('ajax/a-dashboar...', Array)
#13 /var/www/rddspm/system/CodeIgniter.php(832): App\Controllers\DashboardDioController->ajax_input_output()
#14 /var/www/rddspm/system/CodeIgniter.php(419): CodeIgniter\CodeIgniter->runController(Object(App\Controllers\DashboardDioController))
#15 /var/www/rddspm/system/CodeIgniter.php(326): CodeIgniter\CodeIgniter->handleRequest(NULL, Object(Config\Cache), false)
#16 /var/www/rddspm/public/index.php(38): CodeIgniter\CodeIgniter->run()
#17 /var/www/rddspm/system/Commands/Server/rewrite.php(43): require_once('/var/www/rddspm...')
#18 {main}
CRITICAL - 2022-08-22 22:22:49 --> Undefined variable: dtime
#0 /var/www/rddspm/app/Views/partials/sidebar.php(23): CodeIgniter\Debug\Exceptions->errorHandler(8, 'Undefined varia...', '/var/www/rddspm...', 23, Array)
#1 /var/www/rddspm/system/View/View.php(210): include('/var/www/rddspm...')
#2 /var/www/rddspm/system/View/View.php(213): CodeIgniter\View\View->CodeIgniter\View\{closure}()
#3 /var/www/rddspm/system/View/View.php(424): CodeIgniter\View\View->render('partials/sideba...', NULL, true)
#4 /var/www/rddspm/app/Views/partials/menu.php(2): CodeIgniter\View\View->include('partials/sideba...')
#5 /var/www/rddspm/system/View/View.php(210): include('/var/www/rddspm...')
#6 /var/www/rddspm/system/View/View.php(213): CodeIgniter\View\View->CodeIgniter\View\{closure}()
#7 /var/www/rddspm/system/View/View.php(424): CodeIgniter\View\View->render('partials/menu', NULL, true)
#8 /var/www/rddspm/app/Views/ajax/a-dashboard-io.php(1): CodeIgniter\View\View->include('partials/menu')
#9 /var/www/rddspm/system/View/View.php(210): include('/var/www/rddspm...')
#10 /var/www/rddspm/system/View/View.php(213): CodeIgniter\View\View->CodeIgniter\View\{closure}()
#11 /var/www/rddspm/system/Common.php(1089): CodeIgniter\View\View->render('ajax/a-dashboar...', Array, true)
#12 /var/www/rddspm/app/Controllers/DashboardDioController.php(29): view('ajax/a-dashboar...', Array)
#13 /var/www/rddspm/system/CodeIgniter.php(832): App\Controllers\DashboardDioController->ajax_input_output()
#14 /var/www/rddspm/system/CodeIgniter.php(419): CodeIgniter\CodeIgniter->runController(Object(App\Controllers\DashboardDioController))
#15 /var/www/rddspm/system/CodeIgniter.php(326): CodeIgniter\CodeIgniter->handleRequest(NULL, Object(Config\Cache), false)
#16 /var/www/rddspm/public/index.php(38): CodeIgniter\CodeIgniter->run()
#17 /var/www/rddspm/system/Commands/Server/rewrite.php(43): require_once('/var/www/rddspm...')
#18 {main}
CRITICAL - 2022-08-22 22:23:16 --> Undefined variable: dtime
#0 /var/www/rddspm/app/Views/partials/sidebar.php(23): CodeIgniter\Debug\Exceptions->errorHandler(8, 'Undefined varia...', '/var/www/rddspm...', 23, Array)
#1 /var/www/rddspm/system/View/View.php(210): include('/var/www/rddspm...')
#2 /var/www/rddspm/system/View/View.php(213): CodeIgniter\View\View->CodeIgniter\View\{closure}()
#3 /var/www/rddspm/system/View/View.php(424): CodeIgniter\View\View->render('partials/sideba...', NULL, true)
#4 /var/www/rddspm/app/Views/partials/menu.php(2): CodeIgniter\View\View->include('partials/sideba...')
#5 /var/www/rddspm/system/View/View.php(210): include('/var/www/rddspm...')
#6 /var/www/rddspm/system/View/View.php(213): CodeIgniter\View\View->CodeIgniter\View\{closure}()
#7 /var/www/rddspm/system/View/View.php(424): CodeIgniter\View\View->render('partials/menu', NULL, true)
#8 /var/www/rddspm/app/Views/ajax/a-dashboard-io.php(1): CodeIgniter\View\View->include('partials/menu')
#9 /var/www/rddspm/system/View/View.php(210): include('/var/www/rddspm...')
#10 /var/www/rddspm/system/View/View.php(213): CodeIgniter\View\View->CodeIgniter\View\{closure}()
#11 /var/www/rddspm/system/Common.php(1089): CodeIgniter\View\View->render('ajax/a-dashboar...', Array, true)
#12 /var/www/rddspm/app/Controllers/DashboardDioController.php(29): view('ajax/a-dashboar...', Array)
#13 /var/www/rddspm/system/CodeIgniter.php(832): App\Controllers\DashboardDioController->ajax_input_output()
#14 /var/www/rddspm/system/CodeIgniter.php(419): CodeIgniter\CodeIgniter->runController(Object(App\Controllers\DashboardDioController))
#15 /var/www/rddspm/system/CodeIgniter.php(326): CodeIgniter\CodeIgniter->handleRequest(NULL, Object(Config\Cache), false)
#16 /var/www/rddspm/public/index.php(38): CodeIgniter\CodeIgniter->run()
#17 /var/www/rddspm/system/Commands/Server/rewrite.php(43): require_once('/var/www/rddspm...')
#18 {main}
CRITICAL - 2022-08-22 22:23:53 --> Undefined variable: dtime
#0 /var/www/rddspm/app/Views/partials/sidebar.php(23): CodeIgniter\Debug\Exceptions->errorHandler(8, 'Undefined varia...', '/var/www/rddspm...', 23, Array)
#1 /var/www/rddspm/system/View/View.php(210): include('/var/www/rddspm...')
#2 /var/www/rddspm/system/View/View.php(213): CodeIgniter\View\View->CodeIgniter\View\{closure}()
#3 /var/www/rddspm/system/View/View.php(424): CodeIgniter\View\View->render('partials/sideba...', NULL, true)
#4 /var/www/rddspm/app/Views/partials/menu.php(2): CodeIgniter\View\View->include('partials/sideba...')
#5 /var/www/rddspm/system/View/View.php(210): include('/var/www/rddspm...')
#6 /var/www/rddspm/system/View/View.php(213): CodeIgniter\View\View->CodeIgniter\View\{closure}()
#7 /var/www/rddspm/system/View/View.php(424): CodeIgniter\View\View->render('partials/menu', NULL, true)
#8 /var/www/rddspm/app/Views/ajax/a-dashboard-io.php(1): CodeIgniter\View\View->include('partials/menu')
#9 /var/www/rddspm/system/View/View.php(210): include('/var/www/rddspm...')
#10 /var/www/rddspm/system/View/View.php(213): CodeIgniter\View\View->CodeIgniter\View\{closure}()
#11 /var/www/rddspm/system/Common.php(1089): CodeIgniter\View\View->render('ajax/a-dashboar...', Array, true)
#12 /var/www/rddspm/app/Controllers/DashboardDioController.php(29): view('ajax/a-dashboar...', Array)
#13 /var/www/rddspm/system/CodeIgniter.php(832): App\Controllers\DashboardDioController->ajax_input_output()
#14 /var/www/rddspm/system/CodeIgniter.php(419): CodeIgniter\CodeIgniter->runController(Object(App\Controllers\DashboardDioController))
#15 /var/www/rddspm/system/CodeIgniter.php(326): CodeIgniter\CodeIgniter->handleRequest(NULL, Object(Config\Cache), false)
#16 /var/www/rddspm/public/index.php(38): CodeIgniter\CodeIgniter->run()
#17 /var/www/rddspm/system/Commands/Server/rewrite.php(43): require_once('/var/www/rddspm...')
#18 {main}
ERROR - 2022-08-22 22:37:53 --> Unknown column 'id' in 'where clause'
ERROR - 2022-08-22 22:37:53 --> Unknown column 'id' in 'where clause'
ERROR - 2022-08-22 23:05:17 --> Unknown column 'id' in 'where clause'
ERROR - 2022-08-22 23:05:17 --> Unknown column 'id' in 'where clause'
ERROR - 2022-08-22 23:05:44 --> Unknown column 'id' in 'where clause'
ERROR - 2022-08-22 23:05:44 --> Unknown column 'id' in 'where clause'
