CRITICAL - 2022-07-22 02:34:45 --> unlink(/var/www/rddspm/writable/debugbar/debugbar_1658467309.json): No such file or directory
#0 [internal function]: CodeIgniter\Debug\Exceptions->errorHandler(2, 'unlink(/var/www...', '/var/www/rddspm...', 74, Array)
#1 /var/www/rddspm/system/Debug/Toolbar/Collectors/History.php(74): unlink('/var/www/rddspm...')
#2 /var/www/rddspm/system/Debug/Toolbar.php(487): CodeIgniter\Debug\Toolbar\Collectors\History->setFiles(1658475285, 20)
#3 /var/www/rddspm/system/Debug/Toolbar.php(464): CodeIgniter\Debug\Toolbar->format(Array, 'html')
#4 /var/www/rddspm/app/Config/Events.php(48): CodeIgniter\Debug\Toolbar->respond()
#5 /var/www/rddspm/system/Events/Events.php(149): CodeIgniter\Events\Events::Config\{closure}()
#6 /var/www/rddspm/system/CodeIgniter.php(308): CodeIgniter\Events\Events::trigger('pre_system')
#7 /var/www/rddspm/public/index.php(38): CodeIgniter\CodeIgniter->run()
#8 {main}
CRITICAL - 2022-07-22 02:56:29 --> Undefined variable: ds1
#0 /var/www/rddspm/app/Views/index.php(58): CodeIgniter\Debug\Exceptions->errorHandler(8, 'Undefined varia...', '/var/www/rddspm...', 58, Array)
#1 /var/www/rddspm/system/View/View.php(210): include('/var/www/rddspm...')
#2 /var/www/rddspm/system/View/View.php(213): CodeIgniter\View\View->CodeIgniter\View\{closure}()
#3 /var/www/rddspm/system/Common.php(1089): CodeIgniter\View\View->render('index', Array, true)
#4 /var/www/rddspm/app/Controllers/Home.php(9): view('index')
#5 /var/www/rddspm/system/CodeIgniter.php(832): App\Controllers\Home->index()
#6 /var/www/rddspm/system/CodeIgniter.php(419): CodeIgniter\CodeIgniter->runController(Object(App\Controllers\Home))
#7 /var/www/rddspm/system/CodeIgniter.php(326): CodeIgniter\CodeIgniter->handleRequest(NULL, Object(Config\Cache), false)
#8 /var/www/rddspm/public/index.php(38): CodeIgniter\CodeIgniter->run()
#9 {main}
