CRITICAL - 2022-08-25 02:30:56 --> Undefined variable: data_range
#0 /var/www/rddspm/app/Views/ajax/a-settings-calibration.php(99): CodeIgniter\Debug\Exceptions->errorHandler(8, 'Undefined varia...', '/var/www/rddspm...', 99, Array)
#1 /var/www/rddspm/system/View/View.php(210): include('/var/www/rddspm...')
#2 /var/www/rddspm/system/View/View.php(213): CodeIgniter\View\View->CodeIgniter\View\{closure}()
#3 /var/www/rddspm/system/Common.php(1089): CodeIgniter\View\View->render('ajax/a-settings...', Array, true)
#4 /var/www/rddspm/app/Controllers/DashboardSettingsController.php(111): view('ajax/a-settings...', Array)
#5 /var/www/rddspm/system/CodeIgniter.php(832): App\Controllers\DashboardSettingsController->ajax_calibration()
#6 /var/www/rddspm/system/CodeIgniter.php(419): CodeIgniter\CodeIgniter->runController(Object(App\Controllers\DashboardSettingsController))
#7 /var/www/rddspm/system/CodeIgniter.php(326): CodeIgniter\CodeIgniter->handleRequest(NULL, Object(Config\Cache), false)
#8 /var/www/rddspm/public/index.php(38): CodeIgniter\CodeIgniter->run()
#9 /var/www/rddspm/system/Commands/Server/rewrite.php(43): require_once('/var/www/rddspm...')
#10 {main}
CRITICAL - 2022-08-25 02:31:00 --> Undefined variable: data_range
#0 /var/www/rddspm/app/Views/ajax/a-settings-calibration.php(99): CodeIgniter\Debug\Exceptions->errorHandler(8, 'Undefined varia...', '/var/www/rddspm...', 99, Array)
#1 /var/www/rddspm/system/View/View.php(210): include('/var/www/rddspm...')
#2 /var/www/rddspm/system/View/View.php(213): CodeIgniter\View\View->CodeIgniter\View\{closure}()
#3 /var/www/rddspm/system/Common.php(1089): CodeIgniter\View\View->render('ajax/a-settings...', Array, true)
#4 /var/www/rddspm/app/Controllers/DashboardSettingsController.php(111): view('ajax/a-settings...', Array)
#5 /var/www/rddspm/system/CodeIgniter.php(832): App\Controllers\DashboardSettingsController->ajax_calibration()
#6 /var/www/rddspm/system/CodeIgniter.php(419): CodeIgniter\CodeIgniter->runController(Object(App\Controllers\DashboardSettingsController))
#7 /var/www/rddspm/system/CodeIgniter.php(326): CodeIgniter\CodeIgniter->handleRequest(NULL, Object(Config\Cache), false)
#8 /var/www/rddspm/public/index.php(38): CodeIgniter\CodeIgniter->run()
#9 /var/www/rddspm/system/Commands/Server/rewrite.php(43): require_once('/var/www/rddspm...')
#10 {main}
CRITICAL - 2022-08-25 02:31:05 --> Undefined variable: data_range
#0 /var/www/rddspm/app/Views/ajax/a-settings-calibration.php(99): CodeIgniter\Debug\Exceptions->errorHandler(8, 'Undefined varia...', '/var/www/rddspm...', 99, Array)
#1 /var/www/rddspm/system/View/View.php(210): include('/var/www/rddspm...')
#2 /var/www/rddspm/system/View/View.php(213): CodeIgniter\View\View->CodeIgniter\View\{closure}()
#3 /var/www/rddspm/system/Common.php(1089): CodeIgniter\View\View->render('ajax/a-settings...', Array, true)
#4 /var/www/rddspm/app/Controllers/DashboardSettingsController.php(111): view('ajax/a-settings...', Array)
#5 /var/www/rddspm/system/CodeIgniter.php(832): App\Controllers\DashboardSettingsController->ajax_calibration()
#6 /var/www/rddspm/system/CodeIgniter.php(419): CodeIgniter\CodeIgniter->runController(Object(App\Controllers\DashboardSettingsController))
#7 /var/www/rddspm/system/CodeIgniter.php(326): CodeIgniter\CodeIgniter->handleRequest(NULL, Object(Config\Cache), false)
#8 /var/www/rddspm/public/index.php(38): CodeIgniter\CodeIgniter->run()
#9 /var/www/rddspm/system/Commands/Server/rewrite.php(43): require_once('/var/www/rddspm...')
#10 {main}
CRITICAL - 2022-08-25 02:31:12 --> Undefined variable: data_range
#0 /var/www/rddspm/app/Views/ajax/a-settings-calibration.php(99): CodeIgniter\Debug\Exceptions->errorHandler(8, 'Undefined varia...', '/var/www/rddspm...', 99, Array)
#1 /var/www/rddspm/system/View/View.php(210): include('/var/www/rddspm...')
#2 /var/www/rddspm/system/View/View.php(213): CodeIgniter\View\View->CodeIgniter\View\{closure}()
#3 /var/www/rddspm/system/Common.php(1089): CodeIgniter\View\View->render('ajax/a-settings...', Array, true)
#4 /var/www/rddspm/app/Controllers/DashboardSettingsController.php(111): view('ajax/a-settings...', Array)
#5 /var/www/rddspm/system/CodeIgniter.php(832): App\Controllers\DashboardSettingsController->ajax_calibration()
#6 /var/www/rddspm/system/CodeIgniter.php(419): CodeIgniter\CodeIgniter->runController(Object(App\Controllers\DashboardSettingsController))
#7 /var/www/rddspm/system/CodeIgniter.php(326): CodeIgniter\CodeIgniter->handleRequest(NULL, Object(Config\Cache), false)
#8 /var/www/rddspm/public/index.php(38): CodeIgniter\CodeIgniter->run()
#9 /var/www/rddspm/system/Commands/Server/rewrite.php(43): require_once('/var/www/rddspm...')
#10 {main}
CRITICAL - 2022-08-25 02:32:03 --> Undefined variable: data_range
#0 /var/www/rddspm/app/Views/ajax/a-settings-calibration.php(99): CodeIgniter\Debug\Exceptions->errorHandler(8, 'Undefined varia...', '/var/www/rddspm...', 99, Array)
#1 /var/www/rddspm/system/View/View.php(210): include('/var/www/rddspm...')
#2 /var/www/rddspm/system/View/View.php(213): CodeIgniter\View\View->CodeIgniter\View\{closure}()
#3 /var/www/rddspm/system/Common.php(1089): CodeIgniter\View\View->render('ajax/a-settings...', Array, true)
#4 /var/www/rddspm/app/Controllers/DashboardSettingsController.php(111): view('ajax/a-settings...', Array)
#5 /var/www/rddspm/system/CodeIgniter.php(832): App\Controllers\DashboardSettingsController->ajax_calibration()
#6 /var/www/rddspm/system/CodeIgniter.php(419): CodeIgniter\CodeIgniter->runController(Object(App\Controllers\DashboardSettingsController))
#7 /var/www/rddspm/system/CodeIgniter.php(326): CodeIgniter\CodeIgniter->handleRequest(NULL, Object(Config\Cache), false)
#8 /var/www/rddspm/public/index.php(38): CodeIgniter\CodeIgniter->run()
#9 /var/www/rddspm/system/Commands/Server/rewrite.php(43): require_once('/var/www/rddspm...')
#10 {main}
CRITICAL - 2022-08-25 05:34:50 --> syntax error, unexpected 'echo' (T_ECHO), expecting ';'
#0 /var/www/rddspm/system/Autoloader/Autoloader.php(241): CodeIgniter\Autoloader\Autoloader->includeFile('/var/www/rddspm...')
#1 /var/www/rddspm/system/Autoloader/Autoloader.php(219): CodeIgniter\Autoloader\Autoloader->loadInNamespace('App\\Controllers...')
#2 [internal function]: CodeIgniter\Autoloader\Autoloader->loadClass('App\\Controllers...')
#3 [internal function]: spl_autoload_call('App\\Controllers...')
#4 /var/www/rddspm/system/CodeIgniter.php(797): class_exists('\\App\\Controller...', true)
#5 /var/www/rddspm/system/CodeIgniter.php(406): CodeIgniter\CodeIgniter->startController()
#6 /var/www/rddspm/system/CodeIgniter.php(326): CodeIgniter\CodeIgniter->handleRequest(NULL, Object(Config\Cache), false)
#7 /var/www/rddspm/public/index.php(38): CodeIgniter\CodeIgniter->run()
#8 /var/www/rddspm/system/Commands/Server/rewrite.php(43): require_once('/var/www/rddspm...')
#9 {main}
CRITICAL - 2022-08-25 05:35:08 --> syntax error, unexpected 'echo' (T_ECHO), expecting ';'
#0 /var/www/rddspm/system/Autoloader/Autoloader.php(241): CodeIgniter\Autoloader\Autoloader->includeFile('/var/www/rddspm...')
#1 /var/www/rddspm/system/Autoloader/Autoloader.php(219): CodeIgniter\Autoloader\Autoloader->loadInNamespace('App\\Controllers...')
#2 [internal function]: CodeIgniter\Autoloader\Autoloader->loadClass('App\\Controllers...')
#3 [internal function]: spl_autoload_call('App\\Controllers...')
#4 /var/www/rddspm/system/CodeIgniter.php(797): class_exists('\\App\\Controller...', true)
#5 /var/www/rddspm/system/CodeIgniter.php(406): CodeIgniter\CodeIgniter->startController()
#6 /var/www/rddspm/system/CodeIgniter.php(326): CodeIgniter\CodeIgniter->handleRequest(NULL, Object(Config\Cache), false)
#7 /var/www/rddspm/public/index.php(38): CodeIgniter\CodeIgniter->run()
#8 /var/www/rddspm/system/Commands/Server/rewrite.php(43): require_once('/var/www/rddspm...')
#9 {main}
CRITICAL - 2022-08-25 05:35:08 --> syntax error, unexpected 'echo' (T_ECHO), expecting ';'
#0 /var/www/rddspm/system/Autoloader/Autoloader.php(241): CodeIgniter\Autoloader\Autoloader->includeFile('/var/www/rddspm...')
#1 /var/www/rddspm/system/Autoloader/Autoloader.php(219): CodeIgniter\Autoloader\Autoloader->loadInNamespace('App\\Controllers...')
#2 [internal function]: CodeIgniter\Autoloader\Autoloader->loadClass('App\\Controllers...')
#3 [internal function]: spl_autoload_call('App\\Controllers...')
#4 /var/www/rddspm/system/CodeIgniter.php(797): class_exists('\\App\\Controller...', true)
#5 /var/www/rddspm/system/CodeIgniter.php(406): CodeIgniter\CodeIgniter->startController()
#6 /var/www/rddspm/system/CodeIgniter.php(326): CodeIgniter\CodeIgniter->handleRequest(NULL, Object(Config\Cache), false)
#7 /var/www/rddspm/public/index.php(38): CodeIgniter\CodeIgniter->run()
#8 /var/www/rddspm/system/Commands/Server/rewrite.php(43): require_once('/var/www/rddspm...')
#9 {main}
CRITICAL - 2022-08-25 05:35:09 --> syntax error, unexpected 'echo' (T_ECHO), expecting ';'
#0 /var/www/rddspm/system/Autoloader/Autoloader.php(241): CodeIgniter\Autoloader\Autoloader->includeFile('/var/www/rddspm...')
#1 /var/www/rddspm/system/Autoloader/Autoloader.php(219): CodeIgniter\Autoloader\Autoloader->loadInNamespace('App\\Controllers...')
#2 [internal function]: CodeIgniter\Autoloader\Autoloader->loadClass('App\\Controllers...')
#3 [internal function]: spl_autoload_call('App\\Controllers...')
#4 /var/www/rddspm/system/CodeIgniter.php(797): class_exists('\\App\\Controller...', true)
#5 /var/www/rddspm/system/CodeIgniter.php(406): CodeIgniter\CodeIgniter->startController()
#6 /var/www/rddspm/system/CodeIgniter.php(326): CodeIgniter\CodeIgniter->handleRequest(NULL, Object(Config\Cache), false)
#7 /var/www/rddspm/public/index.php(38): CodeIgniter\CodeIgniter->run()
#8 /var/www/rddspm/system/Commands/Server/rewrite.php(43): require_once('/var/www/rddspm...')
#9 {main}
CRITICAL - 2022-08-25 05:35:09 --> syntax error, unexpected 'echo' (T_ECHO), expecting ';'
#0 /var/www/rddspm/system/Autoloader/Autoloader.php(241): CodeIgniter\Autoloader\Autoloader->includeFile('/var/www/rddspm...')
#1 /var/www/rddspm/system/Autoloader/Autoloader.php(219): CodeIgniter\Autoloader\Autoloader->loadInNamespace('App\\Controllers...')
#2 [internal function]: CodeIgniter\Autoloader\Autoloader->loadClass('App\\Controllers...')
#3 [internal function]: spl_autoload_call('App\\Controllers...')
#4 /var/www/rddspm/system/CodeIgniter.php(797): class_exists('\\App\\Controller...', true)
#5 /var/www/rddspm/system/CodeIgniter.php(406): CodeIgniter\CodeIgniter->startController()
#6 /var/www/rddspm/system/CodeIgniter.php(326): CodeIgniter\CodeIgniter->handleRequest(NULL, Object(Config\Cache), false)
#7 /var/www/rddspm/public/index.php(38): CodeIgniter\CodeIgniter->run()
#8 /var/www/rddspm/system/Commands/Server/rewrite.php(43): require_once('/var/www/rddspm...')
#9 {main}
CRITICAL - 2022-08-25 05:36:19 --> syntax error, unexpected 'echo' (T_ECHO), expecting ';'
#0 /var/www/rddspm/system/Autoloader/Autoloader.php(241): CodeIgniter\Autoloader\Autoloader->includeFile('/var/www/rddspm...')
#1 /var/www/rddspm/system/Autoloader/Autoloader.php(219): CodeIgniter\Autoloader\Autoloader->loadInNamespace('App\\Controllers...')
#2 [internal function]: CodeIgniter\Autoloader\Autoloader->loadClass('App\\Controllers...')
#3 [internal function]: spl_autoload_call('App\\Controllers...')
#4 /var/www/rddspm/system/CodeIgniter.php(797): class_exists('\\App\\Controller...', true)
#5 /var/www/rddspm/system/CodeIgniter.php(406): CodeIgniter\CodeIgniter->startController()
#6 /var/www/rddspm/system/CodeIgniter.php(326): CodeIgniter\CodeIgniter->handleRequest(NULL, Object(Config\Cache), false)
#7 /var/www/rddspm/public/index.php(38): CodeIgniter\CodeIgniter->run()
#8 /var/www/rddspm/system/Commands/Server/rewrite.php(43): require_once('/var/www/rddspm...')
#9 {main}
CRITICAL - 2022-08-25 08:34:06 --> Undefined variable: start
#0 /var/www/rddspm/app/Controllers/MonitoringLogController.php(148): CodeIgniter\Debug\Exceptions->errorHandler(8, 'Undefined varia...', '/var/www/rddspm...', 148, Array)
#1 /var/www/rddspm/system/CodeIgniter.php(832): App\Controllers\MonitoringLogController->DownloadToExcel()
#2 /var/www/rddspm/system/CodeIgniter.php(419): CodeIgniter\CodeIgniter->runController(Object(App\Controllers\MonitoringLogController))
#3 /var/www/rddspm/system/CodeIgniter.php(326): CodeIgniter\CodeIgniter->handleRequest(NULL, Object(Config\Cache), false)
#4 /var/www/rddspm/public/index.php(38): CodeIgniter\CodeIgniter->run()
#5 /var/www/rddspm/system/Commands/Server/rewrite.php(43): require_once('/var/www/rddspm...')
#6 {main}
CRITICAL - 2022-08-25 21:08:56 --> Undefined variable: start
#0 /var/www/rddspm/app/Controllers/MonitoringLogController.php(148): CodeIgniter\Debug\Exceptions->errorHandler(8, 'Undefined varia...', '/var/www/rddspm...', 148, Array)
#1 /var/www/rddspm/system/CodeIgniter.php(832): App\Controllers\MonitoringLogController->DownloadToExcel()
#2 /var/www/rddspm/system/CodeIgniter.php(419): CodeIgniter\CodeIgniter->runController(Object(App\Controllers\MonitoringLogController))
#3 /var/www/rddspm/system/CodeIgniter.php(326): CodeIgniter\CodeIgniter->handleRequest(NULL, Object(Config\Cache), false)
#4 /var/www/rddspm/public/index.php(38): CodeIgniter\CodeIgniter->run()
#5 /var/www/rddspm/system/Commands/Server/rewrite.php(43): require_once('/var/www/rddspm...')
#6 {main}
CRITICAL - 2022-08-25 21:09:00 --> Undefined variable: start
#0 /var/www/rddspm/app/Controllers/MonitoringLogController.php(148): CodeIgniter\Debug\Exceptions->errorHandler(8, 'Undefined varia...', '/var/www/rddspm...', 148, Array)
#1 /var/www/rddspm/system/CodeIgniter.php(832): App\Controllers\MonitoringLogController->DownloadToExcel()
#2 /var/www/rddspm/system/CodeIgniter.php(419): CodeIgniter\CodeIgniter->runController(Object(App\Controllers\MonitoringLogController))
#3 /var/www/rddspm/system/CodeIgniter.php(326): CodeIgniter\CodeIgniter->handleRequest(NULL, Object(Config\Cache), false)
#4 /var/www/rddspm/public/index.php(38): CodeIgniter\CodeIgniter->run()
#5 /var/www/rddspm/system/Commands/Server/rewrite.php(43): require_once('/var/www/rddspm...')
#6 {main}
