CRITICAL - 2022-07-26 01:35:25 --> Undefined variable: ds1
#0 /var/www/rddspm/app/Views/index.php(58): CodeIgniter\Debug\Exceptions->errorHandler(8, 'Undefined varia...', '/var/www/rddspm...', 58, Array)
#1 /var/www/rddspm/system/View/View.php(210): include('/var/www/rddspm...')
#2 /var/www/rddspm/system/View/View.php(213): CodeIgniter\View\View->CodeIgniter\View\{closure}()
#3 /var/www/rddspm/system/Common.php(1089): CodeIgniter\View\View->render('index', Array, true)
#4 /var/www/rddspm/app/Controllers/Home.php(9): view('index')
#5 /var/www/rddspm/system/CodeIgniter.php(832): App\Controllers\Home->index()
#6 /var/www/rddspm/system/CodeIgniter.php(419): CodeIgniter\CodeIgniter->runController(Object(App\Controllers\Home))
#7 /var/www/rddspm/system/CodeIgniter.php(326): CodeIgniter\CodeIgniter->handleRequest(NULL, Object(Config\Cache), false)
#8 /var/www/rddspm/public/index.php(38): CodeIgniter\CodeIgniter->run()
#9 {main}
CRITICAL - 2022-07-26 01:35:32 --> Undefined variable: ds1
#0 /var/www/rddspm/app/Views/index.php(58): CodeIgniter\Debug\Exceptions->errorHandler(8, 'Undefined varia...', '/var/www/rddspm...', 58, Array)
#1 /var/www/rddspm/system/View/View.php(210): include('/var/www/rddspm...')
#2 /var/www/rddspm/system/View/View.php(213): CodeIgniter\View\View->CodeIgniter\View\{closure}()
#3 /var/www/rddspm/system/Common.php(1089): CodeIgniter\View\View->render('index', Array, true)
#4 /var/www/rddspm/app/Controllers/Home.php(9): view('index')
#5 /var/www/rddspm/system/CodeIgniter.php(832): App\Controllers\Home->index()
#6 /var/www/rddspm/system/CodeIgniter.php(419): CodeIgniter\CodeIgniter->runController(Object(App\Controllers\Home))
#7 /var/www/rddspm/system/CodeIgniter.php(326): CodeIgniter\CodeIgniter->handleRequest(NULL, Object(Config\Cache), false)
#8 /var/www/rddspm/public/index.php(38): CodeIgniter\CodeIgniter->run()
#9 {main}
CRITICAL - 2022-07-26 01:50:23 --> Undefined variable: totalTime
#0 /var/www/rddspm/system/Debug/Toolbar/Views/toolbar.tpl.php(40): CodeIgniter\Debug\Exceptions->errorHandler(8, 'Undefined varia...', '/var/www/rddspm...', 40, Array)
#1 /var/www/rddspm/system/Debug/Toolbar.php(501): include('/var/www/rddspm...')
#2 /var/www/rddspm/system/Debug/Toolbar.php(464): CodeIgniter\Debug\Toolbar->format(Array, 'html')
#3 /var/www/rddspm/app/Config/Events.php(48): CodeIgniter\Debug\Toolbar->respond()
#4 /var/www/rddspm/system/Events/Events.php(149): CodeIgniter\Events\Events::Config\{closure}()
#5 /var/www/rddspm/system/CodeIgniter.php(308): CodeIgniter\Events\Events::trigger('pre_system')
#6 /var/www/rddspm/public/index.php(38): CodeIgniter\CodeIgniter->run()
#7 {main}
CRITICAL - 2022-07-26 02:02:41 --> Undefined variable: ds1
#0 /var/www/rddspm/app/Views/index.php(58): CodeIgniter\Debug\Exceptions->errorHandler(8, 'Undefined varia...', '/var/www/rddspm...', 58, Array)
#1 /var/www/rddspm/system/View/View.php(210): include('/var/www/rddspm...')
#2 /var/www/rddspm/system/View/View.php(213): CodeIgniter\View\View->CodeIgniter\View\{closure}()
#3 /var/www/rddspm/system/Common.php(1089): CodeIgniter\View\View->render('index', Array, true)
#4 /var/www/rddspm/app/Controllers/Home.php(9): view('index')
#5 /var/www/rddspm/system/CodeIgniter.php(832): App\Controllers\Home->index()
#6 /var/www/rddspm/system/CodeIgniter.php(419): CodeIgniter\CodeIgniter->runController(Object(App\Controllers\Home))
#7 /var/www/rddspm/system/CodeIgniter.php(326): CodeIgniter\CodeIgniter->handleRequest(NULL, Object(Config\Cache), false)
#8 /var/www/rddspm/public/index.php(38): CodeIgniter\CodeIgniter->run()
#9 {main}
CRITICAL - 2022-07-26 02:14:50 --> Undefined variable: ds1
#0 /var/www/rddspm/app/Views/index.php(58): CodeIgniter\Debug\Exceptions->errorHandler(8, 'Undefined varia...', '/var/www/rddspm...', 58, Array)
#1 /var/www/rddspm/system/View/View.php(210): include('/var/www/rddspm...')
#2 /var/www/rddspm/system/View/View.php(213): CodeIgniter\View\View->CodeIgniter\View\{closure}()
#3 /var/www/rddspm/system/Common.php(1089): CodeIgniter\View\View->render('index', Array, true)
#4 /var/www/rddspm/app/Controllers/Home.php(9): view('index')
#5 /var/www/rddspm/system/CodeIgniter.php(832): App\Controllers\Home->index()
#6 /var/www/rddspm/system/CodeIgniter.php(419): CodeIgniter\CodeIgniter->runController(Object(App\Controllers\Home))
#7 /var/www/rddspm/system/CodeIgniter.php(326): CodeIgniter\CodeIgniter->handleRequest(NULL, Object(Config\Cache), false)
#8 /var/www/rddspm/public/index.php(38): CodeIgniter\CodeIgniter->run()
#9 {main}
CRITICAL - 2022-07-26 02:46:57 --> Undefined variable: ds1
#0 /var/www/rddspm/app/Views/index.php(58): CodeIgniter\Debug\Exceptions->errorHandler(8, 'Undefined varia...', '/var/www/rddspm...', 58, Array)
#1 /var/www/rddspm/system/View/View.php(210): include('/var/www/rddspm...')
#2 /var/www/rddspm/system/View/View.php(213): CodeIgniter\View\View->CodeIgniter\View\{closure}()
#3 /var/www/rddspm/system/Common.php(1089): CodeIgniter\View\View->render('index', Array, true)
#4 /var/www/rddspm/app/Controllers/Home.php(9): view('index')
#5 /var/www/rddspm/system/CodeIgniter.php(832): App\Controllers\Home->index()
#6 /var/www/rddspm/system/CodeIgniter.php(419): CodeIgniter\CodeIgniter->runController(Object(App\Controllers\Home))
#7 /var/www/rddspm/system/CodeIgniter.php(326): CodeIgniter\CodeIgniter->handleRequest(NULL, Object(Config\Cache), false)
#8 /var/www/rddspm/public/index.php(38): CodeIgniter\CodeIgniter->run()
#9 {main}
CRITICAL - 2022-07-26 02:53:51 --> Undefined variable: ds1
#0 /var/www/rddspm/app/Views/index.php(58): CodeIgniter\Debug\Exceptions->errorHandler(8, 'Undefined varia...', '/var/www/rddspm...', 58, Array)
#1 /var/www/rddspm/system/View/View.php(210): include('/var/www/rddspm...')
#2 /var/www/rddspm/system/View/View.php(213): CodeIgniter\View\View->CodeIgniter\View\{closure}()
#3 /var/www/rddspm/system/Common.php(1089): CodeIgniter\View\View->render('index', Array, true)
#4 /var/www/rddspm/app/Controllers/Home.php(9): view('index')
#5 /var/www/rddspm/system/CodeIgniter.php(832): App\Controllers\Home->index()
#6 /var/www/rddspm/system/CodeIgniter.php(419): CodeIgniter\CodeIgniter->runController(Object(App\Controllers\Home))
#7 /var/www/rddspm/system/CodeIgniter.php(326): CodeIgniter\CodeIgniter->handleRequest(NULL, Object(Config\Cache), false)
#8 /var/www/rddspm/public/index.php(38): CodeIgniter\CodeIgniter->run()
#9 {main}
CRITICAL - 2022-07-26 04:12:17 --> Invalid file: ajax/a-dashboard-index-SCC.php
#0 /var/www/rddspm/system/View/View.php(198): CodeIgniter\Exceptions\FrameworkException::forInvalidFile('ajax/a-dashboar...')
#1 /var/www/rddspm/system/Common.php(1089): CodeIgniter\View\View->render('ajax/a-dashboar...', Array, true)
#2 /var/www/rddspm/app/Controllers/DashboardSccController.php(46): view('ajax/a-dashboar...', Array)
#3 /var/www/rddspm/system/CodeIgniter.php(832): App\Controllers\DashboardSccController->ajax_dashboard_scc()
#4 /var/www/rddspm/system/CodeIgniter.php(419): CodeIgniter\CodeIgniter->runController(Object(App\Controllers\DashboardSccController))
#5 /var/www/rddspm/system/CodeIgniter.php(326): CodeIgniter\CodeIgniter->handleRequest(NULL, Object(Config\Cache), false)
#6 /var/www/rddspm/public/index.php(38): CodeIgniter\CodeIgniter->run()
#7 {main}
CRITICAL - 2022-07-26 04:12:18 --> Invalid file: ajax/a-dashboard-index-SCC.php
#0 /var/www/rddspm/system/View/View.php(198): CodeIgniter\Exceptions\FrameworkException::forInvalidFile('ajax/a-dashboar...')
#1 /var/www/rddspm/system/Common.php(1089): CodeIgniter\View\View->render('ajax/a-dashboar...', Array, true)
#2 /var/www/rddspm/app/Controllers/DashboardSccController.php(46): view('ajax/a-dashboar...', Array)
#3 /var/www/rddspm/system/CodeIgniter.php(832): App\Controllers\DashboardSccController->ajax_dashboard_scc()
#4 /var/www/rddspm/system/CodeIgniter.php(419): CodeIgniter\CodeIgniter->runController(Object(App\Controllers\DashboardSccController))
#5 /var/www/rddspm/system/CodeIgniter.php(326): CodeIgniter\CodeIgniter->handleRequest(NULL, Object(Config\Cache), false)
#6 /var/www/rddspm/public/index.php(38): CodeIgniter\CodeIgniter->run()
#7 {main}
CRITICAL - 2022-07-26 04:12:19 --> Invalid file: ajax/a-dashboard-index-SCC.php
#0 /var/www/rddspm/system/View/View.php(198): CodeIgniter\Exceptions\FrameworkException::forInvalidFile('ajax/a-dashboar...')
#1 /var/www/rddspm/system/Common.php(1089): CodeIgniter\View\View->render('ajax/a-dashboar...', Array, true)
#2 /var/www/rddspm/app/Controllers/DashboardSccController.php(46): view('ajax/a-dashboar...', Array)
#3 /var/www/rddspm/system/CodeIgniter.php(832): App\Controllers\DashboardSccController->ajax_dashboard_scc()
#4 /var/www/rddspm/system/CodeIgniter.php(419): CodeIgniter\CodeIgniter->runController(Object(App\Controllers\DashboardSccController))
#5 /var/www/rddspm/system/CodeIgniter.php(326): CodeIgniter\CodeIgniter->handleRequest(NULL, Object(Config\Cache), false)
#6 /var/www/rddspm/public/index.php(38): CodeIgniter\CodeIgniter->run()
#7 {main}
CRITICAL - 2022-07-26 04:12:20 --> Invalid file: ajax/a-dashboard-index-SCC.php
#0 /var/www/rddspm/system/View/View.php(198): CodeIgniter\Exceptions\FrameworkException::forInvalidFile('ajax/a-dashboar...')
#1 /var/www/rddspm/system/Common.php(1089): CodeIgniter\View\View->render('ajax/a-dashboar...', Array, true)
#2 /var/www/rddspm/app/Controllers/DashboardSccController.php(46): view('ajax/a-dashboar...', Array)
#3 /var/www/rddspm/system/CodeIgniter.php(832): App\Controllers\DashboardSccController->ajax_dashboard_scc()
#4 /var/www/rddspm/system/CodeIgniter.php(419): CodeIgniter\CodeIgniter->runController(Object(App\Controllers\DashboardSccController))
#5 /var/www/rddspm/system/CodeIgniter.php(326): CodeIgniter\CodeIgniter->handleRequest(NULL, Object(Config\Cache), false)
#6 /var/www/rddspm/public/index.php(38): CodeIgniter\CodeIgniter->run()
#7 {main}
CRITICAL - 2022-07-26 04:12:21 --> Invalid file: ajax/a-dashboard-index-SCC.php
#0 /var/www/rddspm/system/View/View.php(198): CodeIgniter\Exceptions\FrameworkException::forInvalidFile('ajax/a-dashboar...')
#1 /var/www/rddspm/system/Common.php(1089): CodeIgniter\View\View->render('ajax/a-dashboar...', Array, true)
#2 /var/www/rddspm/app/Controllers/DashboardSccController.php(46): view('ajax/a-dashboar...', Array)
#3 /var/www/rddspm/system/CodeIgniter.php(832): App\Controllers\DashboardSccController->ajax_dashboard_scc()
#4 /var/www/rddspm/system/CodeIgniter.php(419): CodeIgniter\CodeIgniter->runController(Object(App\Controllers\DashboardSccController))
#5 /var/www/rddspm/system/CodeIgniter.php(326): CodeIgniter\CodeIgniter->handleRequest(NULL, Object(Config\Cache), false)
#6 /var/www/rddspm/public/index.php(38): CodeIgniter\CodeIgniter->run()
#7 {main}
CRITICAL - 2022-07-26 04:12:22 --> Invalid file: ajax/a-dashboard-index-SCC.php
#0 /var/www/rddspm/system/View/View.php(198): CodeIgniter\Exceptions\FrameworkException::forInvalidFile('ajax/a-dashboar...')
#1 /var/www/rddspm/system/Common.php(1089): CodeIgniter\View\View->render('ajax/a-dashboar...', Array, true)
#2 /var/www/rddspm/app/Controllers/DashboardSccController.php(46): view('ajax/a-dashboar...', Array)
#3 /var/www/rddspm/system/CodeIgniter.php(832): App\Controllers\DashboardSccController->ajax_dashboard_scc()
#4 /var/www/rddspm/system/CodeIgniter.php(419): CodeIgniter\CodeIgniter->runController(Object(App\Controllers\DashboardSccController))
#5 /var/www/rddspm/system/CodeIgniter.php(326): CodeIgniter\CodeIgniter->handleRequest(NULL, Object(Config\Cache), false)
#6 /var/www/rddspm/public/index.php(38): CodeIgniter\CodeIgniter->run()
#7 {main}
CRITICAL - 2022-07-26 04:12:23 --> Invalid file: ajax/a-dashboard-index-SCC.php
#0 /var/www/rddspm/system/View/View.php(198): CodeIgniter\Exceptions\FrameworkException::forInvalidFile('ajax/a-dashboar...')
#1 /var/www/rddspm/system/Common.php(1089): CodeIgniter\View\View->render('ajax/a-dashboar...', Array, true)
#2 /var/www/rddspm/app/Controllers/DashboardSccController.php(46): view('ajax/a-dashboar...', Array)
#3 /var/www/rddspm/system/CodeIgniter.php(832): App\Controllers\DashboardSccController->ajax_dashboard_scc()
#4 /var/www/rddspm/system/CodeIgniter.php(419): CodeIgniter\CodeIgniter->runController(Object(App\Controllers\DashboardSccController))
#5 /var/www/rddspm/system/CodeIgniter.php(326): CodeIgniter\CodeIgniter->handleRequest(NULL, Object(Config\Cache), false)
#6 /var/www/rddspm/public/index.php(38): CodeIgniter\CodeIgniter->run()
#7 {main}
CRITICAL - 2022-07-26 04:12:24 --> Invalid file: ajax/a-dashboard-index-SCC.php
#0 /var/www/rddspm/system/View/View.php(198): CodeIgniter\Exceptions\FrameworkException::forInvalidFile('ajax/a-dashboar...')
#1 /var/www/rddspm/system/Common.php(1089): CodeIgniter\View\View->render('ajax/a-dashboar...', Array, true)
#2 /var/www/rddspm/app/Controllers/DashboardSccController.php(46): view('ajax/a-dashboar...', Array)
#3 /var/www/rddspm/system/CodeIgniter.php(832): App\Controllers\DashboardSccController->ajax_dashboard_scc()
#4 /var/www/rddspm/system/CodeIgniter.php(419): CodeIgniter\CodeIgniter->runController(Object(App\Controllers\DashboardSccController))
#5 /var/www/rddspm/system/CodeIgniter.php(326): CodeIgniter\CodeIgniter->handleRequest(NULL, Object(Config\Cache), false)
#6 /var/www/rddspm/public/index.php(38): CodeIgniter\CodeIgniter->run()
#7 {main}
CRITICAL - 2022-07-26 04:12:25 --> Invalid file: ajax/a-dashboard-index-SCC.php
#0 /var/www/rddspm/system/View/View.php(198): CodeIgniter\Exceptions\FrameworkException::forInvalidFile('ajax/a-dashboar...')
#1 /var/www/rddspm/system/Common.php(1089): CodeIgniter\View\View->render('ajax/a-dashboar...', Array, true)
#2 /var/www/rddspm/app/Controllers/DashboardSccController.php(46): view('ajax/a-dashboar...', Array)
#3 /var/www/rddspm/system/CodeIgniter.php(832): App\Controllers\DashboardSccController->ajax_dashboard_scc()
#4 /var/www/rddspm/system/CodeIgniter.php(419): CodeIgniter\CodeIgniter->runController(Object(App\Controllers\DashboardSccController))
#5 /var/www/rddspm/system/CodeIgniter.php(326): CodeIgniter\CodeIgniter->handleRequest(NULL, Object(Config\Cache), false)
#6 /var/www/rddspm/public/index.php(38): CodeIgniter\CodeIgniter->run()
#7 {main}
CRITICAL - 2022-07-26 04:12:26 --> Invalid file: ajax/a-dashboard-index-SCC.php
#0 /var/www/rddspm/system/View/View.php(198): CodeIgniter\Exceptions\FrameworkException::forInvalidFile('ajax/a-dashboar...')
#1 /var/www/rddspm/system/Common.php(1089): CodeIgniter\View\View->render('ajax/a-dashboar...', Array, true)
#2 /var/www/rddspm/app/Controllers/DashboardSccController.php(46): view('ajax/a-dashboar...', Array)
#3 /var/www/rddspm/system/CodeIgniter.php(832): App\Controllers\DashboardSccController->ajax_dashboard_scc()
#4 /var/www/rddspm/system/CodeIgniter.php(419): CodeIgniter\CodeIgniter->runController(Object(App\Controllers\DashboardSccController))
#5 /var/www/rddspm/system/CodeIgniter.php(326): CodeIgniter\CodeIgniter->handleRequest(NULL, Object(Config\Cache), false)
#6 /var/www/rddspm/public/index.php(38): CodeIgniter\CodeIgniter->run()
#7 {main}
CRITICAL - 2022-07-26 04:12:27 --> Invalid file: ajax/a-dashboard-index-SCC.php
#0 /var/www/rddspm/system/View/View.php(198): CodeIgniter\Exceptions\FrameworkException::forInvalidFile('ajax/a-dashboar...')
#1 /var/www/rddspm/system/Common.php(1089): CodeIgniter\View\View->render('ajax/a-dashboar...', Array, true)
#2 /var/www/rddspm/app/Controllers/DashboardSccController.php(46): view('ajax/a-dashboar...', Array)
#3 /var/www/rddspm/system/CodeIgniter.php(832): App\Controllers\DashboardSccController->ajax_dashboard_scc()
#4 /var/www/rddspm/system/CodeIgniter.php(419): CodeIgniter\CodeIgniter->runController(Object(App\Controllers\DashboardSccController))
#5 /var/www/rddspm/system/CodeIgniter.php(326): CodeIgniter\CodeIgniter->handleRequest(NULL, Object(Config\Cache), false)
#6 /var/www/rddspm/public/index.php(38): CodeIgniter\CodeIgniter->run()
#7 {main}
CRITICAL - 2022-07-26 04:12:28 --> Invalid file: ajax/a-dashboard-index-SCC.php
#0 /var/www/rddspm/system/View/View.php(198): CodeIgniter\Exceptions\FrameworkException::forInvalidFile('ajax/a-dashboar...')
#1 /var/www/rddspm/system/Common.php(1089): CodeIgniter\View\View->render('ajax/a-dashboar...', Array, true)
#2 /var/www/rddspm/app/Controllers/DashboardSccController.php(46): view('ajax/a-dashboar...', Array)
#3 /var/www/rddspm/system/CodeIgniter.php(832): App\Controllers\DashboardSccController->ajax_dashboard_scc()
#4 /var/www/rddspm/system/CodeIgniter.php(419): CodeIgniter\CodeIgniter->runController(Object(App\Controllers\DashboardSccController))
#5 /var/www/rddspm/system/CodeIgniter.php(326): CodeIgniter\CodeIgniter->handleRequest(NULL, Object(Config\Cache), false)
#6 /var/www/rddspm/public/index.php(38): CodeIgniter\CodeIgniter->run()
#7 {main}
CRITICAL - 2022-07-26 21:08:05 --> Undefined variable: scc1
#0 /var/www/rddspm/app/Views/dashboard-log.php(43): CodeIgniter\Debug\Exceptions->errorHandler(8, 'Undefined varia...', '/var/www/rddspm...', 43, Array)
#1 /var/www/rddspm/system/View/View.php(210): include('/var/www/rddspm...')
#2 /var/www/rddspm/system/View/View.php(213): CodeIgniter\View\View->CodeIgniter\View\{closure}()
#3 /var/www/rddspm/system/Common.php(1089): CodeIgniter\View\View->render('dashboard-log', Array, true)
#4 /var/www/rddspm/app/Controllers/Home.php(16): view('dashboard-log')
#5 /var/www/rddspm/system/CodeIgniter.php(832): App\Controllers\Home->root('dashboard-log')
#6 /var/www/rddspm/system/CodeIgniter.php(419): CodeIgniter\CodeIgniter->runController(Object(App\Controllers\Home))
#7 /var/www/rddspm/system/CodeIgniter.php(326): CodeIgniter\CodeIgniter->handleRequest(NULL, Object(Config\Cache), false)
#8 /var/www/rddspm/public/index.php(38): CodeIgniter\CodeIgniter->run()
#9 {main}
CRITICAL - 2022-07-26 22:15:09 --> Undefined variable: bus_vol
#0 /var/www/rddspm/app/Views/dashboard-log.php(124): CodeIgniter\Debug\Exceptions->errorHandler(8, 'Undefined varia...', '/var/www/rddspm...', 124, Array)
#1 /var/www/rddspm/system/View/View.php(210): include('/var/www/rddspm...')
#2 /var/www/rddspm/system/View/View.php(213): CodeIgniter\View\View->CodeIgniter\View\{closure}()
#3 /var/www/rddspm/system/Common.php(1089): CodeIgniter\View\View->render('dashboard-log', Array, true)
#4 /var/www/rddspm/app/Controllers/MonitoringLogController.php(20): view('dashboard-log', Array)
#5 /var/www/rddspm/system/CodeIgniter.php(832): App\Controllers\MonitoringLogController->log()
#6 /var/www/rddspm/system/CodeIgniter.php(419): CodeIgniter\CodeIgniter->runController(Object(App\Controllers\MonitoringLogController))
#7 /var/www/rddspm/system/CodeIgniter.php(326): CodeIgniter\CodeIgniter->handleRequest(NULL, Object(Config\Cache), false)
#8 /var/www/rddspm/public/index.php(38): CodeIgniter\CodeIgniter->run()
#9 {main}
CRITICAL - 2022-07-26 22:15:34 --> Allowed memory size of 268435456 bytes exhausted (tried to allocate 102598320 bytes)
#0 [internal function]: CodeIgniter\Debug\Exceptions->shutdownHandler()
#1 {main}
CRITICAL - 2022-07-26 22:25:46 --> Undefined variable: item
#0 /var/www/rddspm/app/Views/dashboard-log.php(31): CodeIgniter\Debug\Exceptions->errorHandler(8, 'Undefined varia...', '/var/www/rddspm...', 31, Array)
#1 /var/www/rddspm/system/View/View.php(210): include('/var/www/rddspm...')
#2 /var/www/rddspm/system/View/View.php(213): CodeIgniter\View\View->CodeIgniter\View\{closure}()
#3 /var/www/rddspm/system/Common.php(1089): CodeIgniter\View\View->render('dashboard-log', Array, true)
#4 /var/www/rddspm/app/Controllers/MonitoringLogController.php(20): view('dashboard-log', Array)
#5 /var/www/rddspm/system/CodeIgniter.php(832): App\Controllers\MonitoringLogController->log()
#6 /var/www/rddspm/system/CodeIgniter.php(419): CodeIgniter\CodeIgniter->runController(Object(App\Controllers\MonitoringLogController))
#7 /var/www/rddspm/system/CodeIgniter.php(326): CodeIgniter\CodeIgniter->handleRequest(NULL, Object(Config\Cache), false)
#8 /var/www/rddspm/public/index.php(38): CodeIgniter\CodeIgniter->run()
#9 {main}
CRITICAL - 2022-07-26 22:35:24 --> Allowed memory size of 268435456 bytes exhausted (tried to allocate 86937696 bytes)
#0 [internal function]: CodeIgniter\Debug\Exceptions->shutdownHandler()
#1 {main}
CRITICAL - 2022-07-26 22:49:00 --> Undefined variable: datalog1
#0 /var/www/rddspm/app/Views/dashboard-log.php(129): CodeIgniter\Debug\Exceptions->errorHandler(8, 'Undefined varia...', '/var/www/rddspm...', 129, Array)
#1 /var/www/rddspm/system/View/View.php(210): include('/var/www/rddspm...')
#2 /var/www/rddspm/system/View/View.php(213): CodeIgniter\View\View->CodeIgniter\View\{closure}()
#3 /var/www/rddspm/system/Common.php(1089): CodeIgniter\View\View->render('dashboard-log', Array, true)
#4 /var/www/rddspm/app/Controllers/MonitoringLogController.php(20): view('dashboard-log', Array)
#5 /var/www/rddspm/system/CodeIgniter.php(832): App\Controllers\MonitoringLogController->log()
#6 /var/www/rddspm/system/CodeIgniter.php(419): CodeIgniter\CodeIgniter->runController(Object(App\Controllers\MonitoringLogController))
#7 /var/www/rddspm/system/CodeIgniter.php(326): CodeIgniter\CodeIgniter->handleRequest(NULL, Object(Config\Cache), false)
#8 /var/www/rddspm/public/index.php(38): CodeIgniter\CodeIgniter->run()
#9 {main}
CRITICAL - 2022-07-26 22:55:58 --> Undefined property: CodeIgniter\View\View::$db
#0 /var/www/rddspm/app/Views/dashboard-log.php(3): CodeIgniter\Debug\Exceptions->errorHandler(8, 'Undefined prope...', '/var/www/rddspm...', 3, Array)
#1 /var/www/rddspm/system/View/View.php(210): include('/var/www/rddspm...')
#2 /var/www/rddspm/system/View/View.php(213): CodeIgniter\View\View->CodeIgniter\View\{closure}()
#3 /var/www/rddspm/system/Common.php(1089): CodeIgniter\View\View->render('dashboard-log', Array, true)
#4 /var/www/rddspm/app/Controllers/MonitoringLogController.php(20): view('dashboard-log', Array)
#5 /var/www/rddspm/system/CodeIgniter.php(832): App\Controllers\MonitoringLogController->log()
#6 /var/www/rddspm/system/CodeIgniter.php(419): CodeIgniter\CodeIgniter->runController(Object(App\Controllers\MonitoringLogController))
#7 /var/www/rddspm/system/CodeIgniter.php(326): CodeIgniter\CodeIgniter->handleRequest(NULL, Object(Config\Cache), false)
#8 /var/www/rddspm/public/index.php(38): CodeIgniter\CodeIgniter->run()
#9 {main}
CRITICAL - 2022-07-26 22:56:35 --> Call to undefined method CodeIgniter\View\View::get()
#0 /var/www/rddspm/system/View/View.php(210): include()
#1 /var/www/rddspm/system/View/View.php(213): CodeIgniter\View\View->CodeIgniter\View\{closure}()
#2 /var/www/rddspm/system/Common.php(1089): CodeIgniter\View\View->render('dashboard-log', Array, true)
#3 /var/www/rddspm/app/Controllers/MonitoringLogController.php(20): view('dashboard-log', Array)
#4 /var/www/rddspm/system/CodeIgniter.php(832): App\Controllers\MonitoringLogController->log()
#5 /var/www/rddspm/system/CodeIgniter.php(419): CodeIgniter\CodeIgniter->runController(Object(App\Controllers\MonitoringLogController))
#6 /var/www/rddspm/system/CodeIgniter.php(326): CodeIgniter\CodeIgniter->handleRequest(NULL, Object(Config\Cache), false)
#7 /var/www/rddspm/public/index.php(38): CodeIgniter\CodeIgniter->run()
#8 {main}
CRITICAL - 2022-07-26 23:01:11 --> Undefined variable: dataoke
#0 /var/www/rddspm/app/Views/dashboard-log.php(130): CodeIgniter\Debug\Exceptions->errorHandler(8, 'Undefined varia...', '/var/www/rddspm...', 130, Array)
#1 /var/www/rddspm/system/View/View.php(210): include('/var/www/rddspm...')
#2 /var/www/rddspm/system/View/View.php(213): CodeIgniter\View\View->CodeIgniter\View\{closure}()
#3 /var/www/rddspm/system/Common.php(1089): CodeIgniter\View\View->render('dashboard-log', Array, true)
#4 /var/www/rddspm/app/Controllers/MonitoringLogController.php(20): view('dashboard-log', Array)
#5 /var/www/rddspm/system/CodeIgniter.php(832): App\Controllers\MonitoringLogController->log()
#6 /var/www/rddspm/system/CodeIgniter.php(419): CodeIgniter\CodeIgniter->runController(Object(App\Controllers\MonitoringLogController))
#7 /var/www/rddspm/system/CodeIgniter.php(326): CodeIgniter\CodeIgniter->handleRequest(NULL, Object(Config\Cache), false)
#8 /var/www/rddspm/public/index.php(38): CodeIgniter\CodeIgniter->run()
#9 {main}
CRITICAL - 2022-07-26 23:08:53 --> Undefined property: stdClass::$name
#0 /var/www/rddspm/app/Views/dashboard-log.php(115): CodeIgniter\Debug\Exceptions->errorHandler(8, 'Undefined prope...', '/var/www/rddspm...', 115, Array)
#1 /var/www/rddspm/system/View/View.php(210): include('/var/www/rddspm...')
#2 /var/www/rddspm/system/View/View.php(213): CodeIgniter\View\View->CodeIgniter\View\{closure}()
#3 /var/www/rddspm/system/Common.php(1089): CodeIgniter\View\View->render('dashboard-log', Array, true)
#4 /var/www/rddspm/app/Controllers/MonitoringLogController.php(20): view('dashboard-log', Array)
#5 /var/www/rddspm/system/CodeIgniter.php(832): App\Controllers\MonitoringLogController->log()
#6 /var/www/rddspm/system/CodeIgniter.php(419): CodeIgniter\CodeIgniter->runController(Object(App\Controllers\MonitoringLogController))
#7 /var/www/rddspm/system/CodeIgniter.php(326): CodeIgniter\CodeIgniter->handleRequest(NULL, Object(Config\Cache), false)
#8 /var/www/rddspm/public/index.php(38): CodeIgniter\CodeIgniter->run()
#9 {main}
CRITICAL - 2022-07-26 23:09:48 --> syntax error, unexpected '[', expecting identifier (T_STRING) or variable (T_VARIABLE) or '{' or '$'
#0 /var/www/rddspm/system/View/View.php(213): CodeIgniter\View\View->CodeIgniter\View\{closure}()
#1 /var/www/rddspm/system/Common.php(1089): CodeIgniter\View\View->render('dashboard-log', Array, true)
#2 /var/www/rddspm/app/Controllers/MonitoringLogController.php(20): view('dashboard-log', Array)
#3 /var/www/rddspm/system/CodeIgniter.php(832): App\Controllers\MonitoringLogController->log()
#4 /var/www/rddspm/system/CodeIgniter.php(419): CodeIgniter\CodeIgniter->runController(Object(App\Controllers\MonitoringLogController))
#5 /var/www/rddspm/system/CodeIgniter.php(326): CodeIgniter\CodeIgniter->handleRequest(NULL, Object(Config\Cache), false)
#6 /var/www/rddspm/public/index.php(38): CodeIgniter\CodeIgniter->run()
#7 {main}
CRITICAL - 2022-07-26 23:22:57 --> Allowed memory size of 268435456 bytes exhausted (tried to allocate 63165208 bytes)
#0 [internal function]: CodeIgniter\Debug\Exceptions->shutdownHandler()
#1 {main}
CRITICAL - 2022-07-26 23:54:53 --> Undefined property: stdClass::$name
#0 /var/www/rddspm/app/Views/dashboard-log.php(31): CodeIgniter\Debug\Exceptions->errorHandler(8, 'Undefined prope...', '/var/www/rddspm...', 31, Array)
#1 /var/www/rddspm/system/View/View.php(210): include('/var/www/rddspm...')
#2 /var/www/rddspm/system/View/View.php(213): CodeIgniter\View\View->CodeIgniter\View\{closure}()
#3 /var/www/rddspm/system/Common.php(1089): CodeIgniter\View\View->render('dashboard-log', Array, true)
#4 /var/www/rddspm/app/Controllers/MonitoringLogController.php(20): view('dashboard-log', Array)
#5 /var/www/rddspm/system/CodeIgniter.php(832): App\Controllers\MonitoringLogController->log()
#6 /var/www/rddspm/system/CodeIgniter.php(419): CodeIgniter\CodeIgniter->runController(Object(App\Controllers\MonitoringLogController))
#7 /var/www/rddspm/system/CodeIgniter.php(326): CodeIgniter\CodeIgniter->handleRequest(NULL, Object(Config\Cache), false)
#8 /var/www/rddspm/public/index.php(38): CodeIgniter\CodeIgniter->run()
#9 {main}
