CRITICAL - 2022-07-25 20:10:52 --> Undefined variable: ds1
#0 /var/www/rddspm/app/Views/index.php(58): CodeIgniter\Debug\Exceptions->errorHandler(8, 'Undefined varia...', '/var/www/rddspm...', 58, Array)
#1 /var/www/rddspm/system/View/View.php(210): include('/var/www/rddspm...')
#2 /var/www/rddspm/system/View/View.php(213): CodeIgniter\View\View->CodeIgniter\View\{closure}()
#3 /var/www/rddspm/system/Common.php(1089): CodeIgniter\View\View->render('index', Array, true)
#4 /var/www/rddspm/app/Controllers/Home.php(9): view('index')
#5 /var/www/rddspm/system/CodeIgniter.php(832): App\Controllers\Home->index()
#6 /var/www/rddspm/system/CodeIgniter.php(419): CodeIgniter\CodeIgniter->runController(Object(App\Controllers\Home))
#7 /var/www/rddspm/system/CodeIgniter.php(326): CodeIgniter\CodeIgniter->handleRequest(NULL, Object(Config\Cache), false)
#8 /var/www/rddspm/public/index.php(38): CodeIgniter\CodeIgniter->run()
#9 {main}
CRITICAL - 2022-07-25 20:15:24 --> Undefined variable: ds1
#0 /var/www/rddspm/app/Views/index.php(58): CodeIgniter\Debug\Exceptions->errorHandler(8, 'Undefined varia...', '/var/www/rddspm...', 58, Array)
#1 /var/www/rddspm/system/View/View.php(210): include('/var/www/rddspm...')
#2 /var/www/rddspm/system/View/View.php(213): CodeIgniter\View\View->CodeIgniter\View\{closure}()
#3 /var/www/rddspm/system/Common.php(1089): CodeIgniter\View\View->render('index', Array, true)
#4 /var/www/rddspm/app/Controllers/Home.php(9): view('index')
#5 /var/www/rddspm/system/CodeIgniter.php(832): App\Controllers\Home->index()
#6 /var/www/rddspm/system/CodeIgniter.php(419): CodeIgniter\CodeIgniter->runController(Object(App\Controllers\Home))
#7 /var/www/rddspm/system/CodeIgniter.php(326): CodeIgniter\CodeIgniter->handleRequest(NULL, Object(Config\Cache), false)
#8 /var/www/rddspm/public/index.php(38): CodeIgniter\CodeIgniter->run()
#9 {main}
CRITICAL - 2022-07-25 20:15:56 --> Undefined variable: ds1
#0 /var/www/rddspm/app/Views/index.php(58): CodeIgniter\Debug\Exceptions->errorHandler(8, 'Undefined varia...', '/var/www/rddspm...', 58, Array)
#1 /var/www/rddspm/system/View/View.php(210): include('/var/www/rddspm...')
#2 /var/www/rddspm/system/View/View.php(213): CodeIgniter\View\View->CodeIgniter\View\{closure}()
#3 /var/www/rddspm/system/Common.php(1089): CodeIgniter\View\View->render('index', Array, true)
#4 /var/www/rddspm/app/Controllers/Home.php(9): view('index')
#5 /var/www/rddspm/system/CodeIgniter.php(832): App\Controllers\Home->index()
#6 /var/www/rddspm/system/CodeIgniter.php(419): CodeIgniter\CodeIgniter->runController(Object(App\Controllers\Home))
#7 /var/www/rddspm/system/CodeIgniter.php(326): CodeIgniter\CodeIgniter->handleRequest(NULL, Object(Config\Cache), false)
#8 /var/www/rddspm/public/index.php(38): CodeIgniter\CodeIgniter->run()
#9 {main}
CRITICAL - 2022-07-25 20:52:29 --> Invalid file: partials/Refresh-Dashboard-SCC.php
#0 /var/www/rddspm/system/View/View.php(198): CodeIgniter\Exceptions\FrameworkException::forInvalidFile('partials/Refres...')
#1 /var/www/rddspm/system/Common.php(1089): CodeIgniter\View\View->render('partials/Refres...', Array, true)
#2 /var/www/rddspm/app/Views/index.php(360): view('partials/Refres...')
#3 /var/www/rddspm/system/View/View.php(210): include('/var/www/rddspm...')
#4 /var/www/rddspm/system/View/View.php(213): CodeIgniter\View\View->CodeIgniter\View\{closure}()
#5 /var/www/rddspm/system/Common.php(1089): CodeIgniter\View\View->render('/index', Array, true)
#6 /var/www/rddspm/app/Controllers/DashboardSccController.php(23): view('/index', Array)
#7 /var/www/rddspm/system/CodeIgniter.php(832): App\Controllers\DashboardSccController->dashboard()
#8 /var/www/rddspm/system/CodeIgniter.php(419): CodeIgniter\CodeIgniter->runController(Object(App\Controllers\DashboardSccController))
#9 /var/www/rddspm/system/CodeIgniter.php(326): CodeIgniter\CodeIgniter->handleRequest(NULL, Object(Config\Cache), false)
#10 /var/www/rddspm/public/index.php(38): CodeIgniter\CodeIgniter->run()
#11 {main}
CRITICAL - 2022-07-25 20:53:17 --> Invalid file: partials/Refresh-Dashboard-SCC.php
#0 /var/www/rddspm/system/View/View.php(198): CodeIgniter\Exceptions\FrameworkException::forInvalidFile('partials/Refres...')
#1 /var/www/rddspm/system/Common.php(1089): CodeIgniter\View\View->render('partials/Refres...', Array, true)
#2 /var/www/rddspm/app/Views/index.php(360): view('partials/Refres...')
#3 /var/www/rddspm/system/View/View.php(210): include('/var/www/rddspm...')
#4 /var/www/rddspm/system/View/View.php(213): CodeIgniter\View\View->CodeIgniter\View\{closure}()
#5 /var/www/rddspm/system/Common.php(1089): CodeIgniter\View\View->render('/index', Array, true)
#6 /var/www/rddspm/app/Controllers/DashboardSccController.php(23): view('/index', Array)
#7 /var/www/rddspm/system/CodeIgniter.php(832): App\Controllers\DashboardSccController->dashboard()
#8 /var/www/rddspm/system/CodeIgniter.php(419): CodeIgniter\CodeIgniter->runController(Object(App\Controllers\DashboardSccController))
#9 /var/www/rddspm/system/CodeIgniter.php(326): CodeIgniter\CodeIgniter->handleRequest(NULL, Object(Config\Cache), false)
#10 /var/www/rddspm/public/index.php(38): CodeIgniter\CodeIgniter->run()
#11 {main}
CRITICAL - 2022-07-25 21:08:23 --> Invalid file: partials/refresh-dashboard.php
#0 /var/www/rddspm/system/View/View.php(198): CodeIgniter\Exceptions\FrameworkException::forInvalidFile('partials/refres...')
#1 /var/www/rddspm/system/Common.php(1089): CodeIgniter\View\View->render('partials/refres...', Array, true)
#2 /var/www/rddspm/app/Views/index.php(360): view('partials/refres...')
#3 /var/www/rddspm/system/View/View.php(210): include('/var/www/rddspm...')
#4 /var/www/rddspm/system/View/View.php(213): CodeIgniter\View\View->CodeIgniter\View\{closure}()
#5 /var/www/rddspm/system/Common.php(1089): CodeIgniter\View\View->render('/index', Array, true)
#6 /var/www/rddspm/app/Controllers/DashboardSccController.php(23): view('/index', Array)
#7 /var/www/rddspm/system/CodeIgniter.php(832): App\Controllers\DashboardSccController->dashboard()
#8 /var/www/rddspm/system/CodeIgniter.php(419): CodeIgniter\CodeIgniter->runController(Object(App\Controllers\DashboardSccController))
#9 /var/www/rddspm/system/CodeIgniter.php(326): CodeIgniter\CodeIgniter->handleRequest(NULL, Object(Config\Cache), false)
#10 /var/www/rddspm/public/index.php(38): CodeIgniter\CodeIgniter->run()
#11 {main}
CRITICAL - 2022-07-25 22:57:36 --> Invalid file: partials/refresh-scc1.php
#0 /var/www/rddspm/system/View/View.php(198): CodeIgniter\Exceptions\FrameworkException::forInvalidFile('partials/refres...')
#1 /var/www/rddspm/system/Common.php(1089): CodeIgniter\View\View->render('partials/refres...', Array, true)
#2 /var/www/rddspm/app/Views/dashboard-scc-1.php(144): view('partials/refres...')
#3 /var/www/rddspm/system/View/View.php(210): include('/var/www/rddspm...')
#4 /var/www/rddspm/system/View/View.php(213): CodeIgniter\View\View->CodeIgniter\View\{closure}()
#5 /var/www/rddspm/system/Common.php(1089): CodeIgniter\View\View->render('dashboard-scc-1', Array, true)
#6 /var/www/rddspm/app/Controllers/MonitoringSccController.php(23): view('dashboard-scc-1', Array)
#7 /var/www/rddspm/system/CodeIgniter.php(832): App\Controllers\MonitoringSccController->scc1()
#8 /var/www/rddspm/system/CodeIgniter.php(419): CodeIgniter\CodeIgniter->runController(Object(App\Controllers\MonitoringSccController))
#9 /var/www/rddspm/system/CodeIgniter.php(326): CodeIgniter\CodeIgniter->handleRequest(NULL, Object(Config\Cache), false)
#10 /var/www/rddspm/public/index.php(38): CodeIgniter\CodeIgniter->run()
#11 {main}
CRITICAL - 2022-07-25 23:12:03 --> Invalid file: partials/refresh-scc1.php
#0 /var/www/rddspm/system/View/View.php(198): CodeIgniter\Exceptions\FrameworkException::forInvalidFile('partials/refres...')
#1 /var/www/rddspm/system/Common.php(1089): CodeIgniter\View\View->render('partials/refres...', Array, true)
#2 /var/www/rddspm/app/Views/dashboard-scc-1.php(144): view('partials/refres...')
#3 /var/www/rddspm/system/View/View.php(210): include('/var/www/rddspm...')
#4 /var/www/rddspm/system/View/View.php(213): CodeIgniter\View\View->CodeIgniter\View\{closure}()
#5 /var/www/rddspm/system/Common.php(1089): CodeIgniter\View\View->render('dashboard-scc-1', Array, true)
#6 /var/www/rddspm/app/Controllers/MonitoringSccController.php(23): view('dashboard-scc-1', Array)
#7 /var/www/rddspm/system/CodeIgniter.php(832): App\Controllers\MonitoringSccController->scc1()
#8 /var/www/rddspm/system/CodeIgniter.php(419): CodeIgniter\CodeIgniter->runController(Object(App\Controllers\MonitoringSccController))
#9 /var/www/rddspm/system/CodeIgniter.php(326): CodeIgniter\CodeIgniter->handleRequest(NULL, Object(Config\Cache), false)
#10 /var/www/rddspm/public/index.php(38): CodeIgniter\CodeIgniter->run()
#11 {main}
