ERROR - 1969-12-31 18:00:20 --> Error connecting to the database: No such file or directory
CRITICAL - 1969-12-31 18:00:20 --> Unable to connect to the database.
Main connection [MySQLi]: No such file or directory
#0 /var/www/rddspm/system/Database/BaseConnection.php(577): CodeIgniter\Database\BaseConnection->initialize()
#1 /var/www/rddspm/system/Database/BaseBuilder.php(1588): CodeIgniter\Database\BaseConnection->query('SELECT *\nFROM `...', Array, false)
#2 /var/www/rddspm/app/Controllers/DashboardSccController.php(19): CodeIgniter\Database\BaseBuilder->getWhere(Array)
#3 /var/www/rddspm/system/CodeIgniter.php(832): App\Controllers\DashboardSccController->dashboard()
#4 /var/www/rddspm/system/CodeIgniter.php(419): CodeIgniter\CodeIgniter->runController(Object(App\Controllers\DashboardSccController))
#5 /var/www/rddspm/system/CodeIgniter.php(326): CodeIgniter\CodeIgniter->handleRequest(NULL, Object(Config\Cache), false)
#6 /var/www/rddspm/public/index.php(38): CodeIgniter\CodeIgniter->run()
#7 {main}
CRITICAL - 1969-12-31 18:00:20 --> Uncaught ErrorException: print_r(): Property access is not allowed yet in /var/www/rddspm/app/Views/errors/html/error_exception.php:96
Stack trace:
#0 [internal function]: CodeIgniter\Debug\Exceptions->errorHandler(2, 'print_r(): Prop...', '/var/www/rddspm...', 96, Array)
#1 /var/www/rddspm/app/Views/errors/html/error_exception.php(96): print_r(Object(App\Controllers\DashboardSccController), true)
#2 /var/www/rddspm/system/Debug/Exceptions.php(234): include('/var/www/rddspm...')
#3 /var/www/rddspm/system/Debug/Exceptions.php(237): CodeIgniter\Debug\Exceptions->CodeIgniter\Debug\{closure}()
#4 /var/www/rddspm/system/Debug/Exceptions.php(121): CodeIgniter\Debug\Exceptions->render(Object(CodeIgniter\Database\Exceptions\DatabaseException), 500)
#5 [internal function]: CodeIgniter\Debug\Exceptions->exceptionHandler(Object(CodeIgniter\Database\Exceptions\DatabaseException))
#6 {main}
  thrown
#0 [internal function]: CodeIgniter\Debug\Exceptions->shutdownHandler()
#1 {main}
